{"D:\\Code\\VSCODE\\BDCLPC\\Bambon_Fe\\config.ts": {"path":"D:\\Code\\VSCODE\\BDCLPC\\Bambon_Fe\\config.ts","statementMap":{"0":{"start":{"line":2,"column":27},"end":{"line":2,"column":63}}},"fnMap":{},"branchMap":{},"s":{"0":5},"f":{},"b":{},"_coverageSchema":"1a1c01bbd47fc00a2c39e90264f33305004495a9","hash":"c9b83b4aa7519102362ca2859c40b1de745807cc"}
,"D:\\Code\\VSCODE\\BDCLPC\\Bambon_Fe\\image.d.ts": {"path":"D:\\Code\\VSCODE\\BDCLPC\\Bambon_Fe\\image.d.ts","statementMap":{},"fnMap":{},"branchMap":{},"s":{},"f":{},"b":{}}
,"D:\\Code\\VSCODE\\BDCLPC\\Bambon_Fe\\jest.config.js": {"path":"D:\\Code\\VSCODE\\BDCLPC\\Bambon_Fe\\jest.config.js","statementMap":{"0":{"start":{"line":1,"column":0},"end":{"line":29,"column":3}}},"fnMap":{},"branchMap":{},"s":{"0":0},"f":{},"b":{}}
,"D:\\Code\\VSCODE\\BDCLPC\\Bambon_Fe\\app\\_layout.tsx": {"path":"D:\\Code\\VSCODE\\BDCLPC\\Bambon_Fe\\app\\_layout.tsx","statementMap":{"0":{"start":{"line":13,"column":0},"end":{"line":13,"column":36}},"1":{"start":{"line":16,"column":22},"end":{"line":16,"column":38}},"2":{"start":{"line":17,"column":19},"end":{"line":19,"column":4}},"3":{"start":{"line":21,"column":2},"end":{"line":25,"column":15}},"4":{"start":{"line":22,"column":4},"end":{"line":24,"column":5}},"5":{"start":{"line":23,"column":6},"end":{"line":23,"column":31}},"6":{"start":{"line":27,"column":2},"end":{"line":29,"column":3}},"7":{"start":{"line":28,"column":4},"end":{"line":28,"column":16}},"8":{"start":{"line":31,"column":2},"end":{"line":41,"column":4}}},"fnMap":{"0":{"name":"RootLayout","decl":{"start":{"line":15,"column":24},"end":{"line":15,"column":34}},"loc":{"start":{"line":15,"column":37},"end":{"line":42,"column":1}},"line":15},"1":{"name":"(anonymous_1)","decl":{"start":{"line":21,"column":12},"end":{"line":21,"column":13}},"loc":{"start":{"line":21,"column":18},"end":{"line":25,"column":3}},"line":21}},"branchMap":{"0":{"loc":{"start":{"line":22,"column":4},"end":{"line":24,"column":5}},"type":"if","locations":[{"start":{"line":22,"column":4},"end":{"line":24,"column":5}},{"start":{},"end":{}}],"line":22},"1":{"loc":{"start":{"line":27,"column":2},"end":{"line":29,"column":3}},"type":"if","locations":[{"start":{"line":27,"column":2},"end":{"line":29,"column":3}},{"start":{},"end":{}}],"line":27},"2":{"loc":{"start":{"line":32,"column":26},"end":{"line":32,"column":75}},"type":"cond-expr","locations":[{"start":{"line":32,"column":51},"end":{"line":32,"column":60}},{"start":{"line":32,"column":63},"end":{"line":32,"column":75}}],"line":32}},"s":{"0":0,"1":0,"2":0,"3":0,"4":0,"5":0,"6":0,"7":0,"8":0},"f":{"0":0,"1":0},"b":{"0":[0,0],"1":[0,0],"2":[0,0]}}
,"D:\\Code\\VSCODE\\BDCLPC\\Bambon_Fe\\app\\index.tsx": {"path":"D:\\Code\\VSCODE\\BDCLPC\\Bambon_Fe\\app\\index.tsx","statementMap":{"0":{"start":{"line":6,"column":2},"end":{"line":10,"column":4}},"1":{"start":{"line":13,"column":15},"end":{"line":18,"column":2}}},"fnMap":{"0":{"name":"Index","decl":{"start":{"line":5,"column":24},"end":{"line":5,"column":29}},"loc":{"start":{"line":5,"column":32},"end":{"line":11,"column":1}},"line":5}},"branchMap":{},"s":{"0":0,"1":0},"f":{"0":0},"b":{}}
,"D:\\Code\\VSCODE\\BDCLPC\\Bambon_Fe\\app\\splash-screen.tsx": {"path":"D:\\Code\\VSCODE\\BDCLPC\\Bambon_Fe\\app\\splash-screen.tsx","statementMap":{"0":{"start":{"line":6,"column":21},"end":{"line":30,"column":1}},"1":{"start":{"line":7,"column":19},"end":{"line":7,"column":56}},"2":{"start":{"line":9,"column":2},"end":{"line":15,"column":17}},"3":{"start":{"line":10,"column":4},"end":{"line":14,"column":15}},"4":{"start":{"line":16,"column":2},"end":{"line":29,"column":4}}},"fnMap":{"0":{"name":"(anonymous_0)","decl":{"start":{"line":6,"column":21},"end":{"line":6,"column":22}},"loc":{"start":{"line":6,"column":27},"end":{"line":30,"column":1}},"line":6},"1":{"name":"(anonymous_1)","decl":{"start":{"line":9,"column":12},"end":{"line":9,"column":13}},"loc":{"start":{"line":9,"column":18},"end":{"line":15,"column":3}},"line":9}},"branchMap":{},"s":{"0":1,"1":2,"2":2,"3":2,"4":2},"f":{"0":2,"1":2},"b":{},"_coverageSchema":"1a1c01bbd47fc00a2c39e90264f33305004495a9","hash":"634a95e63913a25e3503c1a8411d9dfcc08bb68d"}
,"D:\\Code\\VSCODE\\BDCLPC\\Bambon_Fe\\app\\(tabs)\\BudgetScreen.tsx": {"path":"D:\\Code\\VSCODE\\BDCLPC\\Bambon_Fe\\app\\(tabs)\\BudgetScreen.tsx","statementMap":{"0":{"start":{"line":24,"column":30},"end":{"line":28,"column":1}},"1":{"start":{"line":25,"column":23},"end":{"line":25,"column":51}},"2":{"start":{"line":26,"column":17},"end":{"line":26,"column":44}},"3":{"start":{"line":27,"column":2},"end":{"line":27,"column":40}},"4":{"start":{"line":31,"column":34},"end":{"line":38,"column":1}},"5":{"start":{"line":36,"column":23},"end":{"line":36,"column":51}},"6":{"start":{"line":37,"column":2},"end":{"line":37,"column":23}},"7":{"start":{"line":41,"column":37},"end":{"line":73,"column":1}},"8":{"start":{"line":46,"column":14},"end":{"line":46,"column":24}},"9":{"start":{"line":47,"column":22},"end":{"line":47,"column":35}},"10":{"start":{"line":48,"column":2},"end":{"line":48,"column":52}},"11":{"start":{"line":49,"column":2},"end":{"line":49,"column":35}},"12":{"start":{"line":51,"column":23},"end":{"line":51,"column":69}},"13":{"start":{"line":52,"column":22},"end":{"line":52,"column":55}},"14":{"start":{"line":54,"column":30},"end":{"line":54,"column":76}},"15":{"start":{"line":54,"column":55},"end":{"line":54,"column":75}},"16":{"start":{"line":56,"column":22},"end":{"line":58,"column":42}},"17":{"start":{"line":57,"column":17},"end":{"line":57,"column":48}},"18":{"start":{"line":58,"column":24},"end":{"line":58,"column":38}},"19":{"start":{"line":60,"column":23},"end":{"line":62,"column":42}},"20":{"start":{"line":61,"column":17},"end":{"line":61,"column":49}},"21":{"start":{"line":62,"column":24},"end":{"line":62,"column":38}},"22":{"start":{"line":64,"column":22},"end":{"line":66,"column":42}},"23":{"start":{"line":65,"column":17},"end":{"line":65,"column":48}},"24":{"start":{"line":66,"column":24},"end":{"line":66,"column":38}},"25":{"start":{"line":68,"column":2},"end":{"line":72,"column":5}},"26":{"start":{"line":76,"column":28},"end":{"line":122,"column":1}},"27":{"start":{"line":87,"column":2},"end":{"line":121,"column":4}},"28":{"start":{"line":96,"column":10},"end":{"line":117,"column":11}},"29":{"start":{"line":97,"column":35},"end":{"line":97,"column":56}},"30":{"start":{"line":98,"column":12},"end":{"line":98,"column":51}},"31":{"start":{"line":99,"column":12},"end":{"line":99,"column":46}},"32":{"start":{"line":101,"column":12},"end":{"line":101,"column":55}},"33":{"start":{"line":101,"column":35},"end":{"line":101,"column":55}},"34":{"start":{"line":102,"column":12},"end":{"line":102,"column":57}},"35":{"start":{"line":102,"column":36},"end":{"line":102,"column":57}},"36":{"start":{"line":103,"column":12},"end":{"line":103,"column":55}},"37":{"start":{"line":103,"column":35},"end":{"line":103,"column":55}},"38":{"start":{"line":105,"column":12},"end":{"line":110,"column":15}},"39":{"start":{"line":112,"column":12},"end":{"line":112,"column":59}},"40":{"start":{"line":113,"column":12},"end":{"line":113,"column":47}},"41":{"start":{"line":113,"column":31},"end":{"line":113,"column":47}},"42":{"start":{"line":115,"column":12},"end":{"line":115,"column":59}},"43":{"start":{"line":116,"column":12},"end":{"line":116,"column":77}},"44":{"start":{"line":125,"column":26},"end":{"line":175,"column":1}},"45":{"start":{"line":138,"column":17},"end":{"line":138,"column":94}},"46":{"start":{"line":139,"column":18},"end":{"line":139,"column":98}},"47":{"start":{"line":140,"column":17},"end":{"line":140,"column":94}},"48":{"start":{"line":142,"column":2},"end":{"line":145,"column":3}},"49":{"start":{"line":143,"column":4},"end":{"line":143,"column":75}},"50":{"start":{"line":144,"column":4},"end":{"line":144,"column":11}},"51":{"start":{"line":146,"column":2},"end":{"line":153,"column":3}},"52":{"start":{"line":151,"column":4},"end":{"line":151,"column":70}},"53":{"start":{"line":152,"column":4},"end":{"line":152,"column":11}},"54":{"start":{"line":154,"column":2},"end":{"line":174,"column":3}},"55":{"start":{"line":155,"column":4},"end":{"line":160,"column":7}},"56":{"start":{"line":161,"column":4},"end":{"line":161,"column":94}},"57":{"start":{"line":162,"column":4},"end":{"line":162,"column":62}},"58":{"start":{"line":163,"column":4},"end":{"line":168,"column":5}},"59":{"start":{"line":164,"column":6},"end":{"line":167,"column":8}},"60":{"start":{"line":169,"column":4},"end":{"line":169,"column":56}},"61":{"start":{"line":170,"column":4},"end":{"line":170,"column":39}},"62":{"start":{"line":170,"column":23},"end":{"line":170,"column":39}},"63":{"start":{"line":172,"column":4},"end":{"line":172,"column":51}},"64":{"start":{"line":173,"column":4},"end":{"line":173,"column":69}},"65":{"start":{"line":179,"column":30},"end":{"line":179,"column":59}},"66":{"start":{"line":180,"column":42},"end":{"line":180,"column":62}},"67":{"start":{"line":181,"column":44},"end":{"line":181,"column":64}},"68":{"start":{"line":182,"column":42},"end":{"line":182,"column":62}},"69":{"start":{"line":183,"column":46},"end":{"line":191,"column":4}},"70":{"start":{"line":192,"column":42},"end":{"line":200,"column":4}},"71":{"start":{"line":201,"column":52},"end":{"line":201,"column":81}},"72":{"start":{"line":203,"column":2},"end":{"line":235,"column":9}},"73":{"start":{"line":204,"column":33},"end":{"line":233,"column":5}},"74":{"start":{"line":205,"column":6},"end":{"line":232,"column":7}},"75":{"start":{"line":206,"column":29},"end":{"line":206,"column":65}},"76":{"start":{"line":207,"column":8},"end":{"line":229,"column":9}},"77":{"start":{"line":208,"column":10},"end":{"line":208,"column":34}},"78":{"start":{"line":209,"column":27},"end":{"line":209,"column":83}},"79":{"start":{"line":210,"column":10},"end":{"line":219,"column":11}},"80":{"start":{"line":211,"column":12},"end":{"line":215,"column":15}},"81":{"start":{"line":216,"column":12},"end":{"line":216,"column":74}},"82":{"start":{"line":217,"column":12},"end":{"line":217,"column":76}},"83":{"start":{"line":218,"column":12},"end":{"line":218,"column":74}},"84":{"start":{"line":220,"column":10},"end":{"line":228,"column":11}},"85":{"start":{"line":221,"column":41},"end":{"line":221,"column":103}},"86":{"start":{"line":222,"column":12},"end":{"line":225,"column":13}},"87":{"start":{"line":223,"column":14},"end":{"line":223,"column":62}},"88":{"start":{"line":224,"column":14},"end":{"line":224,"column":80}},"89":{"start":{"line":227,"column":12},"end":{"line":227,"column":70}},"90":{"start":{"line":231,"column":8},"end":{"line":231,"column":55}},"91":{"start":{"line":234,"column":4},"end":{"line":234,"column":27}},"92":{"start":{"line":237,"column":27},"end":{"line":250,"column":3}},"93":{"start":{"line":238,"column":4},"end":{"line":249,"column":6}},"94":{"start":{"line":252,"column":2},"end":{"line":395,"column":4}},"95":{"start":{"line":268,"column":35},"end":{"line":277,"column":21}},"96":{"start":{"line":296,"column":35},"end":{"line":305,"column":21}},"97":{"start":{"line":324,"column":35},"end":{"line":333,"column":21}},"98":{"start":{"line":359,"column":37},"end":{"line":359,"column":79}},"99":{"start":{"line":370,"column":37},"end":{"line":370,"column":80}},"100":{"start":{"line":381,"column":37},"end":{"line":381,"column":79}},"101":{"start":{"line":398,"column":15},"end":{"line":479,"column":2}}},"fnMap":{"0":{"name":"(anonymous_0)","decl":{"start":{"line":24,"column":30},"end":{"line":24,"column":31}},"loc":{"start":{"line":24,"column":92},"end":{"line":28,"column":1}},"line":24},"1":{"name":"(anonymous_1)","decl":{"start":{"line":31,"column":34},"end":{"line":31,"column":35}},"loc":{"start":{"line":35,"column":11},"end":{"line":38,"column":1}},"line":35},"2":{"name":"(anonymous_2)","decl":{"start":{"line":41,"column":37},"end":{"line":41,"column":38}},"loc":{"start":{"line":45,"column":11},"end":{"line":73,"column":1}},"line":45},"3":{"name":"(anonymous_3)","decl":{"start":{"line":54,"column":50},"end":{"line":54,"column":51}},"loc":{"start":{"line":54,"column":55},"end":{"line":54,"column":75}},"line":54},"4":{"name":"(anonymous_4)","decl":{"start":{"line":57,"column":12},"end":{"line":57,"column":13}},"loc":{"start":{"line":57,"column":17},"end":{"line":57,"column":48}},"line":57},"5":{"name":"(anonymous_5)","decl":{"start":{"line":58,"column":12},"end":{"line":58,"column":13}},"loc":{"start":{"line":58,"column":24},"end":{"line":58,"column":38}},"line":58},"6":{"name":"(anonymous_6)","decl":{"start":{"line":61,"column":12},"end":{"line":61,"column":13}},"loc":{"start":{"line":61,"column":17},"end":{"line":61,"column":49}},"line":61},"7":{"name":"(anonymous_7)","decl":{"start":{"line":62,"column":12},"end":{"line":62,"column":13}},"loc":{"start":{"line":62,"column":24},"end":{"line":62,"column":38}},"line":62},"8":{"name":"(anonymous_8)","decl":{"start":{"line":65,"column":12},"end":{"line":65,"column":13}},"loc":{"start":{"line":65,"column":17},"end":{"line":65,"column":48}},"line":65},"9":{"name":"(anonymous_9)","decl":{"start":{"line":66,"column":12},"end":{"line":66,"column":13}},"loc":{"start":{"line":66,"column":24},"end":{"line":66,"column":38}},"line":66},"10":{"name":"(anonymous_10)","decl":{"start":{"line":76,"column":28},"end":{"line":76,"column":29}},"loc":{"start":{"line":86,"column":11},"end":{"line":122,"column":1}},"line":86},"11":{"name":"(anonymous_11)","decl":{"start":{"line":95,"column":17},"end":{"line":95,"column":18}},"loc":{"start":{"line":95,"column":29},"end":{"line":118,"column":9}},"line":95},"12":{"name":"(anonymous_12)","decl":{"start":{"line":125,"column":26},"end":{"line":125,"column":27}},"loc":{"start":{"line":137,"column":20},"end":{"line":175,"column":1}},"line":137},"13":{"name":"BudgetScreen","decl":{"start":{"line":178,"column":24},"end":{"line":178,"column":36}},"loc":{"start":{"line":178,"column":108},"end":{"line":396,"column":1}},"line":178},"14":{"name":"(anonymous_14)","decl":{"start":{"line":203,"column":12},"end":{"line":203,"column":13}},"loc":{"start":{"line":203,"column":18},"end":{"line":235,"column":3}},"line":203},"15":{"name":"(anonymous_15)","decl":{"start":{"line":204,"column":33},"end":{"line":204,"column":34}},"loc":{"start":{"line":204,"column":45},"end":{"line":233,"column":5}},"line":204},"16":{"name":"(anonymous_16)","decl":{"start":{"line":237,"column":27},"end":{"line":237,"column":28}},"loc":{"start":{"line":237,"column":33},"end":{"line":250,"column":3}},"line":237},"17":{"name":"(anonymous_17)","decl":{"start":{"line":268,"column":29},"end":{"line":268,"column":30}},"loc":{"start":{"line":268,"column":35},"end":{"line":277,"column":21}},"line":268},"18":{"name":"(anonymous_18)","decl":{"start":{"line":296,"column":29},"end":{"line":296,"column":30}},"loc":{"start":{"line":296,"column":35},"end":{"line":305,"column":21}},"line":296},"19":{"name":"(anonymous_19)","decl":{"start":{"line":324,"column":29},"end":{"line":324,"column":30}},"loc":{"start":{"line":324,"column":35},"end":{"line":333,"column":21}},"line":324},"20":{"name":"(anonymous_20)","decl":{"start":{"line":359,"column":26},"end":{"line":359,"column":27}},"loc":{"start":{"line":359,"column":37},"end":{"line":359,"column":79}},"line":359},"21":{"name":"(anonymous_21)","decl":{"start":{"line":370,"column":26},"end":{"line":370,"column":27}},"loc":{"start":{"line":370,"column":37},"end":{"line":370,"column":80}},"line":370},"22":{"name":"(anonymous_22)","decl":{"start":{"line":381,"column":26},"end":{"line":381,"column":27}},"loc":{"start":{"line":381,"column":37},"end":{"line":381,"column":79}},"line":381}},"branchMap":{"0":{"loc":{"start":{"line":24,"column":46},"end":{"line":24,"column":79}},"type":"default-arg","locations":[{"start":{"line":24,"column":63},"end":{"line":24,"column":79}}],"line":24},"1":{"loc":{"start":{"line":26,"column":17},"end":{"line":26,"column":44}},"type":"binary-expr","locations":[{"start":{"line":26,"column":17},"end":{"line":26,"column":39}},{"start":{"line":26,"column":43},"end":{"line":26,"column":44}}],"line":26},"2":{"loc":{"start":{"line":34,"column":2},"end":{"line":34,"column":39}},"type":"default-arg","locations":[{"start":{"line":34,"column":19},"end":{"line":34,"column":39}}],"line":34},"3":{"loc":{"start":{"line":44,"column":2},"end":{"line":44,"column":42}},"type":"default-arg","locations":[{"start":{"line":44,"column":19},"end":{"line":44,"column":42}}],"line":44},"4":{"loc":{"start":{"line":85,"column":2},"end":{"line":85,"column":33}},"type":"default-arg","locations":[{"start":{"line":85,"column":19},"end":{"line":85,"column":33}}],"line":85},"5":{"loc":{"start":{"line":89,"column":43},"end":{"line":89,"column":108}},"type":"cond-expr","locations":[{"start":{"line":89,"column":63},"end":{"line":89,"column":69}},{"start":{"line":89,"column":72},"end":{"line":89,"column":108}}],"line":89},"6":{"loc":{"start":{"line":89,"column":72},"end":{"line":89,"column":108}},"type":"cond-expr","locations":[{"start":{"line":89,"column":93},"end":{"line":89,"column":100}},{"start":{"line":89,"column":103},"end":{"line":89,"column":108}}],"line":89},"7":{"loc":{"start":{"line":101,"column":12},"end":{"line":101,"column":55}},"type":"if","locations":[{"start":{"line":101,"column":12},"end":{"line":101,"column":55}},{"start":{},"end":{}}],"line":101},"8":{"loc":{"start":{"line":102,"column":12},"end":{"line":102,"column":57}},"type":"if","locations":[{"start":{"line":102,"column":12},"end":{"line":102,"column":57}},{"start":{},"end":{}}],"line":102},"9":{"loc":{"start":{"line":103,"column":12},"end":{"line":103,"column":55}},"type":"if","locations":[{"start":{"line":103,"column":12},"end":{"line":103,"column":55}},{"start":{},"end":{}}],"line":103},"10":{"loc":{"start":{"line":107,"column":28},"end":{"line":107,"column":82}},"type":"cond-expr","locations":[{"start":{"line":107,"column":48},"end":{"line":107,"column":52}},{"start":{"line":107,"column":55},"end":{"line":107,"column":82}}],"line":107},"11":{"loc":{"start":{"line":108,"column":29},"end":{"line":108,"column":85}},"type":"cond-expr","locations":[{"start":{"line":108,"column":50},"end":{"line":108,"column":54}},{"start":{"line":108,"column":57},"end":{"line":108,"column":85}}],"line":108},"12":{"loc":{"start":{"line":109,"column":28},"end":{"line":109,"column":82}},"type":"cond-expr","locations":[{"start":{"line":109,"column":48},"end":{"line":109,"column":52}},{"start":{"line":109,"column":55},"end":{"line":109,"column":82}}],"line":109},"13":{"loc":{"start":{"line":113,"column":12},"end":{"line":113,"column":47}},"type":"if","locations":[{"start":{"line":113,"column":12},"end":{"line":113,"column":47}},{"start":{},"end":{}}],"line":113},"14":{"loc":{"start":{"line":136,"column":2},"end":{"line":136,"column":31}},"type":"default-arg","locations":[{"start":{"line":136,"column":19},"end":{"line":136,"column":31}}],"line":136},"15":{"loc":{"start":{"line":138,"column":17},"end":{"line":138,"column":94}},"type":"cond-expr","locations":[{"start":{"line":138,"column":33},"end":{"line":138,"column":63}},{"start":{"line":138,"column":67},"end":{"line":138,"column":94}}],"line":138},"16":{"loc":{"start":{"line":138,"column":33},"end":{"line":138,"column":63}},"type":"binary-expr","locations":[{"start":{"line":138,"column":33},"end":{"line":138,"column":55}},{"start":{"line":138,"column":59},"end":{"line":138,"column":63}}],"line":138},"17":{"loc":{"start":{"line":139,"column":18},"end":{"line":139,"column":98}},"type":"cond-expr","locations":[{"start":{"line":139,"column":35},"end":{"line":139,"column":66}},{"start":{"line":139,"column":70},"end":{"line":139,"column":98}}],"line":139},"18":{"loc":{"start":{"line":139,"column":35},"end":{"line":139,"column":66}},"type":"binary-expr","locations":[{"start":{"line":139,"column":35},"end":{"line":139,"column":58}},{"start":{"line":139,"column":62},"end":{"line":139,"column":66}}],"line":139},"19":{"loc":{"start":{"line":140,"column":17},"end":{"line":140,"column":94}},"type":"cond-expr","locations":[{"start":{"line":140,"column":33},"end":{"line":140,"column":63}},{"start":{"line":140,"column":67},"end":{"line":140,"column":94}}],"line":140},"20":{"loc":{"start":{"line":140,"column":33},"end":{"line":140,"column":63}},"type":"binary-expr","locations":[{"start":{"line":140,"column":33},"end":{"line":140,"column":55}},{"start":{"line":140,"column":59},"end":{"line":140,"column":63}}],"line":140},"21":{"loc":{"start":{"line":142,"column":2},"end":{"line":145,"column":3}},"type":"if","locations":[{"start":{"line":142,"column":2},"end":{"line":145,"column":3}},{"start":{},"end":{}}],"line":142},"22":{"loc":{"start":{"line":142,"column":6},"end":{"line":142,"column":60}},"type":"binary-expr","locations":[{"start":{"line":142,"column":6},"end":{"line":142,"column":21}},{"start":{"line":142,"column":25},"end":{"line":142,"column":41}},{"start":{"line":142,"column":45},"end":{"line":142,"column":60}}],"line":142},"23":{"loc":{"start":{"line":146,"column":2},"end":{"line":153,"column":3}},"type":"if","locations":[{"start":{"line":146,"column":2},"end":{"line":153,"column":3}},{"start":{},"end":{}}],"line":146},"24":{"loc":{"start":{"line":147,"column":4},"end":{"line":149,"column":52}},"type":"binary-expr","locations":[{"start":{"line":147,"column":5},"end":{"line":147,"column":17}},{"start":{"line":147,"column":21},"end":{"line":147,"column":36}},{"start":{"line":147,"column":40},"end":{"line":147,"column":51}},{"start":{"line":148,"column":5},"end":{"line":148,"column":18}},{"start":{"line":148,"column":22},"end":{"line":148,"column":38}},{"start":{"line":148,"column":42},"end":{"line":148,"column":54}},{"start":{"line":149,"column":5},"end":{"line":149,"column":17}},{"start":{"line":149,"column":21},"end":{"line":149,"column":36}},{"start":{"line":149,"column":40},"end":{"line":149,"column":51}}],"line":147},"25":{"loc":{"start":{"line":163,"column":4},"end":{"line":168,"column":5}},"type":"if","locations":[{"start":{"line":163,"column":4},"end":{"line":168,"column":5}},{"start":{},"end":{}}],"line":163},"26":{"loc":{"start":{"line":163,"column":8},"end":{"line":163,"column":51}},"type":"binary-expr","locations":[{"start":{"line":163,"column":8},"end":{"line":163,"column":14}},{"start":{"line":163,"column":18},"end":{"line":163,"column":51}}],"line":163},"27":{"loc":{"start":{"line":170,"column":4},"end":{"line":170,"column":39}},"type":"if","locations":[{"start":{"line":170,"column":4},"end":{"line":170,"column":39}},{"start":{},"end":{}}],"line":170},"28":{"loc":{"start":{"line":178,"column":68},"end":{"line":178,"column":85}},"type":"default-arg","locations":[{"start":{"line":178,"column":83},"end":{"line":178,"column":85}}],"line":178},"29":{"loc":{"start":{"line":207,"column":8},"end":{"line":229,"column":9}},"type":"if","locations":[{"start":{"line":207,"column":8},"end":{"line":229,"column":9}},{"start":{},"end":{}}],"line":207},"30":{"loc":{"start":{"line":210,"column":10},"end":{"line":219,"column":11}},"type":"if","locations":[{"start":{"line":210,"column":10},"end":{"line":219,"column":11}},{"start":{},"end":{}}],"line":210},"31":{"loc":{"start":{"line":212,"column":28},"end":{"line":212,"column":62}},"type":"binary-expr","locations":[{"start":{"line":212,"column":28},"end":{"line":212,"column":54}},{"start":{"line":212,"column":58},"end":{"line":212,"column":62}}],"line":212},"32":{"loc":{"start":{"line":213,"column":29},"end":{"line":213,"column":64}},"type":"binary-expr","locations":[{"start":{"line":213,"column":29},"end":{"line":213,"column":56}},{"start":{"line":213,"column":60},"end":{"line":213,"column":64}}],"line":213},"33":{"loc":{"start":{"line":214,"column":28},"end":{"line":214,"column":62}},"type":"binary-expr","locations":[{"start":{"line":214,"column":28},"end":{"line":214,"column":54}},{"start":{"line":214,"column":58},"end":{"line":214,"column":62}}],"line":214},"34":{"loc":{"start":{"line":216,"column":28},"end":{"line":216,"column":72}},"type":"binary-expr","locations":[{"start":{"line":216,"column":28},"end":{"line":216,"column":66}},{"start":{"line":216,"column":70},"end":{"line":216,"column":72}}],"line":216},"35":{"loc":{"start":{"line":217,"column":29},"end":{"line":217,"column":74}},"type":"binary-expr","locations":[{"start":{"line":217,"column":29},"end":{"line":217,"column":68}},{"start":{"line":217,"column":72},"end":{"line":217,"column":74}}],"line":217},"36":{"loc":{"start":{"line":218,"column":28},"end":{"line":218,"column":72}},"type":"binary-expr","locations":[{"start":{"line":218,"column":28},"end":{"line":218,"column":66}},{"start":{"line":218,"column":70},"end":{"line":218,"column":72}}],"line":218},"37":{"loc":{"start":{"line":220,"column":10},"end":{"line":228,"column":11}},"type":"if","locations":[{"start":{"line":220,"column":10},"end":{"line":228,"column":11}},{"start":{"line":226,"column":17},"end":{"line":228,"column":11}}],"line":220},"38":{"loc":{"start":{"line":222,"column":12},"end":{"line":225,"column":13}},"type":"if","locations":[{"start":{"line":222,"column":12},"end":{"line":225,"column":13}},{"start":{},"end":{}}],"line":222},"39":{"loc":{"start":{"line":258,"column":9},"end":{"line":347,"column":9}},"type":"cond-expr","locations":[{"start":{"line":259,"column":10},"end":{"line":259,"column":87}},{"start":{"line":261,"column":10},"end":{"line":346,"column":13}}],"line":258},"40":{"loc":{"start":{"line":258,"column":10},"end":{"line":258,"column":127}},"type":"binary-expr","locations":[{"start":{"line":258,"column":10},"end":{"line":258,"column":46}},{"start":{"line":258,"column":50},"end":{"line":258,"column":87}},{"start":{"line":258,"column":91},"end":{"line":258,"column":127}}],"line":258},"41":{"loc":{"start":{"line":262,"column":13},"end":{"line":289,"column":13}},"type":"binary-expr","locations":[{"start":{"line":262,"column":13},"end":{"line":262,"column":49}},{"start":{"line":263,"column":14},"end":{"line":288,"column":21}}],"line":262},"42":{"loc":{"start":{"line":284,"column":18},"end":{"line":284,"column":97}},"type":"binary-expr","locations":[{"start":{"line":284,"column":18},"end":{"line":284,"column":72}},{"start":{"line":284,"column":76},"end":{"line":284,"column":97}}],"line":284},"43":{"loc":{"start":{"line":290,"column":13},"end":{"line":317,"column":13}},"type":"binary-expr","locations":[{"start":{"line":290,"column":13},"end":{"line":290,"column":50}},{"start":{"line":291,"column":14},"end":{"line":316,"column":21}}],"line":290},"44":{"loc":{"start":{"line":312,"column":18},"end":{"line":312,"column":99}},"type":"binary-expr","locations":[{"start":{"line":312,"column":18},"end":{"line":312,"column":74}},{"start":{"line":312,"column":78},"end":{"line":312,"column":99}}],"line":312},"45":{"loc":{"start":{"line":318,"column":13},"end":{"line":345,"column":13}},"type":"binary-expr","locations":[{"start":{"line":318,"column":13},"end":{"line":318,"column":49}},{"start":{"line":319,"column":14},"end":{"line":344,"column":21}}],"line":318},"46":{"loc":{"start":{"line":340,"column":18},"end":{"line":340,"column":97}},"type":"binary-expr","locations":[{"start":{"line":340,"column":18},"end":{"line":340,"column":72}},{"start":{"line":340,"column":76},"end":{"line":340,"column":97}}],"line":340},"47":{"loc":{"start":{"line":358,"column":19},"end":{"line":358,"column":67}},"type":"cond-expr","locations":[{"start":{"line":358,"column":34},"end":{"line":358,"column":62}},{"start":{"line":358,"column":65},"end":{"line":358,"column":67}}],"line":358},"48":{"loc":{"start":{"line":369,"column":19},"end":{"line":369,"column":69}},"type":"cond-expr","locations":[{"start":{"line":369,"column":35},"end":{"line":369,"column":64}},{"start":{"line":369,"column":67},"end":{"line":369,"column":69}}],"line":369},"49":{"loc":{"start":{"line":380,"column":19},"end":{"line":380,"column":67}},"type":"cond-expr","locations":[{"start":{"line":380,"column":34},"end":{"line":380,"column":62}},{"start":{"line":380,"column":65},"end":{"line":380,"column":67}}],"line":380}},"s":{"0":1,"1":5,"2":5,"3":5,"4":1,"5":3,"6":3,"7":1,"8":5,"9":5,"10":5,"11":5,"12":5,"13":5,"14":5,"15":16,"16":5,"17":12,"18":4,"19":5,"20":12,"21":8,"22":5,"23":12,"24":8,"25":5,"26":1,"27":4,"28":4,"29":4,"30":4,"31":4,"32":4,"33":2,"34":4,"35":1,"36":4,"37":1,"38":4,"39":3,"40":3,"41":3,"42":1,"43":1,"44":1,"45":6,"46":6,"47":6,"48":6,"49":1,"50":1,"51":5,"52":1,"53":1,"54":4,"55":4,"56":3,"57":3,"58":3,"59":1,"60":3,"61":3,"62":3,"63":1,"64":1,"65":0,"66":0,"67":0,"68":0,"69":0,"70":0,"71":0,"72":0,"73":0,"74":0,"75":0,"76":0,"77":0,"78":0,"79":0,"80":0,"81":0,"82":0,"83":0,"84":0,"85":0,"86":0,"87":0,"88":0,"89":0,"90":0,"91":0,"92":0,"93":0,"94":0,"95":0,"96":0,"97":0,"98":0,"99":0,"100":0,"101":1},"f":{"0":5,"1":3,"2":5,"3":16,"4":12,"5":4,"6":12,"7":8,"8":12,"9":8,"10":4,"11":4,"12":6,"13":0,"14":0,"15":0,"16":0,"17":0,"18":0,"19":0,"20":0,"21":0,"22":0},"b":{"0":[5],"1":[5,1],"2":[3],"3":[5],"4":[4],"5":[2,2],"6":[1,1],"7":[2,2],"8":[1,3],"9":[1,3],"10":[2,2],"11":[1,3],"12":[1,3],"13":[3,0],"14":[6],"15":[3,3],"16":[3,0],"17":[1,5],"18":[1,0],"19":[1,5],"20":[1,0],"21":[1,5],"22":[6,3,2],"23":[1,4],"24":[5,3,3,4,1,1,4,1,1],"25":[1,2],"26":[3,1],"27":[3,0],"28":[0],"29":[0,0],"30":[0,0],"31":[0,0],"32":[0,0],"33":[0,0],"34":[0,0],"35":[0,0],"36":[0,0],"37":[0,0],"38":[0,0],"39":[0,0],"40":[0,0,0],"41":[0,0],"42":[0,0],"43":[0,0],"44":[0,0],"45":[0,0],"46":[0,0],"47":[0,0],"48":[0,0],"49":[0,0]},"_coverageSchema":"1a1c01bbd47fc00a2c39e90264f33305004495a9","hash":"b748e7f9f528eaaf51483e6b6585d703159f00c1"}
,"D:\\Code\\VSCODE\\BDCLPC\\Bambon_Fe\\app\\(tabs)\\_layout.tsx": {"path":"D:\\Code\\VSCODE\\BDCLPC\\Bambon_Fe\\app\\(tabs)\\_layout.tsx","statementMap":{"0":{"start":{"line":10,"column":21},"end":{"line":10,"column":51}},"1":{"start":{"line":13,"column":22},"end":{"line":13,"column":38}},"2":{"start":{"line":15,"column":2},"end":{"line":104,"column":4}},"3":{"start":{"line":55,"column":14},"end":{"line":59,"column":16}},"4":{"start":{"line":68,"column":14},"end":{"line":72,"column":16}},"5":{"start":{"line":81,"column":14},"end":{"line":85,"column":16}},"6":{"start":{"line":94,"column":14},"end":{"line":98,"column":16}}},"fnMap":{"0":{"name":"TabLayout","decl":{"start":{"line":12,"column":24},"end":{"line":12,"column":33}},"loc":{"start":{"line":12,"column":36},"end":{"line":105,"column":1}},"line":12},"1":{"name":"(anonymous_1)","decl":{"start":{"line":54,"column":24},"end":{"line":54,"column":25}},"loc":{"start":{"line":55,"column":14},"end":{"line":59,"column":16}},"line":55},"2":{"name":"(anonymous_2)","decl":{"start":{"line":67,"column":24},"end":{"line":67,"column":25}},"loc":{"start":{"line":68,"column":14},"end":{"line":72,"column":16}},"line":68},"3":{"name":"(anonymous_3)","decl":{"start":{"line":80,"column":24},"end":{"line":80,"column":25}},"loc":{"start":{"line":81,"column":14},"end":{"line":85,"column":16}},"line":81},"4":{"name":"(anonymous_4)","decl":{"start":{"line":93,"column":24},"end":{"line":93,"column":25}},"loc":{"start":{"line":94,"column":14},"end":{"line":98,"column":16}},"line":94}},"branchMap":{"0":{"loc":{"start":{"line":20,"column":40},"end":{"line":20,"column":62}},"type":"binary-expr","locations":[{"start":{"line":20,"column":40},"end":{"line":20,"column":51}},{"start":{"line":20,"column":55},"end":{"line":20,"column":62}}],"line":20},"1":{"loc":{"start":{"line":56,"column":22},"end":{"line":56,"column":39}},"type":"cond-expr","locations":[{"start":{"line":56,"column":32},"end":{"line":56,"column":34}},{"start":{"line":56,"column":37},"end":{"line":56,"column":39}}],"line":56},"2":{"loc":{"start":{"line":57,"column":22},"end":{"line":57,"column":55}},"type":"cond-expr","locations":[{"start":{"line":57,"column":32},"end":{"line":57,"column":38}},{"start":{"line":57,"column":41},"end":{"line":57,"column":55}}],"line":57},"3":{"loc":{"start":{"line":69,"column":22},"end":{"line":69,"column":39}},"type":"cond-expr","locations":[{"start":{"line":69,"column":32},"end":{"line":69,"column":34}},{"start":{"line":69,"column":37},"end":{"line":69,"column":39}}],"line":69},"4":{"loc":{"start":{"line":70,"column":22},"end":{"line":70,"column":59}},"type":"cond-expr","locations":[{"start":{"line":70,"column":32},"end":{"line":70,"column":40}},{"start":{"line":70,"column":43},"end":{"line":70,"column":59}}],"line":70},"5":{"loc":{"start":{"line":82,"column":22},"end":{"line":82,"column":39}},"type":"cond-expr","locations":[{"start":{"line":82,"column":32},"end":{"line":82,"column":34}},{"start":{"line":82,"column":37},"end":{"line":82,"column":39}}],"line":82},"6":{"loc":{"start":{"line":83,"column":22},"end":{"line":83,"column":69}},"type":"cond-expr","locations":[{"start":{"line":83,"column":32},"end":{"line":83,"column":45}},{"start":{"line":83,"column":48},"end":{"line":83,"column":69}}],"line":83},"7":{"loc":{"start":{"line":95,"column":22},"end":{"line":95,"column":39}},"type":"cond-expr","locations":[{"start":{"line":95,"column":32},"end":{"line":95,"column":34}},{"start":{"line":95,"column":37},"end":{"line":95,"column":39}}],"line":95},"8":{"loc":{"start":{"line":96,"column":22},"end":{"line":96,"column":59}},"type":"cond-expr","locations":[{"start":{"line":96,"column":32},"end":{"line":96,"column":40}},{"start":{"line":96,"column":43},"end":{"line":96,"column":59}}],"line":96}},"s":{"0":0,"1":0,"2":0,"3":0,"4":0,"5":0,"6":0},"f":{"0":0,"1":0,"2":0,"3":0,"4":0},"b":{"0":[0,0],"1":[0,0],"2":[0,0],"3":[0,0],"4":[0,0],"5":[0,0],"6":[0,0],"7":[0,0],"8":[0,0]}}
,"D:\\Code\\VSCODE\\BDCLPC\\Bambon_Fe\\app\\(tabs)\\home.tsx": {"path":"D:\\Code\\VSCODE\\BDCLPC\\Bambon_Fe\\app\\(tabs)\\home.tsx","statementMap":{"0":{"start":{"line":26,"column":42},"end":{"line":26,"column":69}},"1":{"start":{"line":27,"column":32},"end":{"line":27,"column":55}},"2":{"start":{"line":28,"column":38},"end":{"line":28,"column":62}},"3":{"start":{"line":29,"column":40},"end":{"line":29,"column":64}},"4":{"start":{"line":30,"column":26},"end":{"line":30,"column":45}},"5":{"start":{"line":31,"column":32},"end":{"line":31,"column":55}},"6":{"start":{"line":32,"column":25},"end":{"line":32,"column":27}},"7":{"start":{"line":33,"column":56},"end":{"line":33,"column":90}},"8":{"start":{"line":34,"column":56},"end":{"line":34,"column":83}},"9":{"start":{"line":35,"column":34},"end":{"line":35,"column":58}},"10":{"start":{"line":36,"column":38},"end":{"line":36,"column":61}},"11":{"start":{"line":37,"column":40},"end":{"line":37,"column":63}},"12":{"start":{"line":38,"column":38},"end":{"line":38,"column":62}},"13":{"start":{"line":39,"column":36},"end":{"line":39,"column":60}},"14":{"start":{"line":40,"column":52},"end":{"line":40,"column":86}},"15":{"start":{"line":41,"column":30},"end":{"line":41,"column":59}},"16":{"start":{"line":42,"column":54},"end":{"line":42,"column":78}},"17":{"start":{"line":43,"column":62},"end":{"line":43,"column":86}},"18":{"start":{"line":44,"column":30},"end":{"line":44,"column":59}},"19":{"start":{"line":45,"column":44},"end":{"line":45,"column":138}},"20":{"start":{"line":47,"column":37},"end":{"line":76,"column":3}},"21":{"start":{"line":48,"column":4},"end":{"line":75,"column":5}},"22":{"start":{"line":49,"column":20},"end":{"line":49,"column":55}},"23":{"start":{"line":50,"column":21},"end":{"line":50,"column":57}},"24":{"start":{"line":51,"column":6},"end":{"line":51,"column":60}},"25":{"start":{"line":51,"column":19},"end":{"line":51,"column":60}},"26":{"start":{"line":53,"column":35},"end":{"line":53,"column":134}},"27":{"start":{"line":55,"column":6},"end":{"line":59,"column":7}},"28":{"start":{"line":56,"column":8},"end":{"line":56,"column":51}},"29":{"start":{"line":58,"column":8},"end":{"line":58,"column":73}},"30":{"start":{"line":58,"column":32},"end":{"line":58,"column":71}},"31":{"start":{"line":61,"column":6},"end":{"line":61,"column":70}},"32":{"start":{"line":63,"column":6},"end":{"line":68,"column":7}},"33":{"start":{"line":64,"column":31},"end":{"line":64,"column":81}},"34":{"start":{"line":65,"column":8},"end":{"line":67,"column":9}},"35":{"start":{"line":66,"column":10},"end":{"line":66,"column":48}},"36":{"start":{"line":70,"column":6},"end":{"line":70,"column":51}},"37":{"start":{"line":72,"column":6},"end":{"line":72,"column":24}},"38":{"start":{"line":73,"column":6},"end":{"line":73,"column":27}},"39":{"start":{"line":74,"column":6},"end":{"line":74,"column":28}},"40":{"start":{"line":78,"column":35},"end":{"line":104,"column":3}},"41":{"start":{"line":79,"column":16},"end":{"line":79,"column":26}},"42":{"start":{"line":80,"column":4},"end":{"line":103,"column":7}},"43":{"start":{"line":81,"column":30},"end":{"line":81,"column":46}},"44":{"start":{"line":82,"column":6},"end":{"line":102,"column":7}},"45":{"start":{"line":84,"column":10},"end":{"line":88,"column":12}},"46":{"start":{"line":90,"column":30},"end":{"line":90,"column":43}},"47":{"start":{"line":91,"column":10},"end":{"line":91,"column":60}},"48":{"start":{"line":92,"column":10},"end":{"line":92,"column":48}},"49":{"start":{"line":94,"column":10},"end":{"line":97,"column":12}},"50":{"start":{"line":99,"column":10},"end":{"line":99,"column":69}},"51":{"start":{"line":101,"column":10},"end":{"line":101,"column":22}},"52":{"start":{"line":106,"column":31},"end":{"line":111,"column":4}},"53":{"start":{"line":107,"column":4},"end":{"line":107,"column":47}},"54":{"start":{"line":107,"column":35},"end":{"line":107,"column":47}},"55":{"start":{"line":108,"column":4},"end":{"line":108,"column":48}},"56":{"start":{"line":108,"column":20},"end":{"line":108,"column":48}},"57":{"start":{"line":109,"column":4},"end":{"line":109,"column":48}},"58":{"start":{"line":109,"column":21},"end":{"line":109,"column":48}},"59":{"start":{"line":110,"column":4},"end":{"line":110,"column":17}},"60":{"start":{"line":113,"column":2},"end":{"line":115,"column":9}},"61":{"start":{"line":114,"column":4},"end":{"line":114,"column":33}},"62":{"start":{"line":117,"column":2},"end":{"line":147,"column":94}},"63":{"start":{"line":118,"column":4},"end":{"line":146,"column":5}},"64":{"start":{"line":119,"column":27},"end":{"line":124,"column":8}},"65":{"start":{"line":120,"column":8},"end":{"line":120,"column":51}},"66":{"start":{"line":120,"column":39},"end":{"line":120,"column":51}},"67":{"start":{"line":121,"column":8},"end":{"line":121,"column":52}},"68":{"start":{"line":121,"column":24},"end":{"line":121,"column":52}},"69":{"start":{"line":122,"column":8},"end":{"line":122,"column":52}},"70":{"start":{"line":122,"column":25},"end":{"line":122,"column":52}},"71":{"start":{"line":123,"column":8},"end":{"line":123,"column":21}},"72":{"start":{"line":126,"column":6},"end":{"line":130,"column":7}},"73":{"start":{"line":127,"column":8},"end":{"line":127,"column":45}},"74":{"start":{"line":129,"column":8},"end":{"line":129,"column":57}},"75":{"start":{"line":131,"column":6},"end":{"line":131,"column":43}},"76":{"start":{"line":133,"column":6},"end":{"line":145,"column":7}},"77":{"start":{"line":134,"column":29},"end":{"line":136,"column":48}},"78":{"start":{"line":135,"column":25},"end":{"line":135,"column":45}},"79":{"start":{"line":136,"column":30},"end":{"line":136,"column":44}},"80":{"start":{"line":137,"column":32},"end":{"line":137,"column":44}},"81":{"start":{"line":138,"column":8},"end":{"line":144,"column":9}},"82":{"start":{"line":139,"column":10},"end":{"line":143,"column":12}},"83":{"start":{"line":142,"column":42},"end":{"line":142,"column":69}},"84":{"start":{"line":149,"column":20},"end":{"line":153,"column":3}},"85":{"start":{"line":150,"column":4},"end":{"line":150,"column":24}},"86":{"start":{"line":151,"column":4},"end":{"line":151,"column":15}},"87":{"start":{"line":152,"column":4},"end":{"line":152,"column":40}},"88":{"start":{"line":155,"column":31},"end":{"line":162,"column":3}},"89":{"start":{"line":156,"column":4},"end":{"line":161,"column":5}},"90":{"start":{"line":157,"column":6},"end":{"line":157,"column":27}},"91":{"start":{"line":158,"column":23},"end":{"line":158,"column":31}},"92":{"start":{"line":159,"column":6},"end":{"line":159,"column":24}},"93":{"start":{"line":160,"column":6},"end":{"line":160,"column":43}},"94":{"start":{"line":164,"column":22},"end":{"line":166,"column":42}},"95":{"start":{"line":165,"column":19},"end":{"line":165,"column":38}},"96":{"start":{"line":166,"column":24},"end":{"line":166,"column":38}},"97":{"start":{"line":168,"column":23},"end":{"line":170,"column":42}},"98":{"start":{"line":169,"column":19},"end":{"line":169,"column":39}},"99":{"start":{"line":170,"column":24},"end":{"line":170,"column":38}},"100":{"start":{"line":172,"column":18},"end":{"line":172,"column":77}},"101":{"start":{"line":174,"column":33},"end":{"line":178,"column":3}},"102":{"start":{"line":175,"column":4},"end":{"line":175,"column":40}},"103":{"start":{"line":176,"column":4},"end":{"line":176,"column":77}},"104":{"start":{"line":177,"column":4},"end":{"line":177,"column":24}},"105":{"start":{"line":180,"column":21},"end":{"line":183,"column":3}},"106":{"start":{"line":181,"column":4},"end":{"line":181,"column":33}},"107":{"start":{"line":182,"column":4},"end":{"line":182,"column":24}},"108":{"start":{"line":185,"column":31},"end":{"line":187,"column":3}},"109":{"start":{"line":186,"column":4},"end":{"line":186,"column":31}},"110":{"start":{"line":189,"column":23},"end":{"line":192,"column":3}},"111":{"start":{"line":191,"column":4},"end":{"line":191,"column":31}},"112":{"start":{"line":194,"column":24},"end":{"line":197,"column":3}},"113":{"start":{"line":195,"column":4},"end":{"line":195,"column":33}},"114":{"start":{"line":199,"column":28},"end":{"line":218,"column":3}},"115":{"start":{"line":200,"column":4},"end":{"line":217,"column":5}},"116":{"start":{"line":201,"column":6},"end":{"line":201,"column":37}},"117":{"start":{"line":201,"column":30},"end":{"line":201,"column":37}},"118":{"start":{"line":202,"column":23},"end":{"line":205,"column":7}},"119":{"start":{"line":206,"column":33},"end":{"line":206,"column":46}},"120":{"start":{"line":207,"column":6},"end":{"line":209,"column":8}},"121":{"start":{"line":208,"column":8},"end":{"line":208,"column":84}},"122":{"start":{"line":208,"column":25},"end":{"line":208,"column":82}},"123":{"start":{"line":210,"column":6},"end":{"line":210,"column":49}},"124":{"start":{"line":211,"column":6},"end":{"line":211,"column":26}},"125":{"start":{"line":212,"column":6},"end":{"line":212,"column":63}},"126":{"start":{"line":213,"column":6},"end":{"line":213,"column":35}},"127":{"start":{"line":215,"column":6},"end":{"line":215,"column":53}},"128":{"start":{"line":216,"column":6},"end":{"line":216,"column":76}},"129":{"start":{"line":220,"column":28},"end":{"line":244,"column":3}},"130":{"start":{"line":221,"column":4},"end":{"line":243,"column":6}},"131":{"start":{"line":230,"column":12},"end":{"line":239,"column":13}},"132":{"start":{"line":231,"column":14},"end":{"line":231,"column":81}},"133":{"start":{"line":232,"column":14},"end":{"line":232,"column":85}},"134":{"start":{"line":232,"column":40},"end":{"line":232,"column":83}},"135":{"start":{"line":232,"column":59},"end":{"line":232,"column":82}},"136":{"start":{"line":233,"column":14},"end":{"line":233,"column":43}},"137":{"start":{"line":234,"column":14},"end":{"line":234,"column":66}},"138":{"start":{"line":235,"column":14},"end":{"line":235,"column":43}},"139":{"start":{"line":237,"column":14},"end":{"line":237,"column":61}},"140":{"start":{"line":238,"column":14},"end":{"line":238,"column":79}},"141":{"start":{"line":246,"column":18},"end":{"line":252,"column":3}},"142":{"start":{"line":247,"column":4},"end":{"line":247,"column":35}},"143":{"start":{"line":247,"column":28},"end":{"line":247,"column":35}},"144":{"start":{"line":248,"column":4},"end":{"line":251,"column":7}},"145":{"start":{"line":254,"column":21},"end":{"line":258,"column":3}},"146":{"start":{"line":255,"column":4},"end":{"line":255,"column":35}},"147":{"start":{"line":255,"column":28},"end":{"line":255,"column":35}},"148":{"start":{"line":256,"column":21},"end":{"line":256,"column":81}},"149":{"start":{"line":256,"column":63},"end":{"line":256,"column":74}},"150":{"start":{"line":257,"column":4},"end":{"line":257,"column":68}},"151":{"start":{"line":260,"column":21},"end":{"line":265,"column":3}},"152":{"start":{"line":261,"column":4},"end":{"line":261,"column":35}},"153":{"start":{"line":261,"column":28},"end":{"line":261,"column":35}},"154":{"start":{"line":262,"column":21},"end":{"line":262,"column":57}},"155":{"start":{"line":263,"column":4},"end":{"line":263,"column":61}},"156":{"start":{"line":264,"column":4},"end":{"line":264,"column":68}},"157":{"start":{"line":267,"column":2},"end":{"line":360,"column":4}},"158":{"start":{"line":299,"column":35},"end":{"line":299,"column":66}},"159":{"start":{"line":302,"column":50},"end":{"line":307,"column":13}},"160":{"start":{"line":314,"column":47},"end":{"line":314,"column":73}},"161":{"start":{"line":337,"column":26},"end":{"line":337,"column":44}},"162":{"start":{"line":340,"column":28},"end":{"line":340,"column":47}},"163":{"start":{"line":349,"column":27},"end":{"line":349,"column":59}},"164":{"start":{"line":353,"column":14},"end":{"line":353,"column":50}}},"fnMap":{"0":{"name":"HomeScreen","decl":{"start":{"line":25,"column":24},"end":{"line":25,"column":34}},"loc":{"start":{"line":25,"column":68},"end":{"line":361,"column":1}},"line":25},"1":{"name":"(anonymous_1)","decl":{"start":{"line":47,"column":37},"end":{"line":47,"column":38}},"loc":{"start":{"line":47,"column":86},"end":{"line":76,"column":3}},"line":47},"2":{"name":"(anonymous_2)","decl":{"start":{"line":58,"column":24},"end":{"line":58,"column":25}},"loc":{"start":{"line":58,"column":32},"end":{"line":58,"column":71}},"line":58},"3":{"name":"(anonymous_3)","decl":{"start":{"line":78,"column":35},"end":{"line":78,"column":36}},"loc":{"start":{"line":78,"column":68},"end":{"line":104,"column":3}},"line":78},"4":{"name":"(anonymous_4)","decl":{"start":{"line":80,"column":31},"end":{"line":80,"column":32}},"loc":{"start":{"line":80,"column":38},"end":{"line":103,"column":5}},"line":80},"5":{"name":"(anonymous_5)","decl":{"start":{"line":106,"column":77},"end":{"line":106,"column":78}},"loc":{"start":{"line":106,"column":84},"end":{"line":111,"column":3}},"line":106},"6":{"name":"(anonymous_6)","decl":{"start":{"line":113,"column":12},"end":{"line":113,"column":13}},"loc":{"start":{"line":113,"column":18},"end":{"line":115,"column":3}},"line":113},"7":{"name":"(anonymous_7)","decl":{"start":{"line":117,"column":12},"end":{"line":117,"column":13}},"loc":{"start":{"line":117,"column":18},"end":{"line":147,"column":3}},"line":117},"8":{"name":"(anonymous_8)","decl":{"start":{"line":119,"column":73},"end":{"line":119,"column":74}},"loc":{"start":{"line":119,"column":80},"end":{"line":124,"column":7}},"line":119},"9":{"name":"(anonymous_9)","decl":{"start":{"line":135,"column":18},"end":{"line":135,"column":19}},"loc":{"start":{"line":135,"column":25},"end":{"line":135,"column":45}},"line":135},"10":{"name":"(anonymous_10)","decl":{"start":{"line":136,"column":18},"end":{"line":136,"column":19}},"loc":{"start":{"line":136,"column":30},"end":{"line":136,"column":44}},"line":136},"11":{"name":"(anonymous_11)","decl":{"start":{"line":142,"column":36},"end":{"line":142,"column":37}},"loc":{"start":{"line":142,"column":42},"end":{"line":142,"column":69}},"line":142},"12":{"name":"(anonymous_12)","decl":{"start":{"line":149,"column":20},"end":{"line":149,"column":21}},"loc":{"start":{"line":149,"column":26},"end":{"line":153,"column":3}},"line":149},"13":{"name":"(anonymous_13)","decl":{"start":{"line":155,"column":31},"end":{"line":155,"column":32}},"loc":{"start":{"line":155,"column":37},"end":{"line":162,"column":3}},"line":155},"14":{"name":"(anonymous_14)","decl":{"start":{"line":165,"column":12},"end":{"line":165,"column":13}},"loc":{"start":{"line":165,"column":19},"end":{"line":165,"column":38}},"line":165},"15":{"name":"(anonymous_15)","decl":{"start":{"line":166,"column":12},"end":{"line":166,"column":13}},"loc":{"start":{"line":166,"column":24},"end":{"line":166,"column":38}},"line":166},"16":{"name":"(anonymous_16)","decl":{"start":{"line":169,"column":12},"end":{"line":169,"column":13}},"loc":{"start":{"line":169,"column":19},"end":{"line":169,"column":39}},"line":169},"17":{"name":"(anonymous_17)","decl":{"start":{"line":170,"column":12},"end":{"line":170,"column":13}},"loc":{"start":{"line":170,"column":24},"end":{"line":170,"column":38}},"line":170},"18":{"name":"(anonymous_18)","decl":{"start":{"line":174,"column":33},"end":{"line":174,"column":34}},"loc":{"start":{"line":174,"column":63},"end":{"line":178,"column":3}},"line":174},"19":{"name":"(anonymous_19)","decl":{"start":{"line":180,"column":21},"end":{"line":180,"column":22}},"loc":{"start":{"line":180,"column":27},"end":{"line":183,"column":3}},"line":180},"20":{"name":"(anonymous_20)","decl":{"start":{"line":185,"column":31},"end":{"line":185,"column":32}},"loc":{"start":{"line":185,"column":37},"end":{"line":187,"column":3}},"line":185},"21":{"name":"(anonymous_21)","decl":{"start":{"line":189,"column":23},"end":{"line":189,"column":24}},"loc":{"start":{"line":189,"column":29},"end":{"line":192,"column":3}},"line":189},"22":{"name":"(anonymous_22)","decl":{"start":{"line":194,"column":24},"end":{"line":194,"column":25}},"loc":{"start":{"line":194,"column":30},"end":{"line":197,"column":3}},"line":194},"23":{"name":"(anonymous_23)","decl":{"start":{"line":199,"column":28},"end":{"line":199,"column":29}},"loc":{"start":{"line":199,"column":40},"end":{"line":218,"column":3}},"line":199},"24":{"name":"(anonymous_24)","decl":{"start":{"line":207,"column":22},"end":{"line":207,"column":23}},"loc":{"start":{"line":208,"column":8},"end":{"line":208,"column":84}},"line":208},"25":{"name":"(anonymous_25)","decl":{"start":{"line":208,"column":17},"end":{"line":208,"column":18}},"loc":{"start":{"line":208,"column":25},"end":{"line":208,"column":82}},"line":208},"26":{"name":"(anonymous_26)","decl":{"start":{"line":220,"column":28},"end":{"line":220,"column":29}},"loc":{"start":{"line":220,"column":61},"end":{"line":244,"column":3}},"line":220},"27":{"name":"(anonymous_27)","decl":{"start":{"line":229,"column":19},"end":{"line":229,"column":20}},"loc":{"start":{"line":229,"column":31},"end":{"line":240,"column":11}},"line":229},"28":{"name":"(anonymous_28)","decl":{"start":{"line":232,"column":30},"end":{"line":232,"column":31}},"loc":{"start":{"line":232,"column":40},"end":{"line":232,"column":83}},"line":232},"29":{"name":"(anonymous_29)","decl":{"start":{"line":232,"column":52},"end":{"line":232,"column":53}},"loc":{"start":{"line":232,"column":59},"end":{"line":232,"column":82}},"line":232},"30":{"name":"(anonymous_30)","decl":{"start":{"line":246,"column":18},"end":{"line":246,"column":19}},"loc":{"start":{"line":246,"column":24},"end":{"line":252,"column":3}},"line":246},"31":{"name":"(anonymous_31)","decl":{"start":{"line":254,"column":21},"end":{"line":254,"column":22}},"loc":{"start":{"line":254,"column":40},"end":{"line":258,"column":3}},"line":254},"32":{"name":"(anonymous_32)","decl":{"start":{"line":256,"column":53},"end":{"line":256,"column":54}},"loc":{"start":{"line":256,"column":63},"end":{"line":256,"column":74}},"line":256},"33":{"name":"(anonymous_33)","decl":{"start":{"line":260,"column":21},"end":{"line":260,"column":22}},"loc":{"start":{"line":260,"column":79},"end":{"line":265,"column":3}},"line":260},"34":{"name":"(anonymous_34)","decl":{"start":{"line":299,"column":29},"end":{"line":299,"column":30}},"loc":{"start":{"line":299,"column":35},"end":{"line":299,"column":66}},"line":299},"35":{"name":"(anonymous_35)","decl":{"start":{"line":302,"column":44},"end":{"line":302,"column":45}},"loc":{"start":{"line":302,"column":50},"end":{"line":307,"column":13}},"line":302},"36":{"name":"(anonymous_36)","decl":{"start":{"line":314,"column":41},"end":{"line":314,"column":42}},"loc":{"start":{"line":314,"column":47},"end":{"line":314,"column":73}},"line":314},"37":{"name":"(anonymous_37)","decl":{"start":{"line":337,"column":20},"end":{"line":337,"column":21}},"loc":{"start":{"line":337,"column":26},"end":{"line":337,"column":44}},"line":337},"38":{"name":"(anonymous_38)","decl":{"start":{"line":340,"column":22},"end":{"line":340,"column":23}},"loc":{"start":{"line":340,"column":28},"end":{"line":340,"column":47}},"line":340},"39":{"name":"(anonymous_39)","decl":{"start":{"line":349,"column":21},"end":{"line":349,"column":22}},"loc":{"start":{"line":349,"column":27},"end":{"line":349,"column":59}},"line":349},"40":{"name":"(anonymous_40)","decl":{"start":{"line":352,"column":27},"end":{"line":352,"column":28}},"loc":{"start":{"line":352,"column":33},"end":{"line":354,"column":13}},"line":352}},"branchMap":{"0":{"loc":{"start":{"line":47,"column":44},"end":{"line":47,"column":58}},"type":"default-arg","locations":[{"start":{"line":47,"column":57},"end":{"line":47,"column":58}}],"line":47},"1":{"loc":{"start":{"line":47,"column":60},"end":{"line":47,"column":81}},"type":"default-arg","locations":[{"start":{"line":47,"column":76},"end":{"line":47,"column":81}}],"line":47},"2":{"loc":{"start":{"line":51,"column":6},"end":{"line":51,"column":60}},"type":"if","locations":[{"start":{"line":51,"column":6},"end":{"line":51,"column":60}},{"start":{},"end":{}}],"line":51},"3":{"loc":{"start":{"line":55,"column":6},"end":{"line":59,"column":7}},"type":"if","locations":[{"start":{"line":55,"column":6},"end":{"line":59,"column":7}},{"start":{"line":57,"column":13},"end":{"line":59,"column":7}}],"line":55},"4":{"loc":{"start":{"line":63,"column":6},"end":{"line":68,"column":7}},"type":"if","locations":[{"start":{"line":63,"column":6},"end":{"line":68,"column":7}},{"start":{},"end":{}}],"line":63},"5":{"loc":{"start":{"line":65,"column":8},"end":{"line":67,"column":9}},"type":"if","locations":[{"start":{"line":65,"column":8},"end":{"line":67,"column":9}},{"start":{},"end":{}}],"line":65},"6":{"loc":{"start":{"line":82,"column":6},"end":{"line":102,"column":7}},"type":"switch","locations":[{"start":{"line":83,"column":8},"end":{"line":88,"column":12}},{"start":{"line":89,"column":8},"end":{"line":92,"column":48}},{"start":{"line":93,"column":8},"end":{"line":97,"column":12}},{"start":{"line":98,"column":8},"end":{"line":99,"column":69}},{"start":{"line":100,"column":8},"end":{"line":101,"column":22}}],"line":82},"7":{"loc":{"start":{"line":85,"column":12},"end":{"line":87,"column":63}},"type":"binary-expr","locations":[{"start":{"line":85,"column":12},"end":{"line":85,"column":55}},{"start":{"line":86,"column":12},"end":{"line":86,"column":57}},{"start":{"line":87,"column":12},"end":{"line":87,"column":63}}],"line":85},"8":{"loc":{"start":{"line":95,"column":12},"end":{"line":96,"column":63}},"type":"binary-expr","locations":[{"start":{"line":95,"column":12},"end":{"line":95,"column":57}},{"start":{"line":96,"column":12},"end":{"line":96,"column":63}}],"line":95},"9":{"loc":{"start":{"line":107,"column":4},"end":{"line":107,"column":47}},"type":"if","locations":[{"start":{"line":107,"column":4},"end":{"line":107,"column":47}},{"start":{},"end":{}}],"line":107},"10":{"loc":{"start":{"line":107,"column":8},"end":{"line":107,"column":33}},"type":"binary-expr","locations":[{"start":{"line":107,"column":8},"end":{"line":107,"column":18}},{"start":{"line":107,"column":22},"end":{"line":107,"column":33}}],"line":107},"11":{"loc":{"start":{"line":108,"column":4},"end":{"line":108,"column":48}},"type":"if","locations":[{"start":{"line":108,"column":4},"end":{"line":108,"column":48}},{"start":{},"end":{}}],"line":108},"12":{"loc":{"start":{"line":109,"column":4},"end":{"line":109,"column":48}},"type":"if","locations":[{"start":{"line":109,"column":4},"end":{"line":109,"column":48}},{"start":{},"end":{}}],"line":109},"13":{"loc":{"start":{"line":118,"column":4},"end":{"line":146,"column":5}},"type":"if","locations":[{"start":{"line":118,"column":4},"end":{"line":146,"column":5}},{"start":{},"end":{}}],"line":118},"14":{"loc":{"start":{"line":120,"column":8},"end":{"line":120,"column":51}},"type":"if","locations":[{"start":{"line":120,"column":8},"end":{"line":120,"column":51}},{"start":{},"end":{}}],"line":120},"15":{"loc":{"start":{"line":120,"column":12},"end":{"line":120,"column":37}},"type":"binary-expr","locations":[{"start":{"line":120,"column":12},"end":{"line":120,"column":22}},{"start":{"line":120,"column":26},"end":{"line":120,"column":37}}],"line":120},"16":{"loc":{"start":{"line":121,"column":8},"end":{"line":121,"column":52}},"type":"if","locations":[{"start":{"line":121,"column":8},"end":{"line":121,"column":52}},{"start":{},"end":{}}],"line":121},"17":{"loc":{"start":{"line":122,"column":8},"end":{"line":122,"column":52}},"type":"if","locations":[{"start":{"line":122,"column":8},"end":{"line":122,"column":52}},{"start":{},"end":{}}],"line":122},"18":{"loc":{"start":{"line":126,"column":6},"end":{"line":130,"column":7}},"type":"if","locations":[{"start":{"line":126,"column":6},"end":{"line":130,"column":7}},{"start":{"line":128,"column":13},"end":{"line":130,"column":7}}],"line":126},"19":{"loc":{"start":{"line":133,"column":6},"end":{"line":145,"column":7}},"type":"if","locations":[{"start":{"line":133,"column":6},"end":{"line":145,"column":7}},{"start":{},"end":{}}],"line":133},"20":{"loc":{"start":{"line":133,"column":10},"end":{"line":133,"column":39}},"type":"binary-expr","locations":[{"start":{"line":133,"column":10},"end":{"line":133,"column":16}},{"start":{"line":133,"column":20},"end":{"line":133,"column":39}}],"line":133},"21":{"loc":{"start":{"line":138,"column":8},"end":{"line":144,"column":9}},"type":"if","locations":[{"start":{"line":138,"column":8},"end":{"line":144,"column":9}},{"start":{},"end":{}}],"line":138},"22":{"loc":{"start":{"line":156,"column":4},"end":{"line":161,"column":5}},"type":"if","locations":[{"start":{"line":156,"column":4},"end":{"line":161,"column":5}},{"start":{},"end":{}}],"line":156},"23":{"loc":{"start":{"line":156,"column":8},"end":{"line":156,"column":31}},"type":"binary-expr","locations":[{"start":{"line":156,"column":8},"end":{"line":156,"column":20}},{"start":{"line":156,"column":24},"end":{"line":156,"column":31}}],"line":156},"24":{"loc":{"start":{"line":172,"column":18},"end":{"line":172,"column":77}},"type":"cond-expr","locations":[{"start":{"line":172,"column":27},"end":{"line":172,"column":48}},{"start":{"line":172,"column":51},"end":{"line":172,"column":77}}],"line":172},"25":{"loc":{"start":{"line":176,"column":50},"end":{"line":176,"column":73}},"type":"binary-expr","locations":[{"start":{"line":176,"column":50},"end":{"line":176,"column":67}},{"start":{"line":176,"column":71},"end":{"line":176,"column":73}}],"line":176},"26":{"loc":{"start":{"line":201,"column":6},"end":{"line":201,"column":37}},"type":"if","locations":[{"start":{"line":201,"column":6},"end":{"line":201,"column":37}},{"start":{},"end":{}}],"line":201},"27":{"loc":{"start":{"line":208,"column":25},"end":{"line":208,"column":82}},"type":"cond-expr","locations":[{"start":{"line":208,"column":60},"end":{"line":208,"column":78}},{"start":{"line":208,"column":81},"end":{"line":208,"column":82}}],"line":208},"28":{"loc":{"start":{"line":247,"column":4},"end":{"line":247,"column":35}},"type":"if","locations":[{"start":{"line":247,"column":4},"end":{"line":247,"column":35}},{"start":{},"end":{}}],"line":247},"29":{"loc":{"start":{"line":250,"column":18},"end":{"line":250,"column":47}},"type":"binary-expr","locations":[{"start":{"line":250,"column":18},"end":{"line":250,"column":41}},{"start":{"line":250,"column":45},"end":{"line":250,"column":47}}],"line":250},"30":{"loc":{"start":{"line":255,"column":4},"end":{"line":255,"column":35}},"type":"if","locations":[{"start":{"line":255,"column":4},"end":{"line":255,"column":35}},{"start":{},"end":{}}],"line":255},"31":{"loc":{"start":{"line":256,"column":21},"end":{"line":256,"column":81}},"type":"binary-expr","locations":[{"start":{"line":256,"column":21},"end":{"line":256,"column":75}},{"start":{"line":256,"column":79},"end":{"line":256,"column":81}}],"line":256},"32":{"loc":{"start":{"line":261,"column":4},"end":{"line":261,"column":35}},"type":"if","locations":[{"start":{"line":261,"column":4},"end":{"line":261,"column":35}},{"start":{},"end":{}}],"line":261},"33":{"loc":{"start":{"line":262,"column":26},"end":{"line":262,"column":55}},"type":"binary-expr","locations":[{"start":{"line":262,"column":26},"end":{"line":262,"column":49}},{"start":{"line":262,"column":53},"end":{"line":262,"column":55}}],"line":262},"34":{"loc":{"start":{"line":270,"column":7},"end":{"line":358,"column":7}},"type":"cond-expr","locations":[{"start":{"line":271,"column":8},"end":{"line":276,"column":10}},{"start":{"line":278,"column":8},"end":{"line":357,"column":21}}],"line":270},"35":{"loc":{"start":{"line":315,"column":51},"end":{"line":315,"column":86}},"type":"cond-expr","locations":[{"start":{"line":315,"column":64},"end":{"line":315,"column":73}},{"start":{"line":315,"column":76},"end":{"line":315,"column":86}}],"line":315}},"s":{"0":0,"1":0,"2":0,"3":0,"4":0,"5":0,"6":0,"7":0,"8":0,"9":0,"10":0,"11":0,"12":0,"13":0,"14":0,"15":0,"16":0,"17":0,"18":0,"19":0,"20":0,"21":0,"22":0,"23":0,"24":0,"25":0,"26":0,"27":0,"28":0,"29":0,"30":0,"31":0,"32":0,"33":0,"34":0,"35":0,"36":0,"37":0,"38":0,"39":0,"40":0,"41":0,"42":0,"43":0,"44":0,"45":0,"46":0,"47":0,"48":0,"49":0,"50":0,"51":0,"52":0,"53":0,"54":0,"55":0,"56":0,"57":0,"58":0,"59":0,"60":0,"61":0,"62":0,"63":0,"64":0,"65":0,"66":0,"67":0,"68":0,"69":0,"70":0,"71":0,"72":0,"73":0,"74":0,"75":0,"76":0,"77":0,"78":0,"79":0,"80":0,"81":0,"82":0,"83":0,"84":0,"85":0,"86":0,"87":0,"88":0,"89":0,"90":0,"91":0,"92":0,"93":0,"94":0,"95":0,"96":0,"97":0,"98":0,"99":0,"100":0,"101":0,"102":0,"103":0,"104":0,"105":0,"106":0,"107":0,"108":0,"109":0,"110":0,"111":0,"112":0,"113":0,"114":0,"115":0,"116":0,"117":0,"118":0,"119":0,"120":0,"121":0,"122":0,"123":0,"124":0,"125":0,"126":0,"127":0,"128":0,"129":0,"130":0,"131":0,"132":0,"133":0,"134":0,"135":0,"136":0,"137":0,"138":0,"139":0,"140":0,"141":0,"142":0,"143":0,"144":0,"145":0,"146":0,"147":0,"148":0,"149":0,"150":0,"151":0,"152":0,"153":0,"154":0,"155":0,"156":0,"157":0,"158":0,"159":0,"160":0,"161":0,"162":0,"163":0,"164":0},"f":{"0":0,"1":0,"2":0,"3":0,"4":0,"5":0,"6":0,"7":0,"8":0,"9":0,"10":0,"11":0,"12":0,"13":0,"14":0,"15":0,"16":0,"17":0,"18":0,"19":0,"20":0,"21":0,"22":0,"23":0,"24":0,"25":0,"26":0,"27":0,"28":0,"29":0,"30":0,"31":0,"32":0,"33":0,"34":0,"35":0,"36":0,"37":0,"38":0,"39":0,"40":0},"b":{"0":[0],"1":[0],"2":[0,0],"3":[0,0],"4":[0,0],"5":[0,0],"6":[0,0,0,0,0],"7":[0,0,0],"8":[0,0],"9":[0,0],"10":[0,0],"11":[0,0],"12":[0,0],"13":[0,0],"14":[0,0],"15":[0,0],"16":[0,0],"17":[0,0],"18":[0,0],"19":[0,0],"20":[0,0],"21":[0,0],"22":[0,0],"23":[0,0],"24":[0,0],"25":[0,0],"26":[0,0],"27":[0,0],"28":[0,0],"29":[0,0],"30":[0,0],"31":[0,0],"32":[0,0],"33":[0,0],"34":[0,0],"35":[0,0]}}
,"D:\\Code\\VSCODE\\BDCLPC\\Bambon_Fe\\app\\(tabs)\\scan.tsx": {"path":"D:\\Code\\VSCODE\\BDCLPC\\Bambon_Fe\\app\\(tabs)\\scan.tsx","statementMap":{"0":{"start":{"line":12,"column":19},"end":{"line":168,"column":1}},"1":{"start":{"line":13,"column":30},"end":{"line":13,"column":58}},"2":{"start":{"line":14,"column":42},"end":{"line":14,"column":64}},"3":{"start":{"line":15,"column":34},"end":{"line":15,"column":63}},"4":{"start":{"line":16,"column":32},"end":{"line":16,"column":47}},"5":{"start":{"line":17,"column":48},"end":{"line":17,"column":74}},"6":{"start":{"line":18,"column":30},"end":{"line":18,"column":59}},"7":{"start":{"line":19,"column":20},"end":{"line":19,"column":44}},"8":{"start":{"line":21,"column":2},"end":{"line":30,"column":9}},"9":{"start":{"line":22,"column":22},"end":{"line":28,"column":5}},"10":{"start":{"line":23,"column":17},"end":{"line":23,"column":36}},"11":{"start":{"line":24,"column":6},"end":{"line":26,"column":7}},"12":{"start":{"line":25,"column":8},"end":{"line":25,"column":76}},"13":{"start":{"line":27,"column":6},"end":{"line":27,"column":20}},"14":{"start":{"line":29,"column":4},"end":{"line":29,"column":16}},"15":{"start":{"line":32,"column":2},"end":{"line":34,"column":3}},"16":{"start":{"line":33,"column":4},"end":{"line":33,"column":44}},"17":{"start":{"line":36,"column":2},"end":{"line":43,"column":3}},"18":{"start":{"line":37,"column":4},"end":{"line":42,"column":6}},"19":{"start":{"line":45,"column":2},"end":{"line":51,"column":3}},"20":{"start":{"line":46,"column":4},"end":{"line":50,"column":6}},"21":{"start":{"line":53,"column":29},"end":{"line":55,"column":3}},"22":{"start":{"line":54,"column":4},"end":{"line":54,"column":66}},"23":{"start":{"line":54,"column":26},"end":{"line":54,"column":63}},"24":{"start":{"line":57,"column":28},"end":{"line":73,"column":3}},"25":{"start":{"line":58,"column":4},"end":{"line":58,"column":21}},"26":{"start":{"line":59,"column":19},"end":{"line":59,"column":49}},"27":{"start":{"line":60,"column":4},"end":{"line":71,"column":5}},"28":{"start":{"line":61,"column":6},"end":{"line":68,"column":7}},"29":{"start":{"line":62,"column":8},"end":{"line":62,"column":41}},"30":{"start":{"line":63,"column":13},"end":{"line":68,"column":7}},"31":{"start":{"line":64,"column":8},"end":{"line":64,"column":46}},"32":{"start":{"line":65,"column":13},"end":{"line":68,"column":7}},"33":{"start":{"line":66,"column":8},"end":{"line":66,"column":40}},"34":{"start":{"line":67,"column":8},"end":{"line":67,"column":89}},"35":{"start":{"line":70,"column":6},"end":{"line":70,"column":64}},"36":{"start":{"line":72,"column":4},"end":{"line":72,"column":22}},"37":{"start":{"line":75,"column":22},"end":{"line":93,"column":3}},"38":{"start":{"line":76,"column":4},"end":{"line":92,"column":5}},"39":{"start":{"line":77,"column":6},"end":{"line":91,"column":7}},"40":{"start":{"line":78,"column":8},"end":{"line":78,"column":25}},"41":{"start":{"line":79,"column":22},"end":{"line":79,"column":78}},"42":{"start":{"line":80,"column":8},"end":{"line":85,"column":9}},"43":{"start":{"line":81,"column":10},"end":{"line":81,"column":33}},"44":{"start":{"line":82,"column":10},"end":{"line":82,"column":45}},"45":{"start":{"line":84,"column":10},"end":{"line":84,"column":70}},"46":{"start":{"line":87,"column":8},"end":{"line":87,"column":52}},"47":{"start":{"line":88,"column":8},"end":{"line":88,"column":59}},"48":{"start":{"line":90,"column":8},"end":{"line":90,"column":26}},"49":{"start":{"line":95,"column":20},"end":{"line":110,"column":3}},"50":{"start":{"line":96,"column":4},"end":{"line":109,"column":5}},"51":{"start":{"line":97,"column":21},"end":{"line":100,"column":8}},"52":{"start":{"line":102,"column":6},"end":{"line":105,"column":7}},"53":{"start":{"line":103,"column":8},"end":{"line":103,"column":42}},"54":{"start":{"line":104,"column":8},"end":{"line":104,"column":54}},"55":{"start":{"line":107,"column":6},"end":{"line":107,"column":48}},"56":{"start":{"line":108,"column":6},"end":{"line":108,"column":57}},"57":{"start":{"line":112,"column":2},"end":{"line":167,"column":4}},"58":{"start":{"line":120,"column":14},"end":{"line":120,"column":32}},"59":{"start":{"line":121,"column":14},"end":{"line":121,"column":39}},"60":{"start":{"line":156,"column":16},"end":{"line":158,"column":23}},"61":{"start":{"line":170,"column":15},"end":{"line":259,"column":2}}},"fnMap":{"0":{"name":"(anonymous_0)","decl":{"start":{"line":12,"column":19},"end":{"line":12,"column":20}},"loc":{"start":{"line":12,"column":25},"end":{"line":168,"column":1}},"line":12},"1":{"name":"(anonymous_1)","decl":{"start":{"line":21,"column":12},"end":{"line":21,"column":13}},"loc":{"start":{"line":21,"column":18},"end":{"line":30,"column":3}},"line":21},"2":{"name":"(anonymous_2)","decl":{"start":{"line":22,"column":22},"end":{"line":22,"column":23}},"loc":{"start":{"line":22,"column":34},"end":{"line":28,"column":5}},"line":22},"3":{"name":"(anonymous_3)","decl":{"start":{"line":53,"column":29},"end":{"line":53,"column":30}},"loc":{"start":{"line":53,"column":35},"end":{"line":55,"column":3}},"line":53},"4":{"name":"(anonymous_4)","decl":{"start":{"line":54,"column":14},"end":{"line":54,"column":15}},"loc":{"start":{"line":54,"column":26},"end":{"line":54,"column":63}},"line":54},"5":{"name":"(anonymous_5)","decl":{"start":{"line":57,"column":28},"end":{"line":57,"column":29}},"loc":{"start":{"line":57,"column":51},"end":{"line":73,"column":3}},"line":57},"6":{"name":"(anonymous_6)","decl":{"start":{"line":75,"column":22},"end":{"line":75,"column":23}},"loc":{"start":{"line":75,"column":34},"end":{"line":93,"column":3}},"line":75},"7":{"name":"(anonymous_7)","decl":{"start":{"line":95,"column":20},"end":{"line":95,"column":21}},"loc":{"start":{"line":95,"column":32},"end":{"line":110,"column":3}},"line":95},"8":{"name":"(anonymous_8)","decl":{"start":{"line":119,"column":21},"end":{"line":119,"column":22}},"loc":{"start":{"line":119,"column":27},"end":{"line":122,"column":13}},"line":119},"9":{"name":"(anonymous_9)","decl":{"start":{"line":155,"column":41},"end":{"line":155,"column":42}},"loc":{"start":{"line":156,"column":16},"end":{"line":158,"column":23}},"line":156}},"branchMap":{"0":{"loc":{"start":{"line":24,"column":6},"end":{"line":26,"column":7}},"type":"if","locations":[{"start":{"line":24,"column":6},"end":{"line":26,"column":7}},{"start":{},"end":{}}],"line":24},"1":{"loc":{"start":{"line":32,"column":2},"end":{"line":34,"column":3}},"type":"if","locations":[{"start":{"line":32,"column":2},"end":{"line":34,"column":3}},{"start":{},"end":{}}],"line":32},"2":{"loc":{"start":{"line":36,"column":2},"end":{"line":43,"column":3}},"type":"if","locations":[{"start":{"line":36,"column":2},"end":{"line":43,"column":3}},{"start":{},"end":{}}],"line":36},"3":{"loc":{"start":{"line":45,"column":2},"end":{"line":51,"column":3}},"type":"if","locations":[{"start":{"line":45,"column":2},"end":{"line":51,"column":3}},{"start":{},"end":{}}],"line":45},"4":{"loc":{"start":{"line":54,"column":26},"end":{"line":54,"column":63}},"type":"cond-expr","locations":[{"start":{"line":54,"column":47},"end":{"line":54,"column":54}},{"start":{"line":54,"column":57},"end":{"line":54,"column":63}}],"line":54},"5":{"loc":{"start":{"line":60,"column":4},"end":{"line":71,"column":5}},"type":"if","locations":[{"start":{"line":60,"column":4},"end":{"line":71,"column":5}},{"start":{"line":69,"column":11},"end":{"line":71,"column":5}}],"line":60},"6":{"loc":{"start":{"line":61,"column":6},"end":{"line":68,"column":7}},"type":"if","locations":[{"start":{"line":61,"column":6},"end":{"line":68,"column":7}},{"start":{"line":63,"column":13},"end":{"line":68,"column":7}}],"line":61},"7":{"loc":{"start":{"line":63,"column":13},"end":{"line":68,"column":7}},"type":"if","locations":[{"start":{"line":63,"column":13},"end":{"line":68,"column":7}},{"start":{"line":65,"column":13},"end":{"line":68,"column":7}}],"line":63},"8":{"loc":{"start":{"line":65,"column":13},"end":{"line":68,"column":7}},"type":"if","locations":[{"start":{"line":65,"column":13},"end":{"line":68,"column":7}},{"start":{},"end":{}}],"line":65},"9":{"loc":{"start":{"line":67,"column":34},"end":{"line":67,"column":87}},"type":"binary-expr","locations":[{"start":{"line":67,"column":34},"end":{"line":67,"column":48}},{"start":{"line":67,"column":52},"end":{"line":67,"column":87}}],"line":67},"10":{"loc":{"start":{"line":76,"column":4},"end":{"line":92,"column":5}},"type":"if","locations":[{"start":{"line":76,"column":4},"end":{"line":92,"column":5}},{"start":{},"end":{}}],"line":76},"11":{"loc":{"start":{"line":80,"column":8},"end":{"line":85,"column":9}},"type":"if","locations":[{"start":{"line":80,"column":8},"end":{"line":85,"column":9}},{"start":{"line":83,"column":15},"end":{"line":85,"column":9}}],"line":80},"12":{"loc":{"start":{"line":102,"column":6},"end":{"line":105,"column":7}},"type":"if","locations":[{"start":{"line":102,"column":6},"end":{"line":105,"column":7}},{"start":{},"end":{}}],"line":102},"13":{"loc":{"start":{"line":102,"column":10},"end":{"line":102,"column":50}},"type":"binary-expr","locations":[{"start":{"line":102,"column":10},"end":{"line":102,"column":26}},{"start":{"line":102,"column":30},"end":{"line":102,"column":50}}],"line":102},"14":{"loc":{"start":{"line":114,"column":7},"end":{"line":144,"column":7}},"type":"cond-expr","locations":[{"start":{"line":115,"column":8},"end":{"line":127,"column":15}},{"start":{"line":129,"column":8},"end":{"line":143,"column":15}}],"line":114},"15":{"loc":{"start":{"line":146,"column":7},"end":{"line":146,"column":124}},"type":"binary-expr","locations":[{"start":{"line":146,"column":7},"end":{"line":146,"column":14}},{"start":{"line":146,"column":18},"end":{"line":146,"column":124}}],"line":146},"16":{"loc":{"start":{"line":147,"column":7},"end":{"line":165,"column":7}},"type":"binary-expr","locations":[{"start":{"line":147,"column":7},"end":{"line":147,"column":22}},{"start":{"line":147,"column":26},"end":{"line":147,"column":34}},{"start":{"line":148,"column":8},"end":{"line":164,"column":15}}],"line":147},"17":{"loc":{"start":{"line":152,"column":11},"end":{"line":161,"column":11}},"type":"binary-expr","locations":[{"start":{"line":152,"column":11},"end":{"line":152,"column":32}},{"start":{"line":152,"column":36},"end":{"line":152,"column":68}},{"start":{"line":153,"column":12},"end":{"line":160,"column":15}}],"line":152}},"s":{"0":1,"1":21,"2":20,"3":20,"4":20,"5":20,"6":20,"7":20,"8":20,"9":7,"10":7,"11":7,"12":1,"13":7,"14":7,"15":20,"16":2,"17":18,"18":2,"19":16,"20":5,"21":11,"22":2,"23":2,"24":11,"25":3,"26":3,"27":3,"28":3,"29":0,"30":3,"31":0,"32":3,"33":3,"34":3,"35":0,"36":3,"37":11,"38":2,"39":2,"40":2,"41":2,"42":2,"43":2,"44":2,"45":0,"46":0,"47":0,"48":2,"49":11,"50":1,"51":1,"52":1,"53":1,"54":1,"55":0,"56":0,"57":11,"58":0,"59":0,"60":3,"61":1},"f":{"0":21,"1":7,"2":7,"3":2,"4":2,"5":3,"6":2,"7":1,"8":0,"9":3},"b":{"0":[1,6],"1":[2,18],"2":[2,16],"3":[5,11],"4":[1,1],"5":[3,0],"6":[0,3],"7":[0,3],"8":[3,0],"9":[3,3],"10":[2,0],"11":[2,0],"12":[1,0],"13":[1,1],"14":[3,8],"15":[11,2],"16":[11,3,3],"17":[3,3,3]},"_coverageSchema":"1a1c01bbd47fc00a2c39e90264f33305004495a9","hash":"4cf16642c96d64c33b5e14e32877f87b67c0963a"}
,"D:\\Code\\VSCODE\\BDCLPC\\Bambon_Fe\\app\\(tabs)\\settings.tsx": {"path":"D:\\Code\\VSCODE\\BDCLPC\\Bambon_Fe\\app\\(tabs)\\settings.tsx","statementMap":{"0":{"start":{"line":21,"column":30},"end":{"line":21,"column":59}},"1":{"start":{"line":22,"column":36},"end":{"line":22,"column":60}},"2":{"start":{"line":23,"column":26},"end":{"line":23,"column":46}},"3":{"start":{"line":24,"column":34},"end":{"line":24,"column":54}},"4":{"start":{"line":25,"column":30},"end":{"line":25,"column":50}},"5":{"start":{"line":26,"column":28},"end":{"line":26,"column":100}},"6":{"start":{"line":27,"column":46},"end":{"line":27,"column":66}},"7":{"start":{"line":28,"column":64},"end":{"line":28,"column":88}},"8":{"start":{"line":29,"column":30},"end":{"line":29,"column":67}},"9":{"start":{"line":31,"column":52},"end":{"line":38,"column":4}},"10":{"start":{"line":40,"column":50},"end":{"line":46,"column":4}},"11":{"start":{"line":48,"column":27},"end":{"line":51,"column":3}},"12":{"start":{"line":53,"column":2},"end":{"line":68,"column":9}},"13":{"start":{"line":54,"column":24},"end":{"line":66,"column":5}},"14":{"start":{"line":55,"column":6},"end":{"line":65,"column":7}},"15":{"start":{"line":56,"column":29},"end":{"line":56,"column":65}},"16":{"start":{"line":57,"column":8},"end":{"line":61,"column":9}},"17":{"start":{"line":58,"column":10},"end":{"line":58,"column":34}},"18":{"start":{"line":60,"column":10},"end":{"line":60,"column":51}},"19":{"start":{"line":63,"column":8},"end":{"line":63,"column":29}},"20":{"start":{"line":64,"column":8},"end":{"line":64,"column":52}},"21":{"start":{"line":67,"column":4},"end":{"line":67,"column":18}},"22":{"start":{"line":71,"column":2},"end":{"line":75,"column":20}},"23":{"start":{"line":72,"column":4},"end":{"line":74,"column":5}},"24":{"start":{"line":73,"column":6},"end":{"line":73,"column":51}},"25":{"start":{"line":77,"column":23},"end":{"line":171,"column":3}},"26":{"start":{"line":78,"column":47},"end":{"line":78,"column":49}},"27":{"start":{"line":80,"column":4},"end":{"line":83,"column":5}},"28":{"start":{"line":81,"column":6},"end":{"line":81,"column":54}},"29":{"start":{"line":82,"column":6},"end":{"line":82,"column":19}},"30":{"start":{"line":85,"column":4},"end":{"line":88,"column":5}},"31":{"start":{"line":86,"column":6},"end":{"line":86,"column":52}},"32":{"start":{"line":87,"column":6},"end":{"line":87,"column":19}},"33":{"start":{"line":90,"column":4},"end":{"line":109,"column":5}},"34":{"start":{"line":91,"column":6},"end":{"line":95,"column":7}},"35":{"start":{"line":92,"column":8},"end":{"line":92,"column":51}},"36":{"start":{"line":93,"column":8},"end":{"line":93,"column":29}},"37":{"start":{"line":94,"column":8},"end":{"line":94,"column":21}},"38":{"start":{"line":97,"column":27},"end":{"line":97,"column":41}},"39":{"start":{"line":98,"column":6},"end":{"line":102,"column":7}},"40":{"start":{"line":99,"column":8},"end":{"line":99,"column":72}},"41":{"start":{"line":100,"column":8},"end":{"line":100,"column":29}},"42":{"start":{"line":101,"column":8},"end":{"line":101,"column":21}},"43":{"start":{"line":104,"column":6},"end":{"line":108,"column":7}},"44":{"start":{"line":105,"column":8},"end":{"line":105,"column":52}},"45":{"start":{"line":106,"column":8},"end":{"line":106,"column":29}},"46":{"start":{"line":107,"column":8},"end":{"line":107,"column":21}},"47":{"start":{"line":111,"column":4},"end":{"line":167,"column":5}},"48":{"start":{"line":112,"column":6},"end":{"line":116,"column":7}},"49":{"start":{"line":113,"column":8},"end":{"line":113,"column":67}},"50":{"start":{"line":114,"column":8},"end":{"line":114,"column":29}},"51":{"start":{"line":115,"column":8},"end":{"line":115,"column":21}},"52":{"start":{"line":118,"column":35},"end":{"line":118,"column":37}},"53":{"start":{"line":120,"column":6},"end":{"line":160,"column":7}},"54":{"start":{"line":120,"column":19},"end":{"line":120,"column":20}},"55":{"start":{"line":121,"column":21},"end":{"line":121,"column":29}},"56":{"start":{"line":122,"column":26},"end":{"line":122,"column":31}},"57":{"start":{"line":124,"column":8},"end":{"line":127,"column":9}},"58":{"start":{"line":125,"column":10},"end":{"line":125,"column":75}},"59":{"start":{"line":126,"column":10},"end":{"line":126,"column":19}},"60":{"start":{"line":129,"column":8},"end":{"line":132,"column":9}},"61":{"start":{"line":130,"column":10},"end":{"line":130,"column":78}},"62":{"start":{"line":131,"column":10},"end":{"line":131,"column":19}},"63":{"start":{"line":134,"column":25},"end":{"line":134,"column":46}},"64":{"start":{"line":135,"column":8},"end":{"line":138,"column":9}},"65":{"start":{"line":136,"column":10},"end":{"line":136,"column":75}},"66":{"start":{"line":137,"column":10},"end":{"line":137,"column":19}},"67":{"start":{"line":140,"column":8},"end":{"line":143,"column":9}},"68":{"start":{"line":141,"column":10},"end":{"line":141,"column":88}},"69":{"start":{"line":142,"column":10},"end":{"line":142,"column":19}},"70":{"start":{"line":145,"column":8},"end":{"line":148,"column":9}},"71":{"start":{"line":146,"column":10},"end":{"line":146,"column":77}},"72":{"start":{"line":147,"column":10},"end":{"line":147,"column":19}},"73":{"start":{"line":150,"column":22},"end":{"line":150,"column":40}},"74":{"start":{"line":151,"column":8},"end":{"line":154,"column":9}},"75":{"start":{"line":152,"column":10},"end":{"line":152,"column":74}},"76":{"start":{"line":153,"column":10},"end":{"line":153,"column":19}},"77":{"start":{"line":156,"column":8},"end":{"line":159,"column":9}},"78":{"start":{"line":157,"column":10},"end":{"line":157,"column":78}},"79":{"start":{"line":158
[...]
,"D:\\Code\\VSCODE\\BDCLPC\\Bambon_Fe\\app\\pages\\register.tsx": {"path":"D:\\Code\\VSCODE\\BDCLPC\\Bambon_Fe\\app\\pages\\register.tsx","statementMap":{"0":{"start":{"line":7,"column":24},"end":{"line":56,"column":1}},"1":{"start":{"line":15,"column":2},"end":{"line":20,"column":3}},"2":{"start":{"line":16,"column":21},"end":{"line":16,"column":48}},"3":{"start":{"line":17,"column":4},"end":{"line":17,"column":75}},"4":{"start":{"line":18,"column":4},"end":{"line":18,"column":23}},"5":{"start":{"line":19,"column":4},"end":{"line":19,"column":11}},"6":{"start":{"line":22,"column":21},"end":{"line":22,"column":49}},"7":{"start":{"line":23,"column":2},"end":{"line":28,"column":3}},"8":{"start":{"line":24,"column":21},"end":{"line":24,"column":50}},"9":{"start":{"line":25,"column":4},"end":{"line":25,"column":75}},"10":{"start":{"line":26,"column":4},"end":{"line":26,"column":23}},"11":{"start":{"line":27,"column":4},"end":{"line":27,"column":11}},"12":{"start":{"line":30,"column":2},"end":{"line":35,"column":3}},"13":{"start":{"line":31,"column":21},"end":{"line":31,"column":56}},"14":{"start":{"line":32,"column":4},"end":{"line":32,"column":75}},"15":{"start":{"line":33,"column":4},"end":{"line":33,"column":23}},"16":{"start":{"line":34,"column":4},"end":{"line":34,"column":11}},"17":{"start":{"line":37,"column":2},"end":{"line":55,"column":3}},"18":{"start":{"line":38,"column":21},"end":{"line":42,"column":6}},"19":{"start":{"line":43,"column":4},"end":{"line":43,"column":53}},"20":{"start":{"line":44,"column":4},"end":{"line":50,"column":5}},"21":{"start":{"line":45,"column":6},"end":{"line":45,"column":52}},"22":{"start":{"line":47,"column":23},"end":{"line":47,"column":44}},"23":{"start":{"line":48,"column":6},"end":{"line":48,"column":77}},"24":{"start":{"line":49,"column":6},"end":{"line":49,"column":25}},"25":{"start":{"line":52,"column":21},"end":{"line":52,"column":42}},"26":{"start":{"line":53,"column":4},"end":{"line":53,"column":70}},"27":{"start":{"line":54,"column":4},"end":{"line":54,"column":23}},"28":{"start":{"line":58,"column":33},"end":{"line":99,"column":1}},"29":{"start":{"line":59,"column":26},"end":{"line":59,"column":46}},"30":{"start":{"line":60,"column":28},"end":{"line":60,"column":48}},"31":{"start":{"line":61,"column":34},"end":{"line":61,"column":54}},"32":{"start":{"line":62,"column":28},"end":{"line":62,"column":48}},"33":{"start":{"line":63,"column":46},"end":{"line":63,"column":66}},"34":{"start":{"line":65,"column":2},"end":{"line":98,"column":4}},"35":{"start":{"line":91,"column":23},"end":{"line":91,"column":83}},"36":{"start":{"line":101,"column":15},"end":{"line":141,"column":2}}},"fnMap":{"0":{"name":"(anonymous_0)","decl":{"start":{"line":7,"column":24},"end":{"line":7,"column":25}},"loc":{"start":{"line":14,"column":5},"end":{"line":56,"column":1}},"line":14},"1":{"name":"(anonymous_1)","decl":{"start":{"line":58,"column":33},"end":{"line":58,"column":34}},"loc":{"start":{"line":58,"column":39},"end":{"line":99,"column":1}},"line":58},"2":{"name":"(anonymous_2)","decl":{"start":{"line":91,"column":17},"end":{"line":91,"column":18}},"loc":{"start":{"line":91,"column":23},"end":{"line":91,"column":83}},"line":91}},"branchMap":{"0":{"loc":{"start":{"line":15,"column":2},"end":{"line":20,"column":3}},"type":"if","locations":[{"start":{"line":15,"column":2},"end":{"line":20,"column":3}},{"start":{},"end":{}}],"line":15},"1":{"loc":{"start":{"line":15,"column":6},"end":{"line":15,"column":37}},"type":"binary-expr","locations":[{"start":{"line":15,"column":6},"end":{"line":15,"column":11}},{"start":{"line":15,"column":15},"end":{"line":15,"column":37}}],"line":15},"2":{"loc":{"start":{"line":17,"column":32},"end":{"line":17,"column":60}},"type":"cond-expr","locations":[{"start":{"line":17,"column":41},"end":{"line":17,"column":55}},{"start":{"line":17,"column":58},"end":{"line":17,"column":60}}],"line":17},"3":{"loc":{"start":{"line":23,"column":2},"end":{"line":28,"column":3}},"type":"if","locations":[{"start":{"line":23,"column":2},"end":{"line":28,"column":3}},{"start":{},"end":{}}],"line":23},"4":{"loc":{"start":{"line":23,"column":6},"end":{"line":23,"column":39}},"type":"binary-expr","locations":[{"start":{"line":23,"column":6},"end":{"line":23,"column":12}},{"start":{"line":23,"column":16},"end":{"line":23,"column":39}}],"line":23},"5":{"loc":{"start":{"line":25,"column":32},"end":{"line":25,"column":60}},"type":"cond-expr","locations":[{"start":{"line":25,"column":41},"end":{"line":25,"column":55}},{"start":{"line":25,"column":58},"end":{"line":25,"column":60}}],"line":25},"6":{"loc":{"start":{"line":30,"column":2},"end":{"line":35,"column":3}},"type":"if","locations":[{"start":{"line":30,"column":2},"end":{"line":35,"column":3}},{"start":{},"end":{}}],"line":30},"7":{"loc":{"start":{"line":30,"column":6},"end":{"line":30,"column":38}},"type":"binary-expr","locations":[{"start":{"line":30,"column":6},"end":{"line":30,"column":15}},{"start":{"line":30,"column":19},"end":{"line":30,"column":38}}],"line":30},"8":{"loc":{"start":{"line":32,"column":32},"end":{"line":32,"column":60}},"type":"cond-expr","locations":[{"start":{"line":32,"column":41},"end":{"line":32,"column":55}},{"start":{"line":32,"column":58},"end":{"line":32,"column":60}}],"line":32},"9":{"loc":{"start":{"line":44,"column":4},"end":{"line":50,"column":5}},"type":"if","locations":[{"start":{"line":44,"column":4},"end":{"line":50,"column":5}},{"start":{"line":46,"column":11},"end":{"line":50,"column":5}}],"line":44},"10":{"loc":{"start":{"line":44,"column":8},"end":{"line":44,"column":78}},"type":"binary-expr","locations":[{"start":{"line":44,"column":8},"end":{"line":44,"column":31}},{"start":{"line":44,"column":35},"end":{"line":44,"column":78}}],"line":44},"11":{"loc":{"start":{"line":48,"column":34},"end":{"line":48,"column":62}},"type":"cond-expr","locations":[{"start":{"line":48,"column":43},"end":{"line":48,"column":57}},{"start":{"line":48,"column":60},"end":{"line":48,"column":62}}],"line":48},"12":{"loc":{"start":{"line":53,"column":32},"end":{"line":53,"column":60}},"type":"cond-expr","locations":[{"start":{"line":53,"column":41},"end":{"line":53,"column":55}},{"start":{"line":53,"column":58},"end":{"line":53,"column":60}}],"line":53},"13":{"loc":{"start":{"line":87,"column":7},"end":{"line":87,"column":61}},"type":"binary-expr","locations":[{"start":{"line":87,"column":7},"end":{"line":87,"column":12}},{"start":{"line":87,"column":16},"end":{"line":87,"column":61}}],"line":87},"14":{"loc":{"start":{"line":88,"column":7},"end":{"line":88,"column":81}},"type":"binary-expr","locations":[{"start":{"line":88,"column":7},"end":{"line":88,"column":21}},{"start":{"line":88,"column":25},"end":{"line":88,"column":81}}],"line":88}},"s":{"0":1,"1":10,"2":1,"3":1,"4":1,"5":1,"6":9,"7":9,"8":2,"9":2,"10":2,"11":2,"12":7,"13":2,"14":2,"15":2,"16":2,"17":5,"18":5,"19":3,"20":3,"21":3,"22":0,"23":0,"24":0,"25":2,"26":2,"27":2,"28":1,"29":0,"30":0,"31":0,"32":0,"33":0,"34":0,"35":0,"36":1},"f":{"0":10,"1":0,"2":0},"b":{"0":[1,9],"1":[10,9],"2":[1,0],"3":[2,7],"4":[9,8],"5":[2,0],"6":[2,5],"7":[7,6],"8":[2,0],"9":[3,0],"10":[3,3],"11":[0,0],"12":[2,0],"13":[0,0],"14":[0,0]},"_coverageSchema":"1a1c01bbd47fc00a2c39e90264f33305004495a9","hash":"e59a6cc6356b3e457fccc50bb307892d225dbf6b"}
,"D:\\Code\\VSCODE\\BDCLPC\\Bambon_Fe\\app\\screen\\screen1.tsx": {"path":"D:\\Code\\VSCODE\\BDCLPC\\Bambon_Fe\\app\\screen\\screen1.tsx","statementMap":{"0":{"start":{"line":13,"column":26},"end":{"line":13,"column":50}},"1":{"start":{"line":15,"column":26},"end":{"line":109,"column":1}},"2":{"start":{"line":16,"column":21},"end":{"line":16,"column":52}},"3":{"start":{"line":18,"column":2},"end":{"line":24,"column":17}},"4":{"start":{"line":19,"column":4},"end":{"line":23,"column":15}},"5":{"start":{"line":26,"column":2},"end":{"line":108,"column":4}}},"fnMap":{"0":{"name":"(anonymous_0)","decl":{"start":{"line":15,"column":26},"end":{"line":15,"column":27}},"loc":{"start":{"line":15,"column":32},"end":{"line":109,"column":1}},"line":15},"1":{"name":"(anonymous_1)","decl":{"start":{"line":18,"column":12},"end":{"line":18,"column":13}},"loc":{"start":{"line":18,"column":18},"end":{"line":24,"column":3}},"line":18}},"branchMap":{},"s":{"0":1,"1":1,"2":5,"3":5,"4":5,"5":5},"f":{"0":5,"1":5},"b":{},"_coverageSchema":"1a1c01bbd47fc00a2c39e90264f33305004495a9","hash":"6b9679eb0771afd7778aca6c54259d32a4623307"}
,"D:\\Code\\VSCODE\\BDCLPC\\Bambon_Fe\\app\\screen\\screen2.tsx": {"path":"D:\\Code\\VSCODE\\BDCLPC\\Bambon_Fe\\app\\screen\\screen2.tsx","statementMap":{"0":{"start":{"line":12,"column":26},"end":{"line":12,"column":50}},"1":{"start":{"line":14,"column":26},"end":{"line":79,"column":1}},"2":{"start":{"line":15,"column":21},"end":{"line":15,"column":52}},"3":{"start":{"line":17,"column":2},"end":{"line":23,"column":17}},"4":{"start":{"line":18,"column":4},"end":{"line":22,"column":15}},"5":{"start":{"line":25,"column":2},"end":{"line":78,"column":4}}},"fnMap":{"0":{"name":"(anonymous_0)","decl":{"start":{"line":14,"column":26},"end":{"line":14,"column":27}},"loc":{"start":{"line":14,"column":32},"end":{"line":79,"column":1}},"line":14},"1":{"name":"(anonymous_1)","decl":{"start":{"line":17,"column":12},"end":{"line":17,"column":13}},"loc":{"start":{"line":17,"column":18},"end":{"line":23,"column":3}},"line":17}},"branchMap":{},"s":{"0":1,"1":1,"2":5,"3":4,"4":4,"5":4},"f":{"0":5,"1":4},"b":{},"_coverageSchema":"1a1c01bbd47fc00a2c39e90264f33305004495a9","hash":"cf0692e533d04ff733b009254c482d8062533609"}
,"D:\\Code\\VSCODE\\BDCLPC\\Bambon_Fe\\app\\styles\\index.ts": {"path":"D:\\Code\\VSCODE\\BDCLPC\\Bambon_Fe\\app\\styles\\index.ts","statementMap":{"0":{"start":{"line":3,"column":22},"end":{"line":489,"column":2}}},"fnMap":{},"branchMap":{},"s":{"0":0},"f":{},"b":{}}
,"D:\\Code\\VSCODE\\BDCLPC\\Bambon_Fe\\app\\types\\index.ts": {"path":"D:\\Code\\VSCODE\\BDCLPC\\Bambon_Fe\\app\\types\\index.ts","statementMap":{},"fnMap":{},"branchMap":{},"s":{},"f":{},"b":{}}
,"D:\\Code\\VSCODE\\BDCLPC\\Bambon_Fe\\constants\\Colors.ts": {"path":"D:\\Code\\VSCODE\\BDCLPC\\Bambon_Fe\\constants\\Colors.ts","statementMap":{"0":{"start":{"line":6,"column":23},"end":{"line":6,"column":32}},"1":{"start":{"line":7,"column":22},"end":{"line":7,"column":28}},"2":{"start":{"line":9,"column":22},"end":{"line":26,"column":1}}},"fnMap":{},"branchMap":{},"s":{"0":0,"1":0,"2":0},"f":{},"b":{}}
,"D:\\Code\\VSCODE\\BDCLPC\\Bambon_Fe\\constants\\icons.ts": {"path":"D:\\Code\\VSCODE\\BDCLPC\\Bambon_Fe\\constants\\icons.ts","statementMap":{"0":{"start":{"line":1,"column":14},"end":{"line":20,"column":1}}},"fnMap":{},"branchMap":{},"s":{"0":0},"f":{},"b":{}}
,"D:\\Code\\VSCODE\\BDCLPC\\Bambon_Fe\\constants\\images.ts": {"path":"D:\\Code\\VSCODE\\BDCLPC\\Bambon_Fe\\constants\\images.ts","statementMap":{},"fnMap":{},"branchMap":{},"s":{},"f":{},"b":{},"_coverageSchema":"1a1c01bbd47fc00a2c39e90264f33305004495a9","hash":"d07b411c1f4982e83f9da728b34d070a99a29071"}
,"D:\\Code\\VSCODE\\BDCLPC\\Bambon_Fe\\hooks\\useColorScheme.ts": {"path":"D:\\Code\\VSCODE\\BDCLPC\\Bambon_Fe\\hooks\\useColorScheme.ts","statementMap":{},"fnMap":{},"branchMap":{},"s":{},"f":{},"b":{}}
,"D:\\Code\\VSCODE\\BDCLPC\\Bambon_Fe\\hooks\\useColorScheme.web.ts": {"path":"D:\\Code\\VSCODE\\BDCLPC\\Bambon_Fe\\hooks\\useColorScheme.web.ts","statementMap":{"0":{"start":{"line":8,"column":40},"end":{"line":8,"column":55}},"1":{"start":{"line":10,"column":2},"end":{"line":12,"column":9}},"2":{"start":{"line":11,"column":4},"end":{"line":11,"column":25}},"3":{"start":{"line":14,"column":22},"end":{"line":14,"column":40}},"4":{"start":{"line":16,"column":2},"end":{"line":18,"column":3}},"5":{"start":{"line":17,"column":4},"end":{"line":17,"column":23}},"6":{"start":{"line":20,"column":2},"end":{"line":20,"column":17}}},"fnMap":{"0":{"name":"useColorScheme","decl":{"start":{"line":7,"column":16},"end":{"line":7,"column":30}},"loc":{"start":{"line":7,"column":33},"end":{"line":21,"column":1}},"line":7},"1":{"name":"(anonymous_1)","decl":{"start":{"line":10,"column":12},"end":{"line":10,"column":13}},"loc":{"start":{"line":10,"column":18},"end":{"line":12,"column":3}},"line":10}},"branchMap":{"0":{"loc":{"start":{"line":16,"column":2},"end":{"line":18,"column":3}},"type":"if","locations":[{"start":{"line":16,"column":2},"end":{"line":18,"column":3}},{"start":{},"end":{}}],"line":16}},"s":{"0":0,"1":0,"2":0,"3":0,"4":0,"5":0,"6":0},"f":{"0":0,"1":0},"b":{"0":[0,0]}}
,"D:\\Code\\VSCODE\\BDCLPC\\Bambon_Fe\\hooks\\useThemeColor.ts": {"path":"D:\\Code\\VSCODE\\BDCLPC\\Bambon_Fe\\hooks\\useThemeColor.ts","statementMap":{"0":{"start":{"line":13,"column":16},"end":{"line":13,"column":43}},"1":{"start":{"line":14,"column":25},"end":{"line":14,"column":37}},"2":{"start":{"line":16,"column":2},"end":{"line":20,"column":3}},"3":{"start":{"line":17,"column":4},"end":{"line":17,"column":26}},"4":{"start":{"line":19,"column":4},"end":{"line":19,"column":36}}},"fnMap":{"0":{"name":"useThemeColor","decl":{"start":{"line":9,"column":16},"end":{"line":9,"column":29}},"loc":{"start":{"line":12,"column":2},"end":{"line":21,"column":1}},"line":12}},"branchMap":{"0":{"loc":{"start":{"line":13,"column":16},"end":{"line":13,"column":43}},"type":"binary-expr","locations":[{"start":{"line":13,"column":16},"end":{"line":13,"column":32}},{"start":{"line":13,"column":36},"end":{"line":13,"column":43}}],"line":13},"1":{"loc":{"start":{"line":16,"column":2},"end":{"line":20,"column":3}},"type":"if","locations":[{"start":{"line":16,"column":2},"end":{"line":20,"column":3}},{"start":{"line":18,"column":9},"end":{"line":20,"column":3}}],"line":16}},"s":{"0":0,"1":0,"2":0,"3":0,"4":0},"f":{"0":0},"b":{"0":[0,0],"1":[0,0]}}
,"D:\\Code\\VSCODE\\BDCLPC\\Bambon_Fe\\schema\\authen.tsx": {"path":"D:\\Code\\VSCODE\\BDCLPC\\Bambon_Fe\\schema\\authen.tsx","statementMap":{"0":{"start":{"line":5,"column":34},"end":{"line":26,"column":1}},"1":{"start":{"line":6,"column":2},"end":{"line":25,"column":3}},"2":{"start":{"line":8,"column":45},"end":{"line":8,"column":61}},"3":{"start":{"line":10,"column":4},"end":{"line":12,"column":5}},"4":{"start":{"line":11,"column":6},"end":{"line":11,"column":59}},"5":{"start":{"line":14,"column":19},"end":{"line":14,"column":38}},"6":{"start":{"line":17,"column":4},"end":{"line":17,"column":47}},"7":{"start":{"line":18,"column":4},"end":{"line":18,"column":49}},"8":{"start":{"line":20,"column":4},"end":{"line":20,"column":62}},"9":{"start":{"line":21,"column":4},"end":{"line":21,"column":18}},"10":{"start":{"line":23,"column":4},"end":{"line":23,"column":57}},"11":{"start":{"line":24,"column":4},"end":{"line":24,"column":16}},"12":{"start":{"line":29,"column":27},"end":{"line":38,"column":1}},"13":{"start":{"line":30,"column":2},"end":{"line":37,"column":3}},"14":{"start":{"line":31,"column":19},"end":{"line":31,"column":55}},"15":{"start":{"line":32,"column":4},"end":{"line":32,"column":51}},"16":{"start":{"line":33,"column":4},"end":{"line":33,"column":18}},"17":{"start":{"line":35,"column":4},"end":{"line":35,"column":64}},"18":{"start":{"line":36,"column":4},"end":{"line":36,"column":16}},"19":{"start":{"line":41,"column":29},"end":{"line":49,"column":1}},"20":{"start":{"line":42,"column":2},"end":{"line":48,"column":3}},"21":{"start":{"line":43,"column":4},"end":{"line":43,"column":43}},"22":{"start":{"line":44,"column":4},"end":{"line":44,"column":44}},"23":{"start":{"line":45,"column":4},"end":{"line":45,"column":42}},"24":{"start":{"line":47,"column":4},"end":{"line":47,"column":51}}},"fnMap":{"0":{"name":"(anonymous_0)","decl":{"start":{"line":5,"column":34},"end":{"line":5,"column":35}},"loc":{"start":{"line":5,"column":59},"end":{"line":26,"column":1}},"line":5},"1":{"name":"(anonymous_1)","decl":{"start":{"line":29,"column":27},"end":{"line":29,"column":28}},"loc":{"start":{"line":29,"column":63},"end":{"line":38,"column":1}},"line":29},"2":{"name":"(anonymous_2)","decl":{"start":{"line":41,"column":29},"end":{"line":41,"column":30}},"loc":{"start":{"line":41,"column":41},"end":{"line":49,"column":1}},"line":41}},"branchMap":{"0":{"loc":{"start":{"line":10,"column":4},"end":{"line":12,"column":5}},"type":"if","locations":[{"start":{"line":10,"column":4},"end":{"line":12,"column":5}},{"start":{},"end":{}}],"line":10}},"s":{"0":1,"1":0,"2":0,"3":0,"4":0,"5":0,"6":0,"7":0,"8":0,"9":0,"10":0,"11":0,"12":1,"13":0,"14":0,"15":0,"16":0,"17":0,"18":0,"19":1,"20":0,"21":0,"22":0,"23":0,"24":0},"f":{"0":0,"1":0,"2":0},"b":{"0":[0,0]},"_coverageSchema":"1a1c01bbd47fc00a2c39e90264f33305004495a9","hash":"774112f57fdbc523158f19693def6c89198acdea"}
,"D:\\Code\\VSCODE\\BDCLPC\\Bambon_Fe\\schema\\uploadPhoto.tsx": {"path":"D:\\Code\\VSCODE\\BDCLPC\\Bambon_Fe\\schema\\uploadPhoto.tsx","statementMap":{"0":{"start":{"line":17,"column":20},"end":{"line":53,"column":1}},"1":{"start":{"line":18,"column":2},"end":{"line":52,"column":3}},"2":{"start":{"line":19,"column":21},"end":{"line":19,"column":35}},"3":{"start":{"line":22,"column":16},"end":{"line":22,"column":86}},"4":{"start":{"line":23,"column":4},"end":{"line":27,"column":14}},"5":{"start":{"line":29,"column":4},"end":{"line":29,"column":38}},"6":{"start":{"line":31,"column":21},"end":{"line":38,"column":6}},"7":{"start":{"line":40,"column":4},"end":{"line":43,"column":5}},"8":{"start":{"line":41,"column":24},"end":{"line":41,"column":45}},"9":{"start":{"line":42,"column":6},"end":{"line":42,"column":84}},"10":{"start":{"line":45,"column":40},"end":{"line":45,"column":61}},"11":{"start":{"line":46,"column":4},"end":{"line":46,"column":39}},"12":{"start":{"line":47,"column":4},"end":{"line":47,"column":18}},"13":{"start":{"line":49,"column":4},"end":{"line":49,"column":42}},"14":{"start":{"line":50,"column":4},"end":{"line":50,"column":58}},"15":{"start":{"line":51,"column":4},"end":{"line":51,"column":16}}},"fnMap":{"0":{"name":"(anonymous_0)","decl":{"start":{"line":17,"column":20},"end":{"line":17,"column":21}},"loc":{"start":{"line":17,"column":101},"end":{"line":53,"column":1}},"line":17}},"branchMap":{"0":{"loc":{"start":{"line":22,"column":16},"end":{"line":22,"column":86}},"type":"cond-expr","locations":[{"start":{"line":22,"column":44},"end":{"line":22,"column":52}},{"start":{"line":22,"column":55},"end":{"line":22,"column":86}}],"line":22},"1":{"loc":{"start":{"line":40,"column":4},"end":{"line":43,"column":5}},"type":"if","locations":[{"start":{"line":40,"column":4},"end":{"line":43,"column":5}},{"start":{},"end":{}}],"line":40}},"s":{"0":1,"1":0,"2":0,"3":0,"4":0,"5":0,"6":0,"7":0,"8":0,"9":0,"10":0,"11":0,"12":0,"13":0,"14":0,"15":0},"f":{"0":0},"b":{"0":[0,0],"1":[0,0]},"_coverageSchema":"1a1c01bbd47fc00a2c39e90264f33305004495a9","hash":"5a426a53e1615f29b1b98b063f8840ec18de50a5"}
}
