{"D:\\DamBaoChatLuong\\dambaochatluong\\Bambon_fe\\config.ts": {"path":"D:\\DamBaoChatLuong\\dambaochatluong\\Bambon_fe\\config.ts","statementMap":{"0":{"start":{"line":1,"column":27},"end":{"line":1,"column":63}}},"fnMap":{},"branchMap":{},"s":{"0":1},"f":{},"b":{},"_coverageSchema":"1a1c01bbd47fc00a2c39e90264f33305004495a9","hash":"ec1c0b359d954bd08ee8092526804748c774c040"}
,"D:\\DamBaoChatLuong\\dambaochatluong\\Bambon_fe\\image.d.ts": {"path":"D:\\DamBaoChatLuong\\dambaochatluong\\Bambon_fe\\image.d.ts","statementMap":{},"fnMap":{},"branchMap":{},"s":{},"f":{},"b":{}}
,"D:\\DamBaoChatLuong\\dambaochatluong\\Bambon_fe\\jest.config.js": {"path":"D:\\DamBaoChatLuong\\dambaochatluong\\Bambon_fe\\jest.config.js","statementMap":{"0":{"start":{"line":1,"column":0},"end":{"line":29,"column":3}}},"fnMap":{},"branchMap":{},"s":{"0":0},"f":{},"b":{}}
,"D:\\DamBaoChatLuong\\dambaochatluong\\Bambon_fe\\jestSetup.js": {"path":"D:\\DamBaoChatLuong\\dambaochatluong\\Bambon_fe\\jestSetup.js","statementMap":{"0":{"start":{"line":4,"column":25},"end":{"line":13,"column":1}},"1":{"start":{"line":15,"column":0},"end":{"line":15,"column":79}},"2":{"start":{"line":15,"column":61},"end":{"line":15,"column":77}},"3":{"start":{"line":18,"column":23},"end":{"line":21,"column":1}},"4":{"start":{"line":19,"column":32},"end":{"line":19,"column":39}},"5":{"start":{"line":23,"column":0},"end":{"line":23,"column":121}},"6":{"start":{"line":24,"column":0},"end":{"line":24,"column":127}}},"fnMap":{"0":{"name":"(anonymous_0)","decl":{"start":{"line":15,"column":55},"end":{"line":15,"column":56}},"loc":{"start":{"line":15,"column":61},"end":{"line":15,"column":77}},"line":15},"1":{"name":"(anonymous_1)","decl":{"start":{"line":19,"column":26},"end":{"line":19,"column":27}},"loc":{"start":{"line":19,"column":32},"end":{"line":19,"column":39}},"line":19}},"branchMap":{"0":{"loc":{"start":{"line":23,"column":11},"end":{"line":23,"column":51}},"type":"binary-expr","locations":[{"start":{"line":23,"column":11},"end":{"line":23,"column":45}},{"start":{"line":23,"column":49},"end":{"line":23,"column":51}}],"line":23},"1":{"loc":{"start":{"line":24,"column":11},"end":{"line":24,"column":51}},"type":"binary-expr","locations":[{"start":{"line":24,"column":11},"end":{"line":24,"column":45}},{"start":{"line":24,"column":49},"end":{"line":24,"column":51}}],"line":24}},"s":{"0":0,"1":0,"2":0,"3":0,"4":0,"5":0,"6":0},"f":{"0":0,"1":0},"b":{"0":[0,0],"1":[0,0]}}
,"D:\\DamBaoChatLuong\\dambaochatluong\\Bambon_fe\\app\\_layout.tsx": {"path":"D:\\DamBaoChatLuong\\dambaochatluong\\Bambon_fe\\app\\_layout.tsx","statementMap":{"0":{"start":{"line":13,"column":0},"end":{"line":13,"column":36}},"1":{"start":{"line":16,"column":22},"end":{"line":16,"column":38}},"2":{"start":{"line":17,"column":19},"end":{"line":19,"column":4}},"3":{"start":{"line":21,"column":2},"end":{"line":25,"column":15}},"4":{"start":{"line":22,"column":4},"end":{"line":24,"column":5}},"5":{"start":{"line":23,"column":6},"end":{"line":23,"column":31}},"6":{"start":{"line":27,"column":2},"end":{"line":29,"column":3}},"7":{"start":{"line":28,"column":4},"end":{"line":28,"column":16}},"8":{"start":{"line":31,"column":2},"end":{"line":41,"column":4}}},"fnMap":{"0":{"name":"RootLayout","decl":{"start":{"line":15,"column":24},"end":{"line":15,"column":34}},"loc":{"start":{"line":15,"column":37},"end":{"line":42,"column":1}},"line":15},"1":{"name":"(anonymous_1)","decl":{"start":{"line":21,"column":12},"end":{"line":21,"column":13}},"loc":{"start":{"line":21,"column":18},"end":{"line":25,"column":3}},"line":21}},"branchMap":{"0":{"loc":{"start":{"line":22,"column":4},"end":{"line":24,"column":5}},"type":"if","locations":[{"start":{"line":22,"column":4},"end":{"line":24,"column":5}},{"start":{},"end":{}}],"line":22},"1":{"loc":{"start":{"line":27,"column":2},"end":{"line":29,"column":3}},"type":"if","locations":[{"start":{"line":27,"column":2},"end":{"line":29,"column":3}},{"start":{},"end":{}}],"line":27},"2":{"loc":{"start":{"line":32,"column":26},"end":{"line":32,"column":75}},"type":"cond-expr","locations":[{"start":{"line":32,"column":51},"end":{"line":32,"column":60}},{"start":{"line":32,"column":63},"end":{"line":32,"column":75}}],"line":32}},"s":{"0":0,"1":0,"2":0,"3":0,"4":0,"5":0,"6":0,"7":0,"8":0},"f":{"0":0,"1":0},"b":{"0":[0,0],"1":[0,0],"2":[0,0]}}
,"D:\\DamBaoChatLuong\\dambaochatluong\\Bambon_fe\\app\\index.tsx": {"path":"D:\\DamBaoChatLuong\\dambaochatluong\\Bambon_fe\\app\\index.tsx","statementMap":{"0":{"start":{"line":6,"column":2},"end":{"line":10,"column":4}},"1":{"start":{"line":13,"column":15},"end":{"line":18,"column":2}}},"fnMap":{"0":{"name":"Index","decl":{"start":{"line":5,"column":24},"end":{"line":5,"column":29}},"loc":{"start":{"line":5,"column":32},"end":{"line":11,"column":1}},"line":5}},"branchMap":{},"s":{"0":0,"1":0},"f":{"0":0},"b":{}}
,"D:\\DamBaoChatLuong\\dambaochatluong\\Bambon_fe\\app\\splash-screen.tsx": {"path":"D:\\DamBaoChatLuong\\dambaochatluong\\Bambon_fe\\app\\splash-screen.tsx","statementMap":{"0":{"start":{"line":6,"column":21},"end":{"line":30,"column":1}},"1":{"start":{"line":7,"column":19},"end":{"line":7,"column":56}},"2":{"start":{"line":9,"column":2},"end":{"line":15,"column":17}},"3":{"start":{"line":10,"column":4},"end":{"line":14,"column":15}},"4":{"start":{"line":16,"column":2},"end":{"line":29,"column":4}}},"fnMap":{"0":{"name":"(anonymous_0)","decl":{"start":{"line":6,"column":21},"end":{"line":6,"column":22}},"loc":{"start":{"line":6,"column":27},"end":{"line":30,"column":1}},"line":6},"1":{"name":"(anonymous_1)","decl":{"start":{"line":9,"column":12},"end":{"line":9,"column":13}},"loc":{"start":{"line":9,"column":18},"end":{"line":15,"column":3}},"line":9}},"branchMap":{},"s":{"0":0,"1":0,"2":0,"3":0,"4":0},"f":{"0":0,"1":0},"b":{}}
,"D:\\DamBaoChatLuong\\dambaochatluong\\Bambon_fe\\app\\(tabs)\\BudgetScreen.tsx": {"path":"D:\\DamBaoChatLuong\\dambaochatluong\\Bambon_fe\\app\\(tabs)\\BudgetScreen.tsx","statementMap":{"0":{"start":{"line":21,"column":30},"end":{"line":21,"column":59}},"1":{"start":{"line":22,"column":30},"end":{"line":22,"column":50}},"2":{"start":{"line":23,"column":44},"end":{"line":23,"column":73}},"3":{"start":{"line":25,"column":2},"end":{"line":44,"column":9}},"4":{"start":{"line":26,"column":33},"end":{"line":42,"column":5}},"5":{"start":{"line":27,"column":6},"end":{"line":41,"column":7}},"6":{"start":{"line":28,"column":29},"end":{"line":28,"column":65}},"7":{"start":{"line":29,"column":8},"end":{"line":38,"column":9}},"8":{"start":{"line":30,"column":10},"end":{"line":30,"column":34}},"9":{"start":{"line":31,"column":27},"end":{"line":31,"column":83}},"10":{"start":{"line":32,"column":10},"end":{"line":35,"column":11}},"11":{"start":{"line":33,"column":12},"end":{"line":33,"column":51}},"12":{"start":{"line":34,"column":12},"end":{"line":34,"column":55}},"13":{"start":{"line":37,"column":10},"end":{"line":37,"column":51}},"14":{"start":{"line":40,"column":8},"end":{"line":40,"column":55}},"15":{"start":{"line":43,"column":4},"end":{"line":43,"column":27}},"16":{"start":{"line":46,"column":21},"end":{"line":64,"column":3}},"17":{"start":{"line":47,"column":4},"end":{"line":50,"column":5}},"18":{"start":{"line":48,"column":6},"end":{"line":48,"column":72}},"19":{"start":{"line":49,"column":6},"end":{"line":49,"column":13}},"20":{"start":{"line":52,"column":4},"end":{"line":63,"column":5}},"21":{"start":{"line":53,"column":27},"end":{"line":53,"column":43}},"22":{"start":{"line":54,"column":6},"end":{"line":54,"column":82}},"23":{"start":{"line":55,"column":6},"end":{"line":55,"column":37}},"24":{"start":{"line":56,"column":6},"end":{"line":56,"column":58}},"25":{"start":{"line":57,"column":6},"end":{"line":59,"column":7}},"26":{"start":{"line":58,"column":8},"end":{"line":58,"column":24}},"27":{"start":{"line":61,"column":6},"end":{"line":61,"column":53}},"28":{"start":{"line":62,"column":6},"end":{"line":62,"column":71}},"29":{"start":{"line":66,"column":2},"end":{"line":84,"column":4}},"30":{"start":{"line":87,"column":15},"end":{"line":123,"column":2}}},"fnMap":{"0":{"name":"BudgetScreen","decl":{"start":{"line":20,"column":24},"end":{"line":20,"column":36}},"loc":{"start":{"line":20,"column":75},"end":{"line":85,"column":1}},"line":20},"1":{"name":"(anonymous_1)","decl":{"start":{"line":25,"column":12},"end":{"line":25,"column":13}},"loc":{"start":{"line":25,"column":18},"end":{"line":44,"column":3}},"line":25},"2":{"name":"(anonymous_2)","decl":{"start":{"line":26,"column":33},"end":{"line":26,"column":34}},"loc":{"start":{"line":26,"column":45},"end":{"line":42,"column":5}},"line":26},"3":{"name":"(anonymous_3)","decl":{"start":{"line":46,"column":21},"end":{"line":46,"column":22}},"loc":{"start":{"line":46,"column":33},"end":{"line":64,"column":3}},"line":46}},"branchMap":{"0":{"loc":{"start":{"line":29,"column":8},"end":{"line":38,"column":9}},"type":"if","locations":[{"start":{"line":29,"column":8},"end":{"line":38,"column":9}},{"start":{"line":36,"column":15},"end":{"line":38,"column":9}}],"line":29},"1":{"loc":{"start":{"line":32,"column":10},"end":{"line":35,"column":11}},"type":"if","locations":[{"start":{"line":32,"column":10},"end":{"line":35,"column":11}},{"start":{},"end":{}}],"line":32},"2":{"loc":{"start":{"line":47,"column":4},"end":{"line":50,"column":5}},"type":"if","locations":[{"start":{"line":47,"column":4},"end":{"line":50,"column":5}},{"start":{},"end":{}}],"line":47},"3":{"loc":{"start":{"line":47,"column":8},"end":{"line":47,"column":67}},"type":"binary-expr","locations":[{"start":{"line":47,"column":8},"end":{"line":47,"column":15}},{"start":{"line":47,"column":19},"end":{"line":47,"column":42}},{"start":{"line":47,"column":46},"end":{"line":47,"column":67}}],"line":47},"4":{"loc":{"start":{"line":57,"column":6},"end":{"line":59,"column":7}},"type":"if","locations":[{"start":{"line":57,"column":6},"end":{"line":59,"column":7}},{"start":{},"end":{}}],"line":57},"5":{"loc":{"start":{"line":69,"column":7},"end":{"line":71,"column":7}},"type":"binary-expr","locations":[{"start":{"line":69,"column":7},"end":{"line":69,"column":29}},{"start":{"line":70,"column":8},"end":{"line":70,"column":104}}],"line":69}},"s":{"0":0,"1":0,"2":0,"3":0,"4":0,"5":0,"6":0,"7":0,"8":0,"9":0,"10":0,"11":0,"12":0,"13":0,"14":0,"15":0,"16":0,"17":0,"18":0,"19":0,"20":0,"21":0,"22":0,"23":0,"24":0,"25":0,"26":0,"27":0,"28":0,"29":0,"30":0},"f":{"0":0,"1":0,"2":0,"3":0},"b":{"0":[0,0],"1":[0,0],"2":[0,0],"3":[0,0,0],"4":[0,0],"5":[0,0]}}
,"D:\\DamBaoChatLuong\\dambaochatluong\\Bambon_fe\\app\\(tabs)\\_layout.tsx": {"path":"D:\\DamBaoChatLuong\\dambaochatluong\\Bambon_fe\\app\\(tabs)\\_layout.tsx","statementMap":{"0":{"start":{"line":12,"column":22},"end":{"line":12,"column":38}},"1":{"start":{"line":13,"column":21},"end":{"line":13,"column":43}},"2":{"start":{"line":15,"column":2},"end":{"line":61,"column":4}},"3":{"start":{"line":34,"column":35},"end":{"line":34,"column":83}},"4":{"start":{"line":41,"column":35},"end":{"line":41,"column":85}},"5":{"start":{"line":48,"column":35},"end":{"line":48,"column":83}},"6":{"start":{"line":55,"column":35},"end":{"line":55,"column":85}},"7":{"start":{"line":64,"column":15},"end":{"line":76,"column":2}}},"fnMap":{"0":{"name":"TabLayout","decl":{"start":{"line":11,"column":24},"end":{"line":11,"column":33}},"loc":{"start":{"line":11,"column":36},"end":{"line":62,"column":1}},"line":11},"1":{"name":"(anonymous_1)","decl":{"start":{"line":34,"column":20},"end":{"line":34,"column":21}},"loc":{"start":{"line":34,"column":35},"end":{"line":34,"column":83}},"line":34},"2":{"name":"(anonymous_2)","decl":{"start":{"line":41,"column":20},"end":{"line":41,"column":21}},"loc":{"start":{"line":41,"column":35},"end":{"line":41,"column":85}},"line":41},"3":{"name":"(anonymous_3)","decl":{"start":{"line":48,"column":20},"end":{"line":48,"column":21}},"loc":{"start":{"line":48,"column":35},"end":{"line":48,"column":83}},"line":48},"4":{"name":"(anonymous_4)","decl":{"start":{"line":55,"column":20},"end":{"line":55,"column":21}},"loc":{"start":{"line":55,"column":35},"end":{"line":55,"column":85}},"line":55}},"branchMap":{"0":{"loc":{"start":{"line":20,"column":40},"end":{"line":20,"column":62}},"type":"binary-expr","locations":[{"start":{"line":20,"column":40},"end":{"line":20,"column":51}},{"start":{"line":20,"column":55},"end":{"line":20,"column":62}}],"line":20}},"s":{"0":0,"1":0,"2":0,"3":0,"4":0,"5":0,"6":0,"7":0},"f":{"0":0,"1":0,"2":0,"3":0,"4":0},"b":{"0":[0,0]}}
,"D:\\DamBaoChatLuong\\dambaochatluong\\Bambon_fe\\app\\(tabs)\\home.tsx": {"path":"D:\\DamBaoChatLuong\\dambaochatluong\\Bambon_fe\\app\\(tabs)\\home.tsx","statementMap":{"0":{"start":{"line":39,"column":42},"end":{"line":39,"column":61}},"1":{"start":{"line":40,"column":32},"end":{"line":40,"column":55}},"2":{"start":{"line":41,"column":38},"end":{"line":41,"column":62}},"3":{"start":{"line":42,"column":56},"end":{"line":42,"column":82}},"4":{"start":{"line":43,"column":56},"end":{"line":43,"column":75}},"5":{"start":{"line":44,"column":34},"end":{"line":44,"column":58}},"6":{"start":{"line":45,"column":38},"end":{"line":45,"column":61}},"7":{"start":{"line":46,"column":40},"end":{"line":46,"column":63}},"8":{"start":{"line":47,"column":38},"end":{"line":47,"column":62}},"9":{"start":{"line":48,"column":36},"end":{"line":48,"column":60}},"10":{"start":{"line":49,"column":52},"end":{"line":49,"column":71}},"11":{"start":{"line":50,"column":30},"end":{"line":50,"column":59}},"12":{"start":{"line":51,"column":54},"end":{"line":51,"column":78}},"13":{"start":{"line":52,"column":58},"end":{"line":52,"column":82}},"14":{"start":{"line":53,"column":30},"end":{"line":53,"column":82}},"15":{"start":{"line":55,"column":37},"end":{"line":74,"column":3}},"16":{"start":{"line":56,"column":4},"end":{"line":73,"column":5}},"17":{"start":{"line":57,"column":20},"end":{"line":57,"column":55}},"18":{"start":{"line":58,"column":21},"end":{"line":58,"column":57}},"19":{"start":{"line":59,"column":6},"end":{"line":59,"column":60}},"20":{"start":{"line":59,"column":19},"end":{"line":59,"column":60}},"21":{"start":{"line":61,"column":35},"end":{"line":61,"column":91}},"22":{"start":{"line":62,"column":6},"end":{"line":62,"column":49}},"23":{"start":{"line":64,"column":29},"end":{"line":64,"column":79}},"24":{"start":{"line":65,"column":6},"end":{"line":67,"column":7}},"25":{"start":{"line":66,"column":8},"end":{"line":66,"column":46}},"26":{"start":{"line":69,"column":6},"end":{"line":69,"column":51}},"27":{"start":{"line":71,"column":6},"end":{"line":71,"column":24}},"28":{"start":{"line":72,"column":6},"end":{"line":72,"column":27}},"29":{"start":{"line":76,"column":35},"end":{"line":102,"column":3}},"30":{"start":{"line":77,"column":16},"end":{"line":77,"column":26}},"31":{"start":{"line":78,"column":4},"end":{"line":101,"column":7}},"32":{"start":{"line":79,"column":30},"end":{"line":79,"column":46}},"33":{"start":{"line":80,"column":6},"end":{"line":100,"column":7}},"34":{"start":{"line":82,"column":10},"end":{"line":86,"column":12}},"35":{"start":{"line":88,"column":30},"end":{"line":88,"column":43}},"36":{"start":{"line":89,"column":10},"end":{"line":89,"column":60}},"37":{"start":{"line":90,"column":10},"end":{"line":90,"column":48}},"38":{"start":{"line":92,"column":10},"end":{"line":95,"column":12}},"39":{"start":{"line":97,"column":10},"end":{"line":97,"column":69}},"40":{"start":{"line":99,"column":10},"end":{"line":99,"column":22}},"41":{"start":{"line":104,"column":31},"end":{"line":109,"column":4}},"42":{"start":{"line":105,"column":4},"end":{"line":105,"column":47}},"43":{"start":{"line":105,"column":35},"end":{"line":105,"column":47}},"44":{"start":{"line":106,"column":4},"end":{"line":106,"column":48}},"45":{"start":{"line":106,"column":20},"end":{"line":106,"column":48}},"46":{"start":{"line":107,"column":4},"end":{"line":107,"column":48}},"47":{"start":{"line":107,"column":21},"end":{"line":107,"column":48}},"48":{"start":{"line":108,"column":4},"end":{"line":108,"column":17}},"49":{"start":{"line":111,"column":2},"end":{"line":113,"column":9}},"50":{"start":{"line":112,"column":4},"end":{"line":112,"column":33}},"51":{"start":{"line":115,"column":2},"end":{"line":134,"column":57}},"52":{"start":{"line":116,"column":4},"end":{"line":133,"column":5}},"53":{"start":{"line":117,"column":6},"end":{"line":117,"column":63}},"54":{"start":{"line":118,"column":6},"end":{"line":118,"column":51}},"55":{"start":{"line":120,"column":6},"end":{"line":132,"column":7}},"56":{"start":{"line":121,"column":29},"end":{"line":123,"column":48}},"57":{"start":{"line":122,"column":25},"end":{"line":122,"column":45}},"58":{"start":{"line":123,"column":30},"end":{"line":123,"column":44}},"59":{"start":{"line":124,"column":32},"end":{"line":124,"column":44}},"60":{"start":{"line":125,"column":8},"end":{"line":131,"column":9}},"61":{"start":{"line":126,"column":10},"end":{"line":130,"column":12}},"62":{"start":{"line":129,"column":42},"end":{"line":129,"column":69}},"63":{"start":{"line":136,"column":20},"end":{"line":139,"column":3}},"64":{"start":{"line":137,"column":4},"end":{"line":137,"column":24}},"65":{"start":{"line":138,"column":4},"end":{"line":138,"column":33}},"66":{"start":{"line":141,"column":22},"end":{"line":143,"column":42}},"67":{"start":{"line":142,"column":19},"end":{"line":142,"column":38}},"68":{"start":{"line":143,"column":24},"end":{"line":143,"column":38}},"69":{"start":{"line":145,"column":23},"end":{"line":147,"column":42}},"70":{"start":{"line":146,"column":19},"end":{"line":146,"column":39}},"71":{"start":{"line":147,"column":24},"end":{"line":147,"column":38}},"72":{"start":{"line":149,"column":18},"end":{"line":149,"column":77}},"73":{"start":{"line":151,"column":33},"end":{"line":155,"column":3}},"74":{"start":{"line":152,"column":4},"end":{"line":152,"column":40}},"75":{"start":{"line":153,"column":4},"end":{"line":153,"column":77}},"76":{"start":{"line":154,"column":4},"end":{"line":154,"column":24}},"77":{"start":{"line":157,"column":21},"end":{"line":160,"column":3}},"78":{"start":{"line":158,"column":4},"end":{"line":158,"column":33}},"79":{"start":{"line":159,"column":4},"end":{"line":159,"column":24}},"80":{"start":{"line":162,"column":31},"end":{"line":171,"column":3}},"81":{"start":{"line":163,"column":29},"end":{"line":166,"column":5}},"82":{"start":{"line":167,"column":4},"end":{"line":167,"column":93}},"83":{"start":{"line":167,"column":49},"end":{"line":167,"column":91}},"84":{"start":{"line":168,"column":4},"end":{"line":170,"column":5}},"85":{"start":{"line":169,"column":6},"end":{"line":169,"column":25}},"86":{"start":{"line":173,"column":23},"end":{"line":175,"column":3}},"87":{"start":{"line":174,"column":4},"end":{"line":174,"column":31}},"88":{"start":{"line":177,"column":24},"end":{"line":179,"column":3}},"89":{"start":{"line":178,"column":4},"end":{"line":178,"column":33}},"90":{"start":{"line":181,"column":31},"end":{"line":188,"column":3}},"91":{"start":{"line":182,"column":4},"end":{"line":182,"column":31}},"92":{"start":{"line":183,"column":4},"end":{"line":187,"column":5}},"93":{"start":{"line":184,"column":6},"end":{"line":184,"column":51}},"94":{"start":{"line":186,"column":6},"end":{"line":186,"column":63}},"95":{"start":{"line":191,"column":28},"end":{"line":212,"column":3}},"96":{"start":{"line":192,"column":4},"end":{"line":211,"column":5}},"97":{"start":{"line":193,"column":23},"end":{"line":196,"column":7}},"98":{"start":{"line":197,"column":33},"end":{"line":197,"column":46}},"99":{"start":{"line":198,"column":6},"end":{"line":200,"column":8}},"100":{"start":{"line":199,"column":8},"end":{"line":199,"column":84}},"101":{"start":{"line":199,"column":25},"end":{"line":199,"column":82}},"102":{"start":{"line":201,"column":6},"end":{"line":201,"column":49}},"103":{"start":{"line":202,"column":6},"end":{"line":202,"column":26}},"104":{"start":{"line":203,"column":6},"end":{"line":203,"column":63}},"105":{"start":{"line":204,"column":6},"end":{"line":204,"column":35}},"106":{"start":{"line":206,"column":6},"end":{"line":206,"column":46}},"107":{"start":{"line":207,"column":6},"end":{"line":210,"column":8}},"108":{"start":{"line":215,"column":28},"end":{"line":242,"column":3}},"109":{"start":{"line":216,"column":4},"end":{"line":241,"column":6}},"110":{"start":{"line":225,"column":12},"end":{"line":237,"column":13}},"111":{"start":{"line":226,"column":14},"end":{"line":226,"column":81}},"112":{"start":{"line":227,"column":14},"end":{"line":227,"column":85}},"113":{"start":{"line":227,"column":40},"end":{"line":227,"column":83}},"114":{"start":{"line":227,"column":59},"end":{"line":227,"column":82}},"115":{"start":{"line":228,"column":14},"end":{"line":228,"column":43}},"116":{"start":{"line":229,"column":14},"end":{"line":229,"column":66}},"117":{"start":{"line":230,"column":14},"end":{"line":230,"column":43}},"118":{"start":{"line":232,"column":14},"end":{"line":232,"column":54}},"119":{"start":{"line":233,"column":14},"end":{"line":236,"column":16}},"120":{"start":{"line":244,"column":18},"end":{"line":249,"column":3}},"121":{"start":{"line":245,"column":4},"end":{"line":248,"column":7}},"122":{"start":{"line":251,"column":21},"end":{"line":254,"column":3}},"123":{"start":{"line":252,"column":21},"end":{"line":252,"column":87}},"124":{"start":{"line":252,"column":75},"end":{"line":252,"column":86}},"125":{"start":{"line":253,"column":4},"end":{"line":253,"column":68}},"126":{"start":{"line":256,"column":21},"end":{"line":260,"column":3}},"127":{"start":{"line":257,"column":21},"end":{"line":257,"column":49}},"128":{"start":{"line":258,"column":4},"end":{"line":258,"column":61}},"129":{"start":{"line":259,"column":4},"end":{"line":259,"column":68}},"130":{"start":{"line":262,"column":28},"end":{"line":265,"column":3}},"131":{"start":{"line":263,"column":4},"end":{"line":263,"column":35}},"132":{"start":{"line":264,"column":4},"end":{"line":264,"column":33}},"133":{"start":{"line":267,"column":20},"end":{"line":274,"column":3}},"134":{"start":{"line":276,"column":43},"end":{"line":283,"column":3}},"135":{"start":{"line":281,"column":28},"end":{"line":281,"column":59}},"136":{"start":{"line":282,"column":33},"end":{"line":282,"column":60}},"137":{"start":{"line":285,"column":2},"end":{"line":587,"column":4}},"138":{"start":{"line":305,"column":51},"end":{"line":305,"column":80}},"139":{"start":{"line":344,"column":35},"end":{"line":344,"column":51}},"140":{"start":{"line":350,"column":35},"end":{"line":350,"column":52}},"141":{"start":{"line":356,"column":35},"end":{"line":356,"column":53}},"142":{"start":{"line":362,"column":35},"end":{"line":362,"column":52}},"143":{"start":{"line":382,"column":34},"end":{"line":382,"column":42}},"144":{"start":{"line":385,"column":12},"end":{"line":407,"column":31}},"145":{"start":{"line":385,"column":45},"end":{"line":385,"column":73}},"146":{"start":{"line":418,"column":30},"end":{"line":418,"column":60}},"147":{"start":{"line":424,"column":27},"end":{"line":424,"column":57}},"148":{"start":{"line":452,"column":26},"end":{"line":452,"column":84}},"149":{"start":{"line":463,"column":26},"end":{"line":463,"column":88}},"150":{"start":{"line":475,"column":26},"end":{"line":475,"column":101}},"151":{"start":{"line":482,"column":22},"end":{"line":522,"column":29}},"152":{"start":{"line":488,"column":52},"end":{"line":488,"column":90}},"153":{"start":{"line":499,"column":30},"end":{"line":499,"column":80}},"154":{"start":{"line":511,"column":30},"end":{"line":511,"column":77}},"155":{"start":{"line":517,"column":41},"end":{"line":517,"column":58}},"156":{"start":{"line":533,"column":24},"end":{"line":538,"column":31}},"157":{"start":{"line":556,"column":37},"end":{"line":556,"column":56}},"158":{"start":{"line":565,"column":37},"end":{"line":565,"column":55}},"159":{"start":{"line":571,"column":37},"end":{"line":571,"column":79}},"160":{"start":{"line":590,"column":15},"end":{"line":714,"column":2}}},"fnMap":{"0":{"name":"HomeScreen","decl":{"start":{"line":38,"column":24},"end":{"line":38,"column":34}},"loc":{"start":{"line":38,"column":68},"end":{"line":588,"column":1}},"line":38},"1":{"name":"(anonymous_1)","decl":{"start":{"line":55,"column":37},"end":{"line":55,"column":38}},"loc":{"start":{"line":55,"column":49},"end":{"line":74,"column":3}},"line":55},"2":{"name":"(anonymous_2)","decl":{"start":{"line":76,"column":35},"end":{"line":76,"column":36}},"loc":{"start":{"line":76,"column":60},"end":{"line":102,"column":3}},"line":76},"3":{"name":"(anonymous_3)","decl":{"start":{"line":78,"column":31},"end":{"line":78,"column":32}},"loc":{"start":{"line":78,"column":38},"end":{"line":101,"column":5}},"line":78},"4":{"name":"(anonymous_4)","decl":{"start":{"line":104,"column":77},"end":{"line":104,"column":78}},"loc":{"start":{"line":104,"column":84},"end":{"line":109,"column":3}},"line":104},"5":{"name":"(anonymous_5)","decl":{"start":{"line":111,"column":12},"end":{"line":111,"column":13}},"loc":{"start":{"line":111,"column":18},"end":{"line":113,"column":3}},"line":111},"6":{"name":"(anonymous_6)","decl":{"start":{"line":115,"column":12},"end":{"line":115,"column":13}},"loc":{"start":{"line":115,"column":18},"end":{"line":134,"column":3}},"line":115},"7":{"name":"(anonymous_7)","decl":{"start":{"line":122,"column":18},"end":{"line":122,"column":19}},"loc":{"start":{"line":122,"column":25},"end":{"line":122,"column":45}},"line":122},"8":{"name":"(anonymous_8)","decl":{"start":{"line":123,"column":18},"end":{"line":123,"column":19}},"loc":{"start":{"line":123,"column":30},"end":{"line":123,"column":44}},"line":123},"9":{"name":"(anonymous_9)","decl":{"start":{"line":129,"column":36},"end":{"line":129,"column":37}},"loc":{"start":{"line":129,"column":42},"end":{"line":129,"column":69}},"line":129},"10":{"name":"(anonymous_10)","decl":{"start":{"line":136,"column":20},"end":{"line":136,"column":21}},"loc":{"start":{"line":136,"column":26},"end":{"line":139,"column":3}},"line":136},"11":{"name":"(anonymous_11)","decl":{"start":{"line":142,"column":12},"end":{"line":142,"column":13}},"loc":{"start":{"line":142,"column":19},"end":{"line":142,"column":38}},"line":142},"12":{"name":"(anonymous_12)","decl":{"start":{"line":143,"column":12},"end":{"line":143,"column":13}},"loc":{"start":{"line":143,"column":24},"end":{"line":143,"column":38}},"line":143},"13":{"name":"(anonymous_13)","decl":{"start":{"line":146,"column":12},"end":{"line":146,"column":13}},"loc":{"start":{"line":146,"column":19},"end":{"line":146,"column":39}},"line":146},"14":{"name":"(anonymous_14)","decl":{"start":{"line":147,"column":12},"end":{"line":147,"column":13}},"loc":{"start":{"line":147,"column":24},"end":{"line":147,"column":38}},"line":147},"15":{"name":"(anonymous_15)","decl":{"start":{"line":151,"column":33},"end":{"line":151,"column":34}},"loc":{"start":{"line":151,"column":55},"end":{"line":155,"column":3}},"line":151},"16":{"name":"(anonymous_16)","decl":{"start":{"line":157,"column":21},"end":{"line":157,"column":22}},"loc":{"start":{"line":157,"column":27},"end":{"line":160,"column":3}},"line":157},"17":{"name":"(anonymous_17)","decl":{"start":{"line":162,"column":31},"end":{"line":162,"column":32}},"loc":{"start":{"line":162,"column":37},"end":{"line":171,"column":3}},"line":162},"18":{"name":"(anonymous_18)","decl":{"start":{"line":167,"column":27},"end":{"line":167,"column":28}},"loc":{"start":{"line":167,"column":49},"end":{"line":167,"column":91}},"line":167},"19":{"name":"(anonymous_19)","decl":{"start":{"line":173,"column":23},"end":{"line":173,"column":24}},"loc":{"start":{"line":173,"column":29},"end":{"line":175,"column":3}},"line":173},"20":{"name":"(anonymous_20)","decl":{"start":{"line":177,"column":24},"end":{"line":177,"column":25}},"loc":{"start":{"line":177,"column":30},"end":{"line":179,"column":3}},"line":177},"21":{"name":"(anonymous_21)","decl":{"start":{"line":181,"column":31},"end":{"line":181,"column":32}},"loc":{"start":{"line":181,"column":37},"end":{"line":188,"column":3}},"line":181},"22":{"name":"(anonymous_22)","decl":{"start":{"line":191,"column":28},"end":{"line":191,"column":29}},"loc":{"start":{"line":191,"column":40},"end":{"line":212,"column":3}},"line":191},"23":{"name":"(anonymous_23)","decl":{"start":{"line":198,"column":22},"end":{"line":198,"column":23}},"loc":{"start":{"line":199,"column":8},"end":{"line":199,"column":84}},"line":199},"24":{"name":"(anonymous_24)","decl":{"start":{"line":199,"column":17},"end":{"line":199,"column":18}},"loc":{"start":{"line":199,"column":25},"end":{"line":199,"column":82}},"line":199},"25":{"name":"(anonymous_25)","decl":{"start":{"line":215,"column":28},"end":{"line":215,"column":29}},"loc":{"start":{"line":215,"column":61},"end":{"line":242,"column":3}},"line":215},"26":{"name":"(anonymous_26)","decl":{"start":{"line":224,"column":19},"end":{"line":224,"column":20}},"loc":{"start":{"line":224,"column":31},"end":{"line":238,"column":11}},"line":224},"27":{"name":"(anonymous_27)","decl":{"start":{"line":227,"column":30},"end":{"line":227,"column":31}},"loc":{"start":{"line":227,"column":40},"end":{"line":227,"column":83}},"line":227},"28":{"name":"(anonymous_28)","decl":{"start":{"line":227,"column":52},"end":{"line":227,"column":53}},"loc":{"start":{"line":227,"column":59},"end":{"line":227,"column":82}},"line":227},"29":{"name":"(anonymous_29)","decl":{"start":{"line":244,"column":18},"end":{"line":244,"column":19}},"loc":{"start":{"line":244,"column":24},"end":{"line":249,"column":3}},"line":244},"30":{"name":"(anonymous_30)","decl":{"start":{"line":251,"column":21},"end":{"line":251,"column":22}},"loc":{"start":{"line":251,"column":40},"end":{"line":254,"column":3}},"line":251},"31":{"name":"(anonymous_31)","decl":{"start":{"line":252,"column":52},"end":{"line":252,"column":53}},"loc":{"start":{"line":252,"column":75},"end":{"line":252,"column":86}},"line":252},"32":{"name":"(anonymous_32)","decl":{"start":{"line":256,"column":21},"end":{"line":256,"column":22}},"loc":{"start":{"line":256,"column":79},"end":{"line":260,"column":3}},"line":256},"33":{"name":"(anonymous_33)","decl":{"start":{"line":262,"column":28},"end":{"line":262,"column":29}},"loc":{"start":{"line":262,"column":34},"end":{"line":265,"column":3}},"line":262},"34":{"name":"(anonymous_34)","decl":{"start":{"line":281,"column":11},"end":{"line":281,"column":12}},"loc":{"start":{"line":281,"column":28},"end":{"line":281,"column":59}},"line":281},"35":{"name":"(anonymous_35)","decl":{"start":{"line":282,"column":16},"end":{"line":282,"column":17}},"loc":{"start":{"line":282,"column":33},"end":{"line":282,"column":60}},"line":282},"36":{"name":"(anonymous_36)","decl":{"start":{"line":305,"column":45},"end":{"line":305,"column":46}},"loc":{"start":{"line":305,"column":51},"end":{"line":305,"column":80}},"line":305},"37":{"name":"(anonymous_37)","decl":{"start":{"line":344,"column":29},"end":{"line":344,"column":30}},"loc":{"start":{"line":344,"column":35},"end":{"line":344,"column":51}},"line":344},"38":{"name":"(anonymous_38)","decl":{"start":{"line":350,"column":29},"end":{"line":350,"column":30}},"loc":{"start":{"line":350,"column":35},"end":{"line":350,"column":52}},"line":350},"39":{"name":"(anonymous_39)","decl":{"start":{"line":356,"column":29},"end":{"line":356,"column":30}},"loc":{"start":{"line":356,"column":35},"end":{"line":356,"column":53}},"line":356},"40":{"name":"(anonymous_40)","decl":{"start":{"line":362,"column":29},"end":{"line":362,"column":30}},"loc":{"start":{"line":362,"column":35},"end":{"line":362,"column":52}},"line":362},"41":{"name":"(anonymous_41)","decl":{"start":{"line":382,"column":24},"end":{"line":382,"column":25}},"loc":{"start":{"line":382,"column":34},"end":{"line":382,"column":42}},"line":382},"42":{"name":"(anonymous_42)","decl":{"start":{"line":384,"column":22},"end":{"line":384,"column":23}},"loc":{"start":{"line":385,"column":12},"end":{"line":407,"column":31}},"line":385},"43":{"name":"(anonymous_43)","decl":{"start":{"line":385,"column":39},"end":{"line":385,"column":40}},"loc":{"start":{"line":385,"column":45},"end":{"line":385,"column":73}},"line":385},"44":{"name":"(anonymous_44)","decl":{"start":{"line":418,"column":24},"end":{"line":418,"column":25}},"loc":{"start":{"line":418,"column":30},"end":{"line":418,"column":60}},"line":418},"45":{"name":"(anonymous_45)","decl":{"start":{"line":424,"column":21},"end":{"line":424,"column":22}},"loc":{"start":{"line":424,"column":27},"end":{"line":424,"column":57}},"line":424},"46":{"name":"(anonymous_46)","decl":{"start":{"line":451,"column":38},"end":{"line":451,"column":39}},"loc":{"start":{"line":452,"column":26},"end":{"line":452,"column":84}},"line":452},"47":{"name":"(anonymous_47)","decl":{"start":{"line":462,"column":38},"end":{"line":462,"column":39}},"loc":{"start":{"line":463,"column":26},"end":{"line":463,"column":88}},"line":463},"48":{"name":"(anonymous_48)","decl":{"start":{"line":474,"column":38},"end":{"line":474,"column":39}},"loc":{"start":{"line":475,"column":26},"end":{"line":475,"column":101}},"line":475},"49":{"name":"(anonymous_49)","decl":{"start":{"line":481,"column":49},"end":{"line":481,"column":50}},"loc":{"start":{"line":482,"column":22},"end":{"line":522,"column":29}},"line":482},"50":{"name":"(anonymous_50)","decl":{"start":{"line":488,"column":42},"end":{"line":488,"column":43}},"loc":{"start":{"line":488,"column":52},"end":{"line":488,"column":90}},"line":488},"51":{"name":"(anonymous_51)","decl":{"start":{"line":498,"column":42},"end":{"line":498,"column":43}},"loc":{"start":{"line":499,"column":30},"end":{"line":499,"column":80}},"line":499},"52":{"name":"(anonymous_52)","decl":{"start":{"line":510,"column":42},"end":{"line":510,"column":43}},"loc":{"start":{"line":511,"column":30},"end":{"line":511,"column":77}},"line":511},"53":{"name":"(anonymous_53)","decl":{"start":{"line":517,"column":35},"end":{"line":517,"column":36}},"loc":{"start":{"line":517,"column":41},"end":{"line":517,"column":58}},"line":517},"54":{"name":"(anonymous_54)","decl":{"start":{"line":532,"column":52},"end":{"line":532,"column":53}},"loc":{"start":{"line":533,"column":24},"end":{"line":538,"column":31}},"line":533},"55":{"name":"(anonymous_55)","decl":{"start":{"line":556,"column":31},"end":{"line":556,"column":32}},"loc":{"start":{"line":556,"column":37},"end":{"line":556,"column":56}},"line":556},"56":{"name":"(anonymous_56)","decl":{"start":{"line":565,"column":31},"end":{"line":565,"column":32}},"loc":{"start":{"line":565,"column":37},"end":{"line":565,"column":55}},"line":565},"57":{"name":"(anonymous_57)","decl":{"start":{"line":571,"column":31},"end":{"line":571,"column":32}},"loc":{"start":{"line":571,"column":37},"end":{"line":571,"column":79}},"line":571}},"branchMap":{"0":{"loc":{"start":{"line":59,"column":6},"end":{"line":59,"column":60}},"type":"if","locations":[{"start":{"line":59,"column":6},"end":{"line":59,"column":60}},{"start":{},"end":{}}],"line":59},"1":{"loc":{"start":{"line":65,"column":6},"end":{"line":67,"column":7}},"type":"if","locations":[{"start":{"line":65,"column":6},"end":{"line":67,"column":7}},{"start":{},"end":{}}],"line":65},"2":{"loc":{"start":{"line":80,"column":6},"end":{"line":100,"column":7}},"type":"switch","locations":[{"start":{"line":81,"column":8},"end":{"line":86,"column":12}},{"start":{"line":87,"column":8},"end":{"line":90,"column":48}},{"start":{"line":91,"column":8},"end":{"line":95,"column":12}},{"start":{"line":96,"column":8},"end":{"line":97,"column":69}},{"start":{"line":98,"column":8},"end":{"line":99,"column":22}}],"line":80},"3":{"loc":{"start":{"line":83,"column":12},"end":{"line":85,"column":63}},"type":"binary-expr","locations":[{"start":{"line":83,"column":12},"end":{"line":83,"column":55}},{"start":{"line":84,"column":12},"end":{"line":84,"column":57}},{"start":{"line":85,"column":12},"end":{"line":85,"column":63}}],"line":83},"4":{"loc":{"start":{"line":93,"column":12},"end":{"line":94,"column":63}},"type":"binary-expr","locations":[{"start":{"line":93,"column":12},"end":{"line":93,"column":57}},{"start":{"line":94,"column":12},"end":{"line":94,"column":63}}],"line":93},"5":{"loc":{"start":{"line":105,"column":4},"end":{"line":105,"column":47}},"type":"if","locations":[{"start":{"line":105,"column":4},"end":{"line":105,"column":47}},{"start":{},"end":{}}],"line":105},"6":{"loc":{"start":{"line":105,"column":8},"end":{"line":105,"column":33}},"type":"binary-expr","locations":[{"start":{"line":105,"column":8},"end":{"line":105,"column":18}},{"start":{"line":105,"column":22},"end":{"line":105,"column":33}}],"line":105},"7":{"loc":{"start":{"line":106,"column":4},"end":{"line":106,"column":48}},"type":"if","locations":[{"start":{"line":106,"column":4},"end":{"line":106,"column":48}},{"start":{},"end":{}}],"line":106},"8":{"loc":{"start":{"line":107,"column":4},"end":{"line":107,"column":48}},"type":"if","locations":[{"start":{"line":107,"column":4},"end":{"line":107,"column":48}},{"start":{},"end":{}}],"line":107},"9":{"loc":{"start":{"line":116,"column":4},"end":{"line":133,"column":5}},"type":"if","locations":[{"start":{"line":116,"column":4},"end":{"line":133,"column":5}},{"start":{},"end":{}}],"line":116},"10":{"loc":{"start":{"line":120,"column":6},"end":{"line":132,"column":7}},"type":"if","locations":[{"start":{"line":120,"column":6},"end":{"line":132,"column":7}},{"start":{},"end":{}}],"line":120},"11":{"loc":{"start":{"line":120,"column":10},"end":{"line":120,"column":39}},"type":"binary-expr","locations":[{"start":{"line":120,"column":10},"end":{"line":120,"column":16}},{"start":{"line":120,"column":20},"end":{"line":120,"column":39}}],"line":120},"12":{"loc":{"start":{"line":125,"column":8},"end":{"line":131,"column":9}},"type":"if","locations":[{"start":{"line":125,"column":8},"end":{"line":131,"column":9}},{"start":{},"end":{}}],"line":125},"13":{"loc":{"start":{"line":149,"column":18},"end":{"line":149,"column":77}},"type":"cond-expr","locations":[{"start":{"line":149,"column":27},"end":{"line":149,"column":48}},{"start":{"line":149,"column":51},"end":{"line":149,"column":77}}],"line":149},"14":{"loc":{"start":{"line":153,"column":50},"end":{"line":153,"column":73}},"type":"binary-expr","locations":[{"start":{"line":153,"column":50},"end":{"line":153,"column":67}},{"start":{"line":153,"column":71},"end":{"line":153,"column":73}}],"line":153},"15":{"loc":{"start":{"line":168,"column":4},"end":{"line":170,"column":5}},"type":"if","locations":[{"start":{"line":168,"column":4},"end":{"line":170,"column":5}},{"start":{},"end":{}}],"line":168},"16":{"loc":{"start":{"line":183,"column":4},"end":{"line":187,"column":5}},"type":"if","locations":[{"start":{"line":183,"column":4},"end":{"line":187,"column":5}},{"start":{"line":185,"column":11},"end":{"line":187,"column":5}}],"line":183},"17":{"loc":{"start":{"line":199,"column":25},"end":{"line":199,"column":82}},"type":"cond-expr","locations":[{"start":{"line":199,"column":60},"end":{"line":199,"column":78}},{"start":{"line":199,"column":81},"end":{"line":199,"column":82}}],"line":199},"18":{"loc":{"start":{"line":247,"column":18},"end":{"line":247,"column":47}},"type":"binary-expr","locations":[{"start":{"line":247,"column":18},"end":{"line":247,"column":41}},{"start":{"line":247,"column":45},"end":{"line":247,"column":47}}],"line":247},"19":{"loc":{"start":{"line":271,"column":42},"end":{"line":271,"column":67}},"type":"cond-expr","locations":[{"start":{"line":271,"column":56},"end":{"line":271,"column":63}},{"start":{"line":271,"column":66},"end":{"line":271,"column":67}}],"line":271},"20":{"loc":{"start":{"line":281,"column":12},"end":{"line":281,"column":23}},"type":"default-arg","locations":[{"start":{"line":281,"column":22},"end":{"line":281,"column":23}}],"line":281},"21":{"loc":{"start":{"line":282,"column":17},"end":{"line":282,"column":28}},"type":"default-arg","locations":[{"start":{"line":282,"column":27},"end":{"line":282,"column":28}}],"line":282},"22":{"loc":{"start":{"line":288,"column":7},"end":{"line":412,"column":7}},"type":"cond-expr","locations":[{"start":{"line":289,"column":8},"end":{"line":289,"column":80}},{"start":{"line":291,"column":8},"end":{"line":411,"column":10}}],"line":288},"23":{"loc":{"start":{"line":312,"column":21},"end":{"line":314,"column":21}},"type":"binary-expr","locations":[{"start":{"line":312,"column":21},"end":{"line":312,"column":32}},{"start":{"line":313,"column":22},"end":{"line":313,"column":97}}],"line":312},"24":{"loc":{"start":{"line":318,"column":21},"end":{"line":320,"column":21}},"type":"binary-expr","locations":[{"start":{"line":318,"column":21},"end":{"line":318,"column":31}},{"start":{"line":319,"column":22},"end":{"line":319,"column":97}}],"line":318},"25":{"loc":{"start":{"line":323,"column":17},"end":{"line":329,"column":17}},"type":"binary-expr","locations":[{"start":{"line":323,"column":17},"end":{"line":323,"column":23}},{"start":{"line":324,"column":18},"end":{"line":328,"column":25}}],"line":323},"26":{"loc":{"start":{"line":345,"column":49},"end":{"line":345,"column":88}},"type":"binary-expr","locations":[{"start":{"line":345,"column":49},"end":{"line":345,"column":65}},{"start":{"line":345,"column":69},"end":{"line":345,"column":88}}],"line":345},"27":{"loc":{"start":{"line":351,"column":49},"end":{"line":351,"column":89}},"type":"binary-expr","locations":[{"start":{"line":351,"column":49},"end":{"line":351,"column":66}},{"start":{"line":351,"column":70},"end":{"line":351,"column":89}}],"line":351},"28":{"loc":{"start":{"line":357,"column":49},"end":{"line":357,"column":90}},"type":"binary-expr","locations":[{"start":{"line":357,"column":49},"end":{"line":357,"column":67}},{"start":{"line":357,"column":71},"end":{"line":357,"column":90}}],"line":357},"29":{"loc":{"start":{"line":363,"column":49},"end":{"line":363,"column":89}},"type":"binary-expr","locations":[{"start":{"line":363,"column":49},"end":{"line":363,"column":66}},{"start":{"line":363,"column":70},"end":{"line":363,"column":89}}],"line":363},"30":{"loc":{"start":{"line":371,"column":17},"end":{"line":377,"column":17}},"type":"binary-expr","locations":[{"start":{"line":371,"column":17},"end":{"line":371,"column":25}},{"start":{"line":372,"column":18},"end":{"line":376,"column":37}}],"line":371},"31":{"loc":{"start":{"line":374,"column":23},"end":{"line":374,"column":60}},"type":"cond-expr","locations":[{"start":{"line":374,"column":36},"end":{"line":374,"column":45}},{"start":{"line":374,"column":48},"end":{"line":374,"column":60}}],"line":374},"32":{"loc":{"start":{"line":388,"column":24},"end":{"line":388,"column":74}},"type":"cond-expr","locations":[{"start":{"line":388,"column":49},"end":{"line":388,"column":59}},{"start":{"line":388,"column":62},"end":{"line":388,"column":74}}],"line":388},"33":{"loc":{"start":{"line":390,"column":25},"end":{"line":390,"column":71}},"type":"cond-expr","locations":[{"start":{"line":390,"column":50},"end":{"line":390,"column":59}},{"start":{"line":390,"column":62},"end":{"line":390,"column":71}}],"line":390},"34":{"loc":{"start":{"line":395,"column":21},"end":{"line":395,"column":81}},"type":"cond-expr","locations":[{"start":{"line":395,"column":33},"end":{"line":395,"column":73}},{"start":{"line":395,"column":76},"end":{"line":395,"column":81}}],"line":395},"35":{"loc":{"start":{"line":401,"column":20},"end":{"line":401,"column":85}},"type":"cond-expr","locations":[{"start":{"line":401,"column":45},"end":{"line":401,"column":63}},{"start":{"line":401,"column":66},"end":{"line":401,"column":85}}],"line":401},"36":{"loc":{"start":{"line":431,"column":7},"end":{"line":585,"column":7}},"type":"binary-expr","locations":[{"start":{"line":431,"column":7},"end":{"line":431,"column":26}},{"start":{"line":432,"column":8},"end":{"line":584,"column":16}}],"line":431},"37":{"loc":{"start":{"line":441,"column":17},"end":{"line":441,"column":67}},"type":"cond-expr","locations":[{"start":{"line":441,"column":29},"end":{"line":441,"column":44}},{"start":{"line":441,"column":47},"end":{"line":441,"column":67}}],"line":441},"38":{"loc":{"start":{"line":444,"column":17},"end":{"line":547,"column":17}},"type":"cond-expr","locations":[{"start":{"line":445,"column":18},"end":{"line":527,"column":25}},{"start":{"line":529,"column":18},"end":{"line":546,"column":21}}],"line":444},"39":{"loc":{"start":{"line":475,"column":79},"end":{"line":475,"column":98}},"type":"binary-expr","locations":[{"start":{"line":475,"column":79},"end":{"line":475,"column":93}},{"start":{"line":475,"column":97},"end":{"line":475,"column":98}}],"line":475},"40":{"loc":{"start":{"line":499,"column":60},"end":{"line":499,"column":79}},"type":"binary-expr","locations":[{"start":{"line":499,"column":60},"end":{"line":499,"column":74}},{"start":{"line":499,"column":78},"end":{"line":499,"column":79}}],"line":499},"41":{"loc":{"start":{"line":511,"column":57},"end":{"line":511,"column":76}},"type":"binary-expr","locations":[{"start":{"line":511,"column":57},"end":{"line":511,"column":71}},{"start":{"line":511,"column":75},"end":{"line":511,"column":76}}],"line":511},"42":{"loc":{"start":{"line":531,"column":21},"end":{"line":542,"column":21}},"type":"cond-expr","locations":[{"start":{"line":532,"column":22},"end":{"line":539,"column":24}},{"start":{"line":541,"column":22},"end":{"line":541,"column":84}}],"line":531},"43":{"loc":{"start":{"line":531,"column":21},"end":{"line":531,"column":86}},"type":"binary-expr","locations":[{"start":{"line":531,"column":21},"end":{"line":531,"column":46}},{"start":{"line":531,"column":50},"end":{"line":531,"column":86}}],"line":531},"44":{"loc":{"start":{"line":550,"column":17},"end":{"line":580,"column":17}},"type":"cond-expr","locations":[{"start":{"line":551,"column":18},"end":{"line":561,"column":21}},{"start":{"line":563,"column":18},"end":{"line":579,"column":21}}],"line":550}},"s":{"0":0,"1":0,"2":0,"3":0,"4":0,"5":0,"6":0,"7":0,"8":0,"9":0,"10":0,"11":0,"12":0,"13":0,"14":0,"15":0,"16":0,"17":0,"18":0,"19":0,"20":0,"21":0,"22":0,"23":0,"24":0,"25":0,"26":0,"27":0,"28":0,"29":0,"30":0,"31":0,"32":0,"33":0,"34":0,"35":0,"36":0,"37":0,"38":0,"39":0,"40":0,"41":0,"42":0,"43":0,"44":0,"45":0,"46":0,"47":0,"48":0,"49":0,"50":0,"51":0,"52":0,"53":0,"54":0,"55":0,"56":0,"57":0,"58":0,"59":0,"60":0,"61":0,"62":0,"63":0,"64":0,"65":0,"66":0,"67":0,"68":0,"69":0,"70":0,"71":0,"72":0,"73":0,"74":0,"75":0,"76":0,"77":0,"78":0,"79":0,"80":0,"81":0,"82":0,"83":0,"84":0,"85":0,"86":0,"87":0,"88":0,"89":0,"90":0,"91":0,"92":0,"93":0,"94":0,"95":0,"96":0,"97":0,"98":0,"99":0,"100":0,"101":0,"102":0,"103":0,"104":0,"105":0,"106":0,"107":0,"108":0,"109":0,"110":0,"111":0,"112":0,"113":0,"114":0,"115":0,"116":0,"117":0,"118":0,"119":0,"120":0,"121":0,"122":0,"123":0,"124":0,"125":0,"126":0,"127":0,"128":0,"129":0,"130":0,"131":0,"132":0,"133":0,"134":0,"135":0,"136":0,"137":0,"138":0,"139":0,"140":0,"141":0,"142":0,"143":0,"144":0,"145":0,"146":0,"147":0,"148":0,"149":0,"150":0,"151":0,"152":0,"153":0,"154":0,"155":0,"156":0,"157":0,"158":0,"159":0,"160":0},"f":{"0":0,"1":0,"2":0,"3":0,"4":0,"5":0,"6":0,"7":0,"8":0,"9":0,"10":0,"11":0,"12":0,"13":0,"14":0,"15":0,"16":0,"17":0,"18":0,"19":0,"20":0,"21":0,"22":0,"23":0,"24":0,"25":0,"26":0,"27":0,"28":0,"29":0,"30":0,"31":0,"32":0,"33":0,"34":0,"35":0,"36":0,"37":0,"38":0,"39":0,"40":0,"41":0,"42":0,"43":0,"44":0,"45":0,"46":0,"47":0,"48":0,"49":0,"50":0,"51":0,"52":0,"53":0,"54":0,"55":0,"56":0,"57":0},"b":{"0":[0,0],"1":[0,0],"2":[0,0,0,0,0],"3":[0,0,0],"4":[0,0],"5":[0,0],"6":[0,0],"7":[0,0],"8":[0,0],"9":[0,0],"10":[0,0],"11":[0,0],"12":[0,0],"13":[0,0],"14":[0,0],"15":[0,0],"16":[0,0],"17":[0,0],"18":[0,0],"19":[0,0],"20":[0],"21":[0],"22":[0,0],"23":[0,0],"24":[0,0],"25":[0,0],"26":[0,0],"27":[0,0],"28":[0,0],"29":[0,0],"30":[0,0],"31":[0,0],"32":[0,0],"33":[0,0],"34":[0,0],"35":[0,0],"36":[0,0],"37":[0,0],"38":[0,0],"39":[0,0],"40":[0,0],"41":[0,0],"42":[0,0],"43":[0,0],"44":[0,0]}}
,"D:\\DamBaoChatLuong\\dambaochatluong\\Bambon_fe\\app\\(tabs)\\scan.tsx": {"path":"D:\\DamBaoChatLuong\\dambaochatluong\\Bambon_fe\\app\\(tabs)\\scan.tsx","statementMap":{"0":{"start":{"line":12,"column":19},"end":{"line":164,"column":1}},"1":{"start":{"line":13,"column":30},"end":{"line":13,"column":58}},"2":{"start":{"line":14,"column":42},"end":{"line":14,"column":64}},"3":{"start":{"line":15,"column":34},"end":{"line":15,"column":63}},"4":{"start":{"line":16,"column":32},"end":{"line":16,"column":47}},"5":{"start":{"line":17,"column":48},"end":{"line":17,"column":74}},"6":{"start":{"line":18,"column":30},"end":{"line":18,"column":59}},"7":{"start":{"line":19,"column":20},"end":{"line":19,"column":44}},"8":{"start":{"line":21,"column":2},"end":{"line":30,"column":9}},"9":{"start":{"line":22,"column":22},"end":{"line":28,"column":5}},"10":{"start":{"line":23,"column":17},"end":{"line":23,"column":36}},"11":{"start":{"line":24,"column":6},"end":{"line":26,"column":7}},"12":{"start":{"line":25,"column":8},"end":{"line":25,"column":76}},"13":{"start":{"line":27,"column":6},"end":{"line":27,"column":20}},"14":{"start":{"line":29,"column":4},"end":{"line":29,"column":16}},"15":{"start":{"line":32,"column":2},"end":{"line":34,"column":3}},"16":{"start":{"line":33,"column":4},"end":{"line":33,"column":44}},"17":{"start":{"line":36,"column":2},"end":{"line":43,"column":3}},"18":{"start":{"line":37,"column":4},"end":{"line":42,"column":6}},"19":{"start":{"line":45,"column":2},"end":{"line":51,"column":3}},"20":{"start":{"line":46,"column":4},"end":{"line":50,"column":6}},"21":{"start":{"line":53,"column":29},"end":{"line":55,"column":3}},"22":{"start":{"line":54,"column":4},"end":{"line":54,"column":66}},"23":{"start":{"line":54,"column":26},"end":{"line":54,"column":63}},"24":{"start":{"line":57,"column":28},"end":{"line":73,"column":3}},"25":{"start":{"line":58,"column":4},"end":{"line":58,"column":21}},"26":{"start":{"line":59,"column":19},"end":{"line":59,"column":49}},"27":{"start":{"line":60,"column":4},"end":{"line":71,"column":5}},"28":{"start":{"line":61,"column":6},"end":{"line":68,"column":7}},"29":{"start":{"line":62,"column":8},"end":{"line":62,"column":41}},"30":{"start":{"line":63,"column":13},"end":{"line":68,"column":7}},"31":{"start":{"line":64,"column":8},"end":{"line":64,"column":46}},"32":{"start":{"line":65,"column":13},"end":{"line":68,"column":7}},"33":{"start":{"line":66,"column":8},"end":{"line":66,"column":40}},"34":{"start":{"line":67,"column":8},"end":{"line":67,"column":89}},"35":{"start":{"line":70,"column":6},"end":{"line":70,"column":64}},"36":{"start":{"line":72,"column":4},"end":{"line":72,"column":22}},"37":{"start":{"line":75,"column":22},"end":{"line":93,"column":3}},"38":{"start":{"line":76,"column":4},"end":{"line":92,"column":5}},"39":{"start":{"line":77,"column":6},"end":{"line":91,"column":7}},"40":{"start":{"line":78,"column":8},"end":{"line":78,"column":25}},"41":{"start":{"line":79,"column":22},"end":{"line":79,"column":78}},"42":{"start":{"line":80,"column":8},"end":{"line":85,"column":9}},"43":{"start":{"line":81,"column":10},"end":{"line":81,"column":33}},"44":{"start":{"line":82,"column":10},"end":{"line":82,"column":45}},"45":{"start":{"line":84,"column":10},"end":{"line":84,"column":70}},"46":{"start":{"line":87,"column":8},"end":{"line":87,"column":52}},"47":{"start":{"line":88,"column":8},"end":{"line":88,"column":59}},"48":{"start":{"line":90,"column":8},"end":{"line":90,"column":26}},"49":{"start":{"line":95,"column":20},"end":{"line":110,"column":3}},"50":{"start":{"line":96,"column":4},"end":{"line":109,"column":5}},"51":{"start":{"line":97,"column":21},"end":{"line":100,"column":8}},"52":{"start":{"line":102,"column":6},"end":{"line":105,"column":7}},"53":{"start":{"line":103,"column":8},"end":{"line":103,"column":42}},"54":{"start":{"line":104,"column":8},"end":{"line":104,"column":54}},"55":{"start":{"line":107,"column":6},"end":{"line":107,"column":48}},"56":{"start":{"line":108,"column":6},"end":{"line":108,"column":57}},"57":{"start":{"line":112,"column":2},"end":{"line":163,"column":4}},"58":{"start":{"line":120,"column":14},"end":{"line":120,"column":32}},"59":{"start":{"line":121,"column":14},"end":{"line":121,"column":39}},"60":{"start":{"line":154,"column":12},"end":{"line":156,"column":19}},"61":{"start":{"line":166,"column":15},"end":{"line":255,"column":2}}},"fnMap":{"0":{"name":"(anonymous_0)","decl":{"start":{"line":12,"column":19},"end":{"line":12,"column":20}},"loc":{"start":{"line":12,"column":25},"end":{"line":164,"column":1}},"line":12},"1":{"name":"(anonymous_1)","decl":{"start":{"line":21,"column":12},"end":{"line":21,"column":13}},"loc":{"start":{"line":21,"column":18},"end":{"line":30,"column":3}},"line":21},"2":{"name":"(anonymous_2)","decl":{"start":{"line":22,"column":22},"end":{"line":22,"column":23}},"loc":{"start":{"line":22,"column":34},"end":{"line":28,"column":5}},"line":22},"3":{"name":"(anonymous_3)","decl":{"start":{"line":53,"column":29},"end":{"line":53,"column":30}},"loc":{"start":{"line":53,"column":35},"end":{"line":55,"column":3}},"line":53},"4":{"name":"(anonymous_4)","decl":{"start":{"line":54,"column":14},"end":{"line":54,"column":15}},"loc":{"start":{"line":54,"column":26},"end":{"line":54,"column":63}},"line":54},"5":{"name":"(anonymous_5)","decl":{"start":{"line":57,"column":28},"end":{"line":57,"column":29}},"loc":{"start":{"line":57,"column":51},"end":{"line":73,"column":3}},"line":57},"6":{"name":"(anonymous_6)","decl":{"start":{"line":75,"column":22},"end":{"line":75,"column":23}},"loc":{"start":{"line":75,"column":34},"end":{"line":93,"column":3}},"line":75},"7":{"name":"(anonymous_7)","decl":{"start":{"line":95,"column":20},"end":{"line":95,"column":21}},"loc":{"start":{"line":95,"column":32},"end":{"line":110,"column":3}},"line":95},"8":{"name":"(anonymous_8)","decl":{"start":{"line":119,"column":21},"end":{"line":119,"column":22}},"loc":{"start":{"line":119,"column":27},"end":{"line":122,"column":13}},"line":119},"9":{"name":"(anonymous_9)","decl":{"start":{"line":153,"column":37},"end":{"line":153,"column":38}},"loc":{"start":{"line":154,"column":12},"end":{"line":156,"column":19}},"line":154}},"branchMap":{"0":{"loc":{"start":{"line":24,"column":6},"end":{"line":26,"column":7}},"type":"if","locations":[{"start":{"line":24,"column":6},"end":{"line":26,"column":7}},{"start":{},"end":{}}],"line":24},"1":{"loc":{"start":{"line":32,"column":2},"end":{"line":34,"column":3}},"type":"if","locations":[{"start":{"line":32,"column":2},"end":{"line":34,"column":3}},{"start":{},"end":{}}],"line":32},"2":{"loc":{"start":{"line":36,"column":2},"end":{"line":43,"column":3}},"type":"if","locations":[{"start":{"line":36,"column":2},"end":{"line":43,"column":3}},{"start":{},"end":{}}],"line":36},"3":{"loc":{"start":{"line":45,"column":2},"end":{"line":51,"column":3}},"type":"if","locations":[{"start":{"line":45,"column":2},"end":{"line":51,"column":3}},{"start":{},"end":{}}],"line":45},"4":{"loc":{"start":{"line":54,"column":26},"end":{"line":54,"column":63}},"type":"cond-expr","locations":[{"start":{"line":54,"column":47},"end":{"line":54,"column":54}},{"start":{"line":54,"column":57},"end":{"line":54,"column":63}}],"line":54},"5":{"loc":{"start":{"line":60,"column":4},"end":{"line":71,"column":5}},"type":"if","locations":[{"start":{"line":60,"column":4},"end":{"line":71,"column":5}},{"start":{"line":69,"column":11},"end":{"line":71,"column":5}}],"line":60},"6":{"loc":{"start":{"line":61,"column":6},"end":{"line":68,"column":7}},"type":"if","locations":[{"start":{"line":61,"column":6},"end":{"line":68,"column":7}},{"start":{"line":63,"column":13},"end":{"line":68,"column":7}}],"line":61},"7":{"loc":{"start":{"line":63,"column":13},"end":{"line":68,"column":7}},"type":"if","locations":[{"start":{"line":63,"column":13},"end":{"line":68,"column":7}},{"start":{"line":65,"column":13},"end":{"line":68,"column":7}}],"line":63},"8":{"loc":{"start":{"line":65,"column":13},"end":{"line":68,"column":7}},"type":"if","locations":[{"start":{"line":65,"column":13},"end":{"line":68,"column":7}},{"start":{},"end":{}}],"line":65},"9":{"loc":{"start":{"line":67,"column":34},"end":{"line":67,"column":87}},"type":"binary-expr","locations":[{"start":{"line":67,"column":34},"end":{"line":67,"column":48}},{"start":{"line":67,"column":52},"end":{"line":67,"column":87}}],"line":67},"10":{"loc":{"start":{"line":76,"column":4},"end":{"line":92,"column":5}},"type":"if","locations":[{"start":{"line":76,"column":4},"end":{"line":92,"column":5}},{"start":{},"end":{}}],"line":76},"11":{"loc":{"start":{"line":80,"column":8},"end":{"line":85,"column":9}},"type":"if","locations":[{"start":{"line":80,"column":8},"end":{"line":85,"column":9}},{"start":{"line":83,"column":15},"end":{"line":85,"column":9}}],"line":80},"12":{"loc":{"start":{"line":102,"column":6},"end":{"line":105,"column":7}},"type":"if","locations":[{"start":{"line":102,"column":6},"end":{"line":105,"column":7}},{"start":{},"end":{}}],"line":102},"13":{"loc":{"start":{"line":102,"column":10},"end":{"line":102,"column":50}},"type":"binary-expr","locations":[{"start":{"line":102,"column":10},"end":{"line":102,"column":26}},{"start":{"line":102,"column":30},"end":{"line":102,"column":50}}],"line":102},"14":{"loc":{"start":{"line":114,"column":7},"end":{"line":144,"column":7}},"type":"cond-expr","locations":[{"start":{"line":115,"column":8},"end":{"line":127,"column":15}},{"start":{"line":129,"column":8},"end":{"line":143,"column":15}}],"line":114},"15":{"loc":{"start":{"line":146,"column":7},"end":{"line":146,"column":124}},"type":"binary-expr","locations":[{"start":{"line":146,"column":7},"end":{"line":146,"column":14}},{"start":{"line":146,"column":18},"end":{"line":146,"column":124}}],"line":146},"16":{"loc":{"start":{"line":147,"column":7},"end":{"line":161,"column":7}},"type":"binary-expr","locations":[{"start":{"line":147,"column":7},"end":{"line":147,"column":22}},{"start":{"line":147,"column":26},"end":{"line":147,"column":34}},{"start":{"line":148,"column":8},"end":{"line":160,"column":15}}],"line":147}},"s":{"0":0,"1":0,"2":0,"3":0,"4":0,"5":0,"6":0,"7":0,"8":0,"9":0,"10":0,"11":0,"12":0,"13":0,"14":0,"15":0,"16":0,"17":0,"18":0,"19":0,"20":0,"21":0,"22":0,"23":0,"24":0,"25":0,"26":0,"27":0,"28":0,"29":0,"30":0,"31":0,"32":0,"33":0,"34":0,"35":0,"36":0,"37":0,"38":0,"39":0,"40":0,"41":0,"42":0,"43":0,"44":0,"45":0,"46":0,"47":0,"48":0,"49":0,"50":0,"51":0,"52":0,"53":0,"54":0,"55":0,"56":0,"57":0,"58":0,"59":0,"60":0,"61":0},"f":{"0":0,"1":0,"2":0,"3":0,"4":0,"5":0,"6":0,"7":0,"8":0,"9":0},"b":{"0":[0,0],"1":[0,0],"2":[0,0],"3":[0,0],"4":[0,0],"5":[0,0],"6":[0,0],"7":[0,0],"8":[0,0],"9":[0,0],"10":[0,0],"11":[0,0],"12":[0,0],"13":[0,0],"14":[0,0],"15":[0,0],"16":[0,0,0]}}
,"D:\\DamBaoChatLuong\\dambaochatluong\\Bambon_fe\\app\\(tabs)\\settings.tsx": {"path":"D:\\DamBaoChatLuong\\dambaochatluong\\Bambon_fe\\app\\(tabs)\\settings.tsx","statementMap":{"0":{"start":{"line":20,"column":30},"end":{"line":20,"column":59}},"1":{"start":{"line":21,"column":26},"end":{"line":21,"column":46}},"2":{"start":{"line":22,"column":34},"end":{"line":22,"column":54}},"3":{"start":{"line":23,"column":30},"end":{"line":23,"column":50}},"4":{"start":{"line":24,"column":28},"end":{"line":24,"column":100}},"5":{"start":{"line":25,"column":46},"end":{"line":25,"column":66}},"6":{"start":{"line":26,"column":64},"end":{"line":26,"column":88}},"7":{"start":{"line":27,"column":52},"end":{"line":32,"column":4}},"8":{"start":{"line":33,"column":50},"end":{"line":37,"column":4}},"9":{"start":{"line":39,"column":27},"end":{"line":42,"column":3}},"10":{"start":{"line":44,"column":2},"end":{"line":59,"column":9}},"11":{"start":{"line":45,"column":24},"end":{"line":57,"column":5}},"12":{"start":{"line":46,"column":6},"end":{"line":56,"column":7}},"13":{"start":{"line":47,"column":29},"end":{"line":47,"column":65}},"14":{"start":{"line":48,"column":8},"end":{"line":52,"column":9}},"15":{"start":{"line":49,"column":10},"end":{"line":49,"column":34}},"16":{"start":{"line":51,"column":10},"end":{"line":51,"column":51}},"17":{"start":{"line":54,"column":8},"end":{"line":54,"column":29}},"18":{"start":{"line":55,"column":8},"end":{"line":55,"column":52}},"19":{"start":{"line":58,"column":4},"end":{"line":58,"column":18}},"20":{"start":{"line":61,"column":18},"end":{"line":63,"column":3}},"21":{"start":{"line":62,"column":4},"end":{"line":62,"column":71}},"22":{"start":{"line":65,"column":21},"end":{"line":69,"column":3}},"23":{"start":{"line":66,"column":25},"end":{"line":66,"column":35}},"24":{"start":{"line":67,"column":4},"end":{"line":67,"column":69}},"25":{"start":{"line":68,"column":4},"end":{"line":68,"column":27}},"26":{"start":{"line":71,"column":31},"end":{"line":77,"column":3}},"27":{"start":{"line":72,"column":4},"end":{"line":76,"column":10}},"28":{"start":{"line":73,"column":23},"end":{"line":73,"column":51}},"29":{"start":{"line":74,"column":20},"end":{"line":74,"column":45}},"30":{"start":{"line":75,"column":6},"end":{"line":75,"column":38}},"31":{"start":{"line":80,"column":28},"end":{"line":94,"column":3}},"32":{"start":{"line":81,"column":4},"end":{"line":84,"column":5}},"33":{"start":{"line":82,"column":6},"end":{"line":82,"column":56}},"34":{"start":{"line":83,"column":6},"end":{"line":83,"column":13}},"35":{"start":{"line":85,"column":4},"end":{"line":91,"column":5}},"36":{"start":{"line":86,"column":6},"end":{"line":86,"column":88}},"37":{"start":{"line":87,"column":6},"end":{"line":87,"column":34}},"38":{"start":{"line":88,"column":11},"end":{"line":91,"column":5}},"39":{"start":{"line":89,"column":6},"end":{"line":89,"column":90}},"40":{"start":{"line":90,"column":6},"end":{"line":90,"column":34}},"41":{"start":{"line":92,"column":4},"end":{"line":92,"column":26}},"42":{"start":{"line":93,"column":4},"end":{"line":93,"column":38}},"43":{"start":{"line":96,"column":28},"end":{"line":133,"column":3}},"44":{"start":{"line":97,"column":4},"end":{"line":100,"column":5}},"45":{"start":{"line":98,"column":6},"end":{"line":98,"column":70}},"46":{"start":{"line":99,"column":6},"end":{"line":99,"column":13}},"47":{"start":{"line":102,"column":4},"end":{"line":105,"column":5}},"48":{"start":{"line":103,"column":6},"end":{"line":103,"column":68}},"49":{"start":{"line":104,"column":6},"end":{"line":104,"column":13}},"50":{"start":{"line":107,"column":25},"end":{"line":107,"column":87}},"51":{"start":{"line":109,"column":4},"end":{"line":112,"column":5}},"52":{"start":{"line":110,"column":6},"end":{"line":110,"column":68}},"53":{"start":{"line":111,"column":6},"end":{"line":111,"column":13}},"54":{"start":{"line":114,"column":4},"end":{"line":132,"column":5}},"55":{"start":{"line":115,"column":30},"end":{"line":121,"column":7}},"56":{"start":{"line":123,"column":6},"end":{"line":123,"column":71}},"57":{"start":{"line":124,"column":6},"end":{"line":124,"column":70}},"58":{"start":{"line":125,"column":6},"end":{"line":125,"column":22}},"59":{"start":{"line":126,"column":6},"end":{"line":126,"column":20}},"60":{"start":{"line":127,"column":6},"end":{"line":127,"column":18}},"61":{"start":{"line":128,"column":6},"end":{"line":128,"column":19}},"62":{"start":{"line":130,"column":6},"end":{"line":130,"column":54}},"63":{"start":{"line":131,"column":6},"end":{"line":131,"column":62}},"64":{"start":{"line":135,"column":2},"end":{"line":272,"column":4}},"65":{"start":{"line":148,"column":12},"end":{"line":161,"column":31}},"66":{"start":{"line":153,"column":16},"end":{"line":153,"column":42}},"67":{"start":{"line":154,"column":16},"end":{"line":154,"column":32}},"68":{"start":{"line":155,"column":16},"end":{"line":155,"column":29}},"69":{"start":{"line":156,"column":16},"end":{"line":156,"column":50}},"70":{"start":{"line":171,"column":16},"end":{"line":182,"column":35}},"71":{"start":{"line":175,"column":33},"end":{"line":175,"column":65}},"72":{"start":{"line":187,"column":31},"end":{"line":187,"column":83}},"73":{"start":{"line":232,"column":14},"end":{"line":256,"column":21}},"74":{"start":{"line":238,"column":43},"end":{"line":238,"column":82}},"75":{"start":{"line":245,"column":43},"end":{"line":245,"column":79}},"76":{"start":{"line":253,"column":43},"end":{"line":253,"column":76}},"77":{"start":{"line":275,"column":15},"end":{"line":369,"column":2}}},"fnMap":{"0":{"name":"AddTransactionScreen","decl":{"start":{"line":19,"column":24},"end":{"line":19,"column":44}},"loc":{"start":{"line":19,"column":47},"end":{"line":273,"column":1}},"line":19},"1":{"name":"(anonymous_1)","decl":{"start":{"line":44,"column":12},"end":{"line":44,"column":13}},"loc":{"start":{"line":44,"column":18},"end":{"line":59,"column":3}},"line":44},"2":{"name":"(anonymous_2)","decl":{"start":{"line":45,"column":24},"end":{"line":45,"column":25}},"loc":{"start":{"line":45,"column":36},"end":{"line":57,"column":5}},"line":45},"3":{"name":"(anonymous_3)","decl":{"start":{"line":61,"column":18},"end":{"line":61,"column":19}},"loc":{"start":{"line":61,"column":24},"end":{"line":63,"column":3}},"line":61},"4":{"name":"(anonymous_4)","decl":{"start":{"line":65,"column":21},"end":{"line":65,"column":22}},"loc":{"start":{"line":65,"column":70},"end":{"line":69,"column":3}},"line":65},"5":{"name":"(anonymous_5)","decl":{"start":{"line":71,"column":31},"end":{"line":71,"column":32}},"loc":{"start":{"line":71,"column":37},"end":{"line":77,"column":3}},"line":71},"6":{"name":"(anonymous_6)","decl":{"start":{"line":72,"column":24},"end":{"line":72,"column":25}},"loc":{"start":{"line":72,"column":41},"end":{"line":76,"column":5}},"line":72},"7":{"name":"(anonymous_7)","decl":{"start":{"line":80,"column":28},"end":{"line":80,"column":29}},"loc":{"start":{"line":80,"column":34},"end":{"line":94,"column":3}},"line":80},"8":{"name":"(anonymous_8)","decl":{"start":{"line":96,"column":28},"end":{"line":96,"column":29}},"loc":{"start":{"line":96,"column":40},"end":{"line":133,"column":3}},"line":96},"9":{"name":"(anonymous_9)","decl":{"start":{"line":147,"column":32},"end":{"line":147,"column":33}},"loc":{"start":{"line":148,"column":12},"end":{"line":161,"column":31}},"line":148},"10":{"name":"(anonymous_10)","decl":{"start":{"line":152,"column":23},"end":{"line":152,"column":24}},"loc":{"start":{"line":152,"column":29},"end":{"line":157,"column":15}},"line":152},"11":{"name":"(anonymous_11)","decl":{"start":{"line":170,"column":78},"end":{"line":170,"column":79}},"loc":{"start":{"line":171,"column":16},"end":{"line":182,"column":35}},"line":171},"12":{"name":"(anonymous_12)","decl":{"start":{"line":175,"column":27},"end":{"line":175,"column":28}},"loc":{"start":{"line":175,"column":33},"end":{"line":175,"column":65}},"line":175},"13":{"name":"(anonymous_13)","decl":{"start":{"line":187,"column":25},"end":{"line":187,"column":26}},"loc":{"start":{"line":187,"column":31},"end":{"line":187,"column":83}},"line":187},"14":{"name":"(anonymous_14)","decl":{"start":{"line":231,"column":23},"end":{"line":231,"column":24}},"loc":{"start":{"line":232,"column":14},"end":{"line":256,"column":21}},"line":232},"15":{"name":"(anonymous_15)","decl":{"start":{"line":238,"column":32},"end":{"line":238,"column":33}},"loc":{"start":{"line":238,"column":43},"end":{"line":238,"column":82}},"line":238},"16":{"name":"(anonymous_16)","decl":{"start":{"line":245,"column":32},"end":{"line":245,"column":33}},"loc":{"start":{"line":245,"column":43},"end":{"line":245,"column":79}},"line":245},"17":{"name":"(anonymous_17)","decl":{"start":{"line":253,"column":32},"end":{"line":253,"column":33}},"loc":{"start":{"line":253,"column":43},"end":{"line":253,"column":76}},"line":253}},"branchMap":{"0":{"loc":{"start":{"line":48,"column":8},"end":{"line":52,"column":9}},"type":"if","locations":[{"start":{"line":48,"column":8},"end":{"line":52,"column":9}},{"start":{"line":50,"column":15},"end":{"line":52,"column":9}}],"line":48},"1":{"loc":{"start":{"line":73,"column":23},"end":{"line":73,"column":51}},"type":"binary-expr","locations":[{"start":{"line":73,"column":23},"end":{"line":73,"column":46}},{"start":{"line":73,"column":50},"end":{"line":73,"column":51}}],"line":73},"2":{"loc":{"start":{"line":74,"column":20},"end":{"line":74,"column":45}},"type":"binary-expr","locations":[{"start":{"line":74,"column":20},"end":{"line":74,"column":40}},{"start":{"line":74,"column":44},"end":{"line":74,"column":45}}],"line":74},"3":{"loc":{"start":{"line":81,"column":4},"end":{"line":84,"column":5}},"type":"if","locations":[{"start":{"line":81,"column":4},"end":{"line":84,"column":5}},{"start":{},"end":{}}],"line":81},"4":{"loc":{"start":{"line":85,"column":4},"end":{"line":91,"column":5}},"type":"if","locations":[{"start":{"line":85,"column":4},"end":{"line":91,"column":5}},{"start":{"line":88,"column":11},"end":{"line":91,"column":5}}],"line":85},"5":{"loc":{"start":{"line":88,"column":11},"end":{"line":91,"column":5}},"type":"if","locations":[{"start":{"line":88,"column":11},"end":{"line":91,"column":5}},{"start":{},"end":{}}],"line":88},"6":{"loc":{"start":{"line":97,"column":4},"end":{"line":100,"column":5}},"type":"if","locations":[{"start":{"line":97,"column":4},"end":{"line":100,"column":5}},{"start":{},"end":{}}],"line":97},"7":{"loc":{"start":{"line":97,"column":9},"end":{"line":97,"column":27}},"type":"binary-expr","locations":[{"start":{"line":97,"column":9},"end":{"line":97,"column":18}},{"start":{"line":97,"column":22},"end":{"line":97,"column":27}}],"line":97},"8":{"loc":{"start":{"line":102,"column":4},"end":{"line":105,"column":5}},"type":"if","locations":[{"start":{"line":102,"column":4},"end":{"line":105,"column":5}},{"start":{},"end":{}}],"line":102},"9":{"loc":{"start":{"line":102,"column":8},"end":{"line":102,"column":48}},"type":"binary-expr","locations":[{"start":{"line":102,"column":8},"end":{"line":102,"column":26}},{"start":{"line":102,"column":30},"end":{"line":102,"column":48}}],"line":102},"10":{"loc":{"start":{"line":107,"column":25},"end":{"line":107,"column":87}},"type":"cond-expr","locations":[{"start":{"line":107,"column":46},"end":{"line":107,"column":68}},{"start":{"line":107,"column":71},"end":{"line":107,"column":87}}],"line":107},"11":{"loc":{"start":{"line":109,"column":4},"end":{"line":112,"column":5}},"type":"if","locations":[{"start":{"line":109,"column":4},"end":{"line":112,"column":5}},{"start":{},"end":{}}],"line":109},"12":{"loc":{"start":{"line":109,"column":8},"end":{"line":109,"column":48}},"type":"binary-expr","locations":[{"start":{"line":109,"column":8},"end":{"line":109,"column":27}},{"start":{"line":109,"column":31},"end":{"line":109,"column":48}}],"line":109},"13":{"loc":{"start":{"line":120,"column":15},"end":{"line":120,"column":53}},"type":"cond-expr","locations":[{"start":{"line":120,"column":36},"end":{"line":120,"column":41}},{"start":{"line":120,"column":44},"end":{"line":120,"column":53}}],"line":120},"14":{"loc":{"start":{"line":137,"column":16},"end":{"line":137,"column":61}},"type":"cond-expr","locations":[{"start":{"line":137,"column":40},"end":{"line":137,"column":49}},{"start":{"line":137,"column":52},"end":{"line":137,"column":61}}],"line":137},"15":{"loc":{"start":{"line":160,"column":15},"end":{"line":160,"column":114}},"type":"binary-expr","locations":[{"start":{"line":160,"column":15},"end":{"line":160,"column":40}},{"start":{"line":160,"column":44},"end":{"line":160,"column":114}}],"line":160},"16":{"loc":{"start":{"line":166,"column":9},"end":{"line":210,"column":9}},"type":"binary-expr","locations":[{"start":{"line":166,"column":9},"end":{"line":166,"column":13}},{"start":{"line":167,"column":10},"end":{"line":209,"column":13}}],"line":166},"17":{"loc":{"start":{"line":170,"column":16},"end":{"line":170,"column":72}},"type":"cond-expr","locations":[{"start":{"line":170,"column":36},"end":{"line":170,"column":52}},{"start":{"line":170,"column":55},"end":{"line":170,"column":72}}],"line":170},"18":{"loc":{"start":{"line":179,"column":19},"end":{"line":181,"column":19}},"type":"binary-expr","locations":[{"start":{"line":179,"column":19},"end":{"line":179,"column":51}},{"start":{"line":180,"column":20},"end":{"line":180,"column":90}}],"line":179},"19":{"loc":{"start":{"line":195,"column":13},"end":{"line":208,"column":13}},"type":"binary-expr","locations":[{"start":{"line":195,"column":13},"end":{"line":195,"column":36}},{"start":{"line":196,"column":14},"end":{"line":207,"column":21}}],"line":195},"20":{"loc":{"start":{"line":213,"column":9},"end":{"line":225,"column":9}},"type":"binary-expr","locations":[{"start":{"line":213,"column":9},"end":{"line":213,"column":26}},{"start":{"line":214,"column":10},"end":{"line":224,"column":13}}],"line":213},"21":{"loc":{"start":{"line":228,"column":9},"end":{"line":265,"column":9}},"type":"binary-expr","locations":[{"start":{"line":228,"column":9},"end":{"line":228,"column":27}},{"start":{"line":229,"column":10},"end":{"line":264,"column":13}}],"line":228}},"s":{"0":0,"1":0,"2":0,"3":0,"4":0,"5":0,"6":0,"7":0,"8":0,"9":0,"10":0,"11":0,"12":0,"13":0,"14":0,"15":0,"16":0,"17":0,"18":0,"19":0,"20":0,"21":0,"22":0,"23":0,"24":0,"25":0,"26":0,"27":0,"28":0,"29":0,"30":0,"31":0,"32":0,"33":0,"34":0,"35":0,"36":0,"37":0,"38":0,"39":0,"40":0,"41":0,"42":0,"43":0,"44":0,"45":0,"46":0,"47":0,"48":0,"49":0,"50":0,"51":0,"52":0,"53":0,"54":0,"55":0,"56":0,"57":0,"58":0,"59":0,"60":0,"61":0,"62":0,"63":0,"64":0,"65":0,"66":0,"67":0,"68":0,"69":0,"70":0,"71":0,"72":0,"73":0,"74":0,"75":0,"76":0,"77":0},"f":{"0":0,"1":0,"2":0,"3":0,"4":0,"5":0,"6":0,"7":0,"8":0,"9":0,"10":0,"11":0,"12":0,"13":0,"14":0,"15":0,"16":0,"17":0},"b":{"0":[0,0],"1":[0,0],"2":[0,0],"3":[0,0],"4":[0,0],"5":[0,0],"6":[0,0],"7":[0,0],"8":[0,0],"9":[0,0],"10":[0,0],"11":[0,0],"12":[0,0],"13":[0,0],"14":[0,0],"15":[0,0],"16":[0,0],"17":[0,0],"18":[0,0],"19":[0,0],"20":[0,0],"21":[0,0]}}
,"D:\\DamBaoChatLuong\\dambaochatluong\\Bambon_fe\\app\\pages\\login.tsx": {"path":"D:\\DamBaoChatLuong\\dambaochatluong\\Bambon_fe\\app\\pages\\login.tsx","statementMap":{"0":{"start":{"line":9,"column":31},"end":{"line":66,"column":1}},"1":{"start":{"line":10,"column":28},"end":{"line":10,"column":48}},"2":{"start":{"line":11,"column":34},"end":{"line":11,"column":54}},"3":{"start":{"line":12,"column":28},"end":{"line":12,"column":48}},"4":{"start":{"line":13,"column":17},"end":{"line":13,"column":28}},"5":{"start":{"line":15,"column":16},"end":{"line":39,"column":3}},"6":{"start":{"line":16,"column":4},"end":{"line":38,"column":5}},"7":{"start":{"line":17,"column":6},"end":{"line":17,"column":51}},"8":{"start":{"line":19,"column":23},"end":{"line":22,"column":8}},"9":{"start":{"line":24,"column":6},"end":{"line":24,"column":56}},"10":{"start":{"line":26,"column":28},"end":{"line":26,"column":47}},"11":{"start":{"line":29,"column":6},"end":{"line":29,"column":49}},"12":{"start":{"line":30,"column":6},"end":{"line":30,"column":32}},"13":{"start":{"line":31,"column":6},"end":{"line":31,"column":42}},"14":{"start":{"line":34,"column":6},"end":{"line":34,"column":34}},"15":{"start":{"line":36,"column":6},"end":{"line":36,"column":86}},"16":{"start":{"line":37,"column":6},"end":{"line":37,"column":74}},"17":{"start":{"line":41,"column":2},"end":{"line":65,"column":4}},"18":{"start":{"line":68,"column":15},"end":{"line":104,"column":2}}},"fnMap":{"0":{"name":"(anonymous_0)","decl":{"start":{"line":9,"column":31},"end":{"line":9,"column":32}},"loc":{"start":{"line":9,"column":37},"end":{"line":66,"column":1}},"line":9},"1":{"name":"(anonymous_1)","decl":{"start":{"line":15,"column":16},"end":{"line":15,"column":17}},"loc":{"start":{"line":15,"column":28},"end":{"line":39,"column":3}},"line":15}},"branchMap":{"0":{"loc":{"start":{"line":36,"column":38},"end":{"line":36,"column":84}},"type":"cond-expr","locations":[{"start":{"line":36,"column":53},"end":{"line":36,"column":70}},{"start":{"line":36,"column":73},"end":{"line":36,"column":84}}],"line":36},"1":{"loc":{"start":{"line":37,"column":15},"end":{"line":37,"column":72}},"type":"binary-expr","locations":[{"start":{"line":37,"column":15},"end":{"line":37,"column":42}},{"start":{"line":37,"column":46},"end":{"line":37,"column":72}}],"line":37},"2":{"loc":{"start":{"line":57,"column":7},"end":{"line":57,"column":61}},"type":"binary-expr","locations":[{"start":{"line":57,"column":7},"end":{"line":57,"column":12}},{"start":{"line":57,"column":16},"end":{"line":57,"column":61}}],"line":57}},"s":{"0":1,"1":16,"2":16,"3":16,"4":16,"5":16,"6":4,"7":4,"8":4,"9":0,"10":0,"11":0,"12":0,"13":0,"14":0,"15":4,"16":4,"17":16,"18":1},"f":{"0":16,"1":4},"b":{"0":[4,0],"1":[4,0],"2":[16,4]},"_coverageSchema":"1a1c01bbd47fc00a2c39e90264f33305004495a9","hash":"26f92c806f2e4370fcbe8f81b915146fc34431de"}
,"D:\\DamBaoChatLuong\\dambaochatluong\\Bambon_fe\\app\\pages\\register.tsx": {"path":"D:\\DamBaoChatLuong\\dambaochatluong\\Bambon_fe\\app\\pages\\register.tsx","statementMap":{"0":{"start":{"line":7,"column":33},"end":{"line":63,"column":1}},"1":{"start":{"line":8,"column":26},"end":{"line":8,"column":46}},"2":{"start":{"line":9,"column":28},"end":{"line":9,"column":48}},"3":{"start":{"line":10,"column":34},"end":{"line":10,"column":54}},"4":{"start":{"line":11,"column":28},"end":{"line":11,"column":48}},"5":{"start":{"line":12,"column":46},"end":{"line":12,"column":66}},"6":{"start":{"line":14,"column":19},"end":{"line":31,"column":3}},"7":{"start":{"line":15,"column":4},"end":{"line":30,"column":5}},"8":{"start":{"line":16,"column":23},"end":{"line":20,"column":8}},"9":{"start":{"line":21,"column":6},"end":{"line":21,"column":55}},"10":{"start":{"line":22,"column":6},"end":{"line":26,"column":7}},"11":{"start":{"line":23,"column":8},"end":{"line":23,"column":54}},"12":{"start":{"line":25,"column":8},"end":{"line":25,"column":40}},"13":{"start":{"line":28,"column":6},"end":{"line":28,"column":35}},"14":{"start":{"line":29,"column":6},"end":{"line":29,"column":38}},"15":{"start":{"line":33,"column":2},"end":{"line":62,"column":4}},"16":{"start":{"line":65,"column":15},"end":{"line":105,"column":2}}},"fnMap":{"0":{"name":"(anonymous_0)","decl":{"start":{"line":7,"column":33},"end":{"line":7,"column":34}},"loc":{"start":{"line":7,"column":39},"end":{"line":63,"column":1}},"line":7},"1":{"name":"(anonymous_1)","decl":{"start":{"line":14,"column":19},"end":{"line":14,"column":20}},"loc":{"start":{"line":14,"column":31},"end":{"line":31,"column":3}},"line":14}},"branchMap":{"0":{"loc":{"start":{"line":22,"column":6},"end":{"line":26,"column":7}},"type":"if","locations":[{"start":{"line":22,"column":6},"end":{"line":26,"column":7}},{"start":{"line":24,"column":13},"end":{"line":26,"column":7}}],"line":22},"1":{"loc":{"start":{"line":22,"column":10},"end":{"line":22,"column":80}},"type":"binary-expr","locations":[{"start":{"line":22,"column":10},"end":{"line":22,"column":33}},{"start":{"line":22,"column":37},"end":{"line":22,"column":80}}],"line":22},"2":{"loc":{"start":{"line":55,"column":7},"end":{"line":55,"column":61}},"type":"binary-expr","locations":[{"start":{"line":55,"column":7},"end":{"line":55,"column":12}},{"start":{"line":55,"column":16},"end":{"line":55,"column":61}}],"line":55},"3":{"loc":{"start":{"line":56,"column":7},"end":{"line":56,"column":81}},"type":"binary-expr","locations":[{"start":{"line":56,"column":7},"end":{"line":56,"column":21}},{"start":{"line":56,"column":25},"end":{"line":56,"column":81}}],"line":56}},"s":{"0":0,"1":0,"2":0,"3":0,"4":0,"5":0,"6":0,"7":0,"8":0,"9":0,"10":0,"11":0,"12":0,"13":0,"14":0,"15":0,"16":0},"f":{"0":0,"1":0},"b":{"0":[0,0],"1":[0,0],"2":[0,0],"3":[0,0]}}
,"D:\\DamBaoChatLuong\\dambaochatluong\\Bambon_fe\\app\\screen\\screen1.tsx": {"path":"D:\\DamBaoChatLuong\\dambaochatluong\\Bambon_fe\\app\\screen\\screen1.tsx","statementMap":{"0":{"start":{"line":13,"column":26},"end":{"line":13,"column":50}},"1":{"start":{"line":15,"column":26},"end":{"line":109,"column":1}},"2":{"start":{"line":16,"column":21},"end":{"line":16,"column":52}},"3":{"start":{"line":18,"column":2},"end":{"line":24,"column":17}},"4":{"start":{"line":19,"column":4},"end":{"line":23,"column":15}},"5":{"start":{"line":26,"column":2},"end":{"line":108,"column":4}}},"fnMap":{"0":{"name":"(anonymous_0)","decl":{"start":{"line":15,"column":26},"end":{"line":15,"column":27}},"loc":{"start":{"line":15,"column":32},"end":{"line":109,"column":1}},"line":15},"1":{"name":"(anonymous_1)","decl":{"start":{"line":18,"column":12},"end":{"line":18,"column":13}},"loc":{"start":{"line":18,"column":18},"end":{"line":24,"column":3}},"line":18}},"branchMap":{},"s":{"0":0,"1":0,"2":0,"3":0,"4":0,"5":0},"f":{"0":0,"1":0},"b":{}}
,"D:\\DamBaoChatLuong\\dambaochatluong\\Bambon_fe\\app\\screen\\screen2.tsx": {"path":"D:\\DamBaoChatLuong\\dambaochatluong\\Bambon_fe\\app\\screen\\screen2.tsx","statementMap":{"0":{"start":{"line":12,"column":26},"end":{"line":12,"column":50}},"1":{"start":{"line":14,"column":26},"end":{"line":79,"column":1}},"2":{"start":{"line":15,"column":21},"end":{"line":15,"column":52}},"3":{"start":{"line":17,"column":2},"end":{"line":23,"column":17}},"4":{"start":{"line":18,"column":4},"end":{"line":22,"column":15}},"5":{"start":{"line":25,"column":2},"end":{"line":78,"column":4}}},"fnMap":{"0":{"name":"(anonymous_0)","decl":{"start":{"line":14,"column":26},"end":{"line":14,"column":27}},"loc":{"start":{"line":14,"column":32},"end":{"line":79,"column":1}},"line":14},"1":{"name":"(anonymous_1)","decl":{"start":{"line":17,"column":12},"end":{"line":17,"column":13}},"loc":{"start":{"line":17,"column":18},"end":{"line":23,"column":3}},"line":17}},"branchMap":{},"s":{"0":0,"1":0,"2":0,"3":0,"4":0,"5":0},"f":{"0":0,"1":0},"b":{}}
,"D:\\DamBaoChatLuong\\dambaochatluong\\Bambon_fe\\constants\\Colors.ts": {"path":"D:\\DamBaoChatLuong\\dambaochatluong\\Bambon_fe\\constants\\Colors.ts","statementMap":{"0":{"start":{"line":6,"column":23},"end":{"line":6,"column":32}},"1":{"start":{"line":7,"column":22},"end":{"line":7,"column":28}},"2":{"start":{"line":9,"column":22},"end":{"line":26,"column":1}}},"fnMap":{},"branchMap":{},"s":{"0":0,"1":0,"2":0},"f":{},"b":{}}
,"D:\\DamBaoChatLuong\\dambaochatluong\\Bambon_fe\\constants\\icons.ts": {"path":"D:\\DamBaoChatLuong\\dambaochatluong\\Bambon_fe\\constants\\icons.ts","statementMap":{"0":{"start":{"line":1,"column":14},"end":{"line":20,"column":1}}},"fnMap":{},"branchMap":{},"s":{"0":0},"f":{},"b":{}}
,"D:\\DamBaoChatLuong\\dambaochatluong\\Bambon_fe\\constants\\images.ts": {"path":"D:\\DamBaoChatLuong\\dambaochatluong\\Bambon_fe\\constants\\images.ts","statementMap":{},"fnMap":{},"branchMap":{},"s":{},"f":{},"b":{}}
,"D:\\DamBaoChatLuong\\dambaochatluong\\Bambon_fe\\hooks\\useColorScheme.ts": {"path":"D:\\DamBaoChatLuong\\dambaochatluong\\Bambon_fe\\hooks\\useColorScheme.ts","statementMap":{},"fnMap":{},"branchMap":{},"s":{},"f":{},"b":{}}
,"D:\\DamBaoChatLuong\\dambaochatluong\\Bambon_fe\\hooks\\useColorScheme.web.ts": {"path":"D:\\DamBaoChatLuong\\dambaochatluong\\Bambon_fe\\hooks\\useColorScheme.web.ts","statementMap":{"0":{"start":{"line":8,"column":40},"end":{"line":8,"column":55}},"1":{"start":{"line":10,"column":2},"end":{"line":12,"column":9}},"2":{"start":{"line":11,"column":4},"end":{"line":11,"column":25}},"3":{"start":{"line":14,"column":22},"end":{"line":14,"column":40}},"4":{"start":{"line":16,"column":2},"end":{"line":18,"column":3}},"5":{"start":{"line":17,"column":4},"end":{"line":17,"column":23}},"6":{"start":{"line":20,"column":2},"end":{"line":20,"column":17}}},"fnMap":{"0":{"name":"useColorScheme","decl":{"start":{"line":7,"column":16},"end":{"line":7,"column":30}},"loc":{"start":{"line":7,"column":33},"end":{"line":21,"column":1}},"line":7},"1":{"name":"(anonymous_1)","decl":{"start":{"line":10,"column":12},"end":{"line":10,"column":13}},"loc":{"start":{"line":10,"column":18},"end":{"line":12,"column":3}},"line":10}},"branchMap":{"0":{"loc":{"start":{"line":16,"column":2},"end":{"line":18,"column":3}},"type":"if","locations":[{"start":{"line":16,"column":2},"end":{"line":18,"column":3}},{"start":{},"end":{}}],"line":16}},"s":{"0":0,"1":0,"2":0,"3":0,"4":0,"5":0,"6":0},"f":{"0":0,"1":0},"b":{"0":[0,0]}}
,"D:\\DamBaoChatLuong\\dambaochatluong\\Bambon_fe\\hooks\\useThemeColor.ts": {"path":"D:\\DamBaoChatLuong\\dambaochatluong\\Bambon_fe\\hooks\\useThemeColor.ts","statementMap":{"0":{"start":{"line":13,"column":16},"end":{"line":13,"column":43}},"1":{"start":{"line":14,"column":25},"end":{"line":14,"column":37}},"2":{"start":{"line":16,"column":2},"end":{"line":20,"column":3}},"3":{"start":{"line":17,"column":4},"end":{"line":17,"column":26}},"4":{"start":{"line":19,"column":4},"end":{"line":19,"column":36}}},"fnMap":{"0":{"name":"useThemeColor","decl":{"start":{"line":9,"column":16},"end":{"line":9,"column":29}},"loc":{"start":{"line":12,"column":2},"end":{"line":21,"column":1}},"line":12}},"branchMap":{"0":{"loc":{"start":{"line":13,"column":16},"end":{"line":13,"column":43}},"type":"binary-expr","locations":[{"start":{"line":13,"column":16},"end":{"line":13,"column":32}},{"start":{"line":13,"column":36},"end":{"line":13,"column":43}}],"line":13},"1":{"loc":{"start":{"line":16,"column":2},"end":{"line":20,"column":3}},"type":"if","locations":[{"start":{"line":16,"column":2},"end":{"line":20,"column":3}},{"start":{"line":18,"column":9},"end":{"line":20,"column":3}}],"line":16}},"s":{"0":0,"1":0,"2":0,"3":0,"4":0},"f":{"0":0},"b":{"0":[0,0],"1":[0,0]}}
,"D:\\DamBaoChatLuong\\dambaochatluong\\Bambon_fe\\schema\\authen.tsx": {"path":"D:\\DamBaoChatLuong\\dambaochatluong\\Bambon_fe\\schema\\authen.tsx","statementMap":{"0":{"start":{"line":5,"column":34},"end":{"line":26,"column":1}},"1":{"start":{"line":6,"column":2},"end":{"line":25,"column":3}},"2":{"start":{"line":8,"column":45},"end":{"line":8,"column":61}},"3":{"start":{"line":10,"column":4},"end":{"line":12,"column":5}},"4":{"start":{"line":11,"column":6},"end":{"line":11,"column":59}},"5":{"start":{"line":14,"column":19},"end":{"line":14,"column":38}},"6":{"start":{"line":17,"column":4},"end":{"line":17,"column":47}},"7":{"start":{"line":18,"column":4},"end":{"line":18,"column":49}},"8":{"start":{"line":20,"column":4},"end":{"line":20,"column":62}},"9":{"start":{"line":21,"column":4},"end":{"line":21,"column":18}},"10":{"start":{"line":23,"column":4},"end":{"line":23,"column":57}},"11":{"start":{"line":24,"column":4},"end":{"line":24,"column":16}},"12":{"start":{"line":29,"column":27},"end":{"line":38,"column":1}},"13":{"start":{"line":30,"column":2},"end":{"line":37,"column":3}},"14":{"start":{"line":31,"column":19},"end":{"line":31,"column":55}},"15":{"start":{"line":32,"column":4},"end":{"line":32,"column":51}},"16":{"start":{"line":33,"column":4},"end":{"line":33,"column":18}},"17":{"start":{"line":35,"column":4},"end":{"line":35,"column":64}},"18":{"start":{"line":36,"column":4},"end":{"line":36,"column":16}},"19":{"start":{"line":41,"column":29},"end":{"line":49,"column":1}},"20":{"start":{"line":42,"column":2},"end":{"line":48,"column":3}},"21":{"start":{"line":43,"column":4},"end":{"line":43,"column":43}},"22":{"start":{"line":44,"column":4},"end":{"line":44,"column":44}},"23":{"start":{"line":45,"column":4},"end":{"line":45,"column":42}},"24":{"start":{"line":47,"column":4},"end":{"line":47,"column":51}}},"fnMap":{"0":{"name":"(anonymous_0)","decl":{"start":{"line":5,"column":34},"end":{"line":5,"column":35}},"loc":{"start":{"line":5,"column":59},"end":{"line":26,"column":1}},"line":5},"1":{"name":"(anonymous_1)","decl":{"start":{"line":29,"column":27},"end":{"line":29,"column":28}},"loc":{"start":{"line":29,"column":63},"end":{"line":38,"column":1}},"line":29},"2":{"name":"(anonymous_2)","decl":{"start":{"line":41,"column":29},"end":{"line":41,"column":30}},"loc":{"start":{"line":41,"column":41},"end":{"line":49,"column":1}},"line":41}},"branchMap":{"0":{"loc":{"start":{"line":10,"column":4},"end":{"line":12,"column":5}},"type":"if","locations":[{"start":{"line":10,"column":4},"end":{"line":12,"column":5}},{"start":{},"end":{}}],"line":10}},"s":{"0":1,"1":0,"2":0,"3":0,"4":0,"5":0,"6":0,"7":0,"8":0,"9":0,"10":0,"11":0,"12":1,"13":0,"14":0,"15":0,"16":0,"17":0,"18":0,"19":1,"20":0,"21":0,"22":0,"23":0,"24":0},"f":{"0":0,"1":0,"2":0},"b":{"0":[0,0]},"_coverageSchema":"1a1c01bbd47fc00a2c39e90264f33305004495a9","hash":"c1dad6fbb0cbafe80153e4c950535707fa0d287b"}
,"D:\\DamBaoChatLuong\\dambaochatluong\\Bambon_fe\\schema\\uploadPhoto.tsx": {"path":"D:\\DamBaoChatLuong\\dambaochatluong\\Bambon_fe\\schema\\uploadPhoto.tsx","statementMap":{"0":{"start":{"line":17,"column":20},"end":{"line":53,"column":1}},"1":{"start":{"line":18,"column":2},"end":{"line":52,"column":3}},"2":{"start":{"line":19,"column":21},"end":{"line":19,"column":35}},"3":{"start":{"line":22,"column":16},"end":{"line":22,"column":86}},"4":{"start":{"line":23,"column":4},"end":{"line":27,"column":14}},"5":{"start":{"line":29,"column":4},"end":{"line":29,"column":38}},"6":{"start":{"line":31,"column":21},"end":{"line":38,"column":6}},"7":{"start":{"line":40,"column":4},"end":{"line":43,"column":5}},"8":{"start":{"line":41,"column":24},"end":{"line":41,"column":45}},"9":{"start":{"line":42,"column":6},"end":{"line":42,"column":84}},"10":{"start":{"line":45,"column":40},"end":{"line":45,"column":61}},"11":{"start":{"line":46,"column":4},"end":{"line":46,"column":39}},"12":{"start":{"line":47,"column":4},"end":{"line":47,"column":18}},"13":{"start":{"line":49,"column":4},"end":{"line":49,"column":42}},"14":{"start":{"line":50,"column":4},"end":{"line":50,"column":58}},"15":{"start":{"line":51,"column":4},"end":{"line":51,"column":16}}},"fnMap":{"0":{"name":"(anonymous_0)","decl":{"start":{"line":17,"column":20},"end":{"line":17,"column":21}},"loc":{"start":{"line":17,"column":101},"end":{"line":53,"column":1}},"line":17}},"branchMap":{"0":{"loc":{"start":{"line":22,"column":16},"end":{"line":22,"column":86}},"type":"cond-expr","locations":[{"start":{"line":22,"column":44},"end":{"line":22,"column":52}},{"start":{"line":22,"column":55},"end":{"line":22,"column":86}}],"line":22},"1":{"loc":{"start":{"line":40,"column":4},"end":{"line":43,"column":5}},"type":"if","locations":[{"start":{"line":40,"column":4},"end":{"line":43,"column":5}},{"start":{},"end":{}}],"line":40}},"s":{"0":0,"1":0,"2":0,"3":0,"4":0,"5":0,"6":0,"7":0,"8":0,"9":0,"10":0,"11":0,"12":0,"13":0,"14":0,"15":0},"f":{"0":0},"b":{"0":[0,0],"1":[0,0]}}
}
