TN:
SF:config.ts
FNF:0
FNH:0
DA:2,5
LF:1
LH:1
BRF:0
BRH:0
end_of_record
TN:
SF:image.d.ts
FNF:0
FNH:0
LF:0
LH:0
BRF:0
BRH:0
end_of_record
TN:
SF:jest.config.js
FNF:0
FNH:0
DA:1,0
LF:1
LH:0
BRF:0
BRH:0
end_of_record
TN:
SF:app\_layout.tsx
FN:15,RootLayout
FN:21,(anonymous_1)
FNF:2
FNH:0
FNDA:0,RootLayout
FNDA:0,(anonymous_1)
DA:13,0
DA:16,0
DA:17,0
DA:21,0
DA:22,0
DA:23,0
DA:27,0
DA:28,0
DA:31,0
LF:9
LH:0
BRDA:22,0,0,0
BRDA:22,0,1,0
BRDA:27,1,0,0
BRDA:27,1,1,0
BRDA:32,2,0,0
BRDA:32,2,1,0
BRF:6
BRH:0
end_of_record
TN:
SF:app\index.tsx
FN:5,Index
FNF:1
FNH:0
FNDA:0,Index
DA:6,0
DA:13,0
LF:2
LH:0
BRF:0
BRH:0
end_of_record
TN:
SF:app\splash-screen.tsx
FN:6,(anonymous_0)
FN:9,(anonymous_1)
FNF:2
FNH:2
FNDA:2,(anonymous_0)
FNDA:2,(anonymous_1)
DA:6,1
DA:7,2
DA:9,2
DA:10,2
DA:16,2
LF:5
LH:5
BRF:0
BRH:0
end_of_record
TN:
SF:app\(tabs)\BudgetScreen.tsx
FN:24,(anonymous_0)
FN:31,(anonymous_1)
FN:41,(anonymous_2)
FN:54,(anonymous_3)
FN:57,(anonymous_4)
FN:58,(anonymous_5)
FN:61,(anonymous_6)
FN:62,(anonymous_7)
FN:65,(anonymous_8)
FN:66,(anonymous_9)
FN:76,(anonymous_10)
FN:95,(anonymous_11)
FN:125,(anonymous_12)
FN:178,BudgetScreen
FN:203,(anonymous_14)
FN:204,(anonymous_15)
FN:237,(anonymous_16)
FN:268,(anonymous_17)
FN:296,(anonymous_18)
FN:324,(anonymous_19)
FN:359,(anonymous_20)
FN:370,(anonymous_21)
FN:381,(anonymous_22)
FNF:23
FNH:13
FNDA:5,(anonymous_0)
FNDA:3,(anonymous_1)
FNDA:5,(anonymous_2)
FNDA:16,(anonymous_3)
FNDA:12,(anonymous_4)
FNDA:4,(anonymous_5)
FNDA:12,(anonymous_6)
FNDA:8,(anonymous_7)
FNDA:12,(anonymous_8)
FNDA:8,(anonymous_9)
FNDA:4,(anonymous_10)
FNDA:4,(anonymous_11)
FNDA:6,(anonymous_12)
FNDA:0,BudgetScreen
FNDA:0,(anonymous_14)
FNDA:0,(anonymous_15)
FNDA:0,(anonymous_16)
FNDA:0,(anonymous_17)
FNDA:0,(anonymous_18)
FNDA:0,(anonymous_19)
FNDA:0,(anonymous_20)
FNDA:0,(anonymous_21)
FNDA:0,(anonymous_22)
DA:24,1
DA:25,5
DA:26,5
DA:27,5
DA:31,1
DA:36,3
DA:37,3
DA:41,1
DA:46,5
DA:47,5
DA:48,5
DA:49,5
DA:51,5
DA:52,5
DA:54,16
DA:56,5
DA:57,12
DA:58,4
DA:60,5
DA:61,12
DA:62,8
DA:64,5
DA:65,12
DA:66,8
DA:68,5
DA:76,1
DA:87,4
DA:96,4
DA:97,4
DA:98,4
DA:99,4
DA:101,4
DA:102,4
DA:103,4
DA:105,4
DA:112,3
DA:113,3
DA:115,1
DA:116,1
DA:125,1
DA:138,6
DA:139,6
DA:140,6
DA:142,6
DA:143,1
DA:144,1
DA:146,5
DA:151,1
DA:152,1
DA:154,4
DA:155,4
DA:161,3
DA:162,3
DA:163,3
DA:164,1
DA:169,3
DA:170,3
DA:172,1
DA:173,1
DA:179,0
DA:180,0
DA:181,0
DA:182,0
DA:183,0
DA:192,0
DA:201,0
DA:203,0
DA:204,0
DA:205,0
DA:206,0
DA:207,0
DA:208,0
DA:209,0
DA:210,0
DA:211,0
DA:216,0
DA:217,0
DA:218,0
DA:220,0
DA:221,0
DA:222,0
DA:223,0
DA:224,0
DA:227,0
DA:231,0
DA:234,0
DA:237,0
DA:238,0
DA:252,0
DA:268,0
DA:296,0
DA:324,0
DA:359,0
DA:370,0
DA:381,0
DA:398,1
LF:96
LH:60
BRDA:24,0,0,5
BRDA:26,1,0,5
BRDA:26,1,1,1
BRDA:34,2,0,3
BRDA:44,3,0,5
BRDA:85,4,0,4
BRDA:89,5,0,2
BRDA:89,5,1,2
BRDA:89,6,0,1
BRDA:89,6,1,1
BRDA:101,7,0,2
BRDA:101,7,1,2
BRDA:102,8,0,1
BRDA:102,8,1,3
BRDA:103,9,0,1
BRDA:103,9,1,3
BRDA:107,10,0,2
BRDA:107,10,1,2
BRDA:108,11,0,1
BRDA:108,11,1,3
BRDA:109,12,0,1
BRDA:109,12,1,3
BRDA:113,13,0,3
BRDA:113,13,1,0
BRDA:136,14,0,6
BRDA:138,15,0,3
BRDA:138,15,1,3
BRDA:138,16,0,3
BRDA:138,16,1,0
BRDA:139,17,0,1
BRDA:139,17,1,5
BRDA:139,18,0,1
BRDA:139,18,1,0
BRDA:140,19,0,1
BRDA:140,19,1,5
BRDA:140,20,0,1
BRDA:140,20,1,0
BRDA:142,21,0,1
BRDA:142,21,1,5
BRDA:142,22,0,6
BRDA:142,22,1,3
BRDA:142,22,2,2
BRDA:146,23,0,1
BRDA:146,23,1,4
BRDA:147,24,0,5
BRDA:147,24,1,3
BRDA:147,24,2,3
BRDA:147,24,3,4
BRDA:147,24,4,1
BRDA:147,24,5,1
BRDA:147,24,6,4
BRDA:147,24,7,1
BRDA:147,24,8,1
BRDA:163,25,0,1
BRDA:163,25,1,2
BRDA:163,26,0,3
BRDA:163,26,1,1
BRDA:170,27,0,3
BRDA:170,27,1,0
BRDA:178,28,0,0
BRDA:207,29,0,0
BRDA:207,29,1,0
BRDA:210,30,0,0
BRDA:210,30,1,0
BRDA:212,31,0,0
BRDA:212,31,1,0
BRDA:213,32,0,0
BRDA:213,32,1,0
BRDA:214,33,0,0
BRDA:214,33,1,0
BRDA:216,34,0,0
BRDA:216,34,1,0
BRDA:217,35,0,0
BRDA:217,35,1,0
BRDA:218,36,0,0
BRDA:218,36,1,0
BRDA:220,37,0,0
BRDA:220,37,1,0
BRDA:222,38,0,0
BRDA:222,38,1,0
BRDA:258,39,0,0
BRDA:258,39,1,0
BRDA:258,40,0,0
BRDA:258,40,1,0
BRDA:258,40,2,0
BRDA:262,41,0,0
BRDA:262,41,1,0
BRDA:284,42,0,0
BRDA:284,42,1,0
BRDA:290,43,0,0
BRDA:290,43,1,0
BRDA:312,44,0,0
BRDA:312,44,1,0
BRDA:318,45,0,0
BRDA:318,45,1,0
BRDA:340,46,0,0
BRDA:340,46,1,0
BRDA:358,47,0,0
BRDA:358,47,1,0
BRDA:369,48,0,0
BRDA:369,48,1,0
BRDA:380,49,0,0
BRDA:380,49,1,0
BRF:103
BRH:54
end_of_record
TN:
SF:app\(tabs)\_layout.tsx
FN:12,TabLayout
FN:54,(anonymous_1)
FN:67,(anonymous_2)
FN:80,(anonymous_3)
FN:93,(anonymous_4)
FNF:5
FNH:0
FNDA:0,TabLayout
FNDA:0,(anonymous_1)
FNDA:0,(anonymous_2)
FNDA:0,(anonymous_3)
FNDA:0,(anonymous_4)
DA:10,0
DA:13,0
DA:15,0
DA:55,0
DA:68,0
DA:81,0
DA:94,0
LF:7
LH:0
BRDA:20,0,0,0
BRDA:20,0,1,0
BRDA:56,1,0,0
BRDA:56,1,1,0
BRDA:57,2,0,0
BRDA:57,2,1,0
BRDA:69,3,0,0
BRDA:69,3,1,0
BRDA:70,4,0,0
BRDA:70,4,1,0
BRDA:82,5,0,0
BRDA:82,5,1,0
BRDA:83,6,0,0
BRDA:83,6,1,0
BRDA:95,7,0,0
BRDA:95,7,1,0
BRDA:96,8,0,0
BRDA:96,8,1,0
BRF:18
BRH:0
end_of_record
TN:
SF:app\(tabs)\home.tsx
FN:25,HomeScreen
FN:47,(anonymous_1)
FN:58,(anonymous_2)
FN:78,(anonymous_3)
FN:80,(anonymous_4)
FN:106,(anonymous_5)
FN:113,(anonymous_6)
FN:117,(anonymous_7)
FN:119,(anonymous_8)
FN:135,(anonymous_9)
FN:136,(anonymous_10)
FN:142,(anonymous_11)
FN:149,(anonymous_12)
FN:155,(anonymous_13)
FN:165,(anonymous_14)
FN:166,(anonymous_15)
FN:169,(anonymous_16)
FN:170,(anonymous_17)
FN:174,(anonymous_18)
FN:180,(anonymous_19)
FN:185,(anonymous_20)
FN:189,(anonymous_21)
FN:194,(anonymous_22)
FN:199,(anonymous_23)
FN:207,(anonymous_24)
FN:208,(anonymous_25)
FN:220,(anonymous_26)
FN:229,(anonymous_27)
FN:232,(anonymous_28)
FN:232,(anonymous_29)
FN:246,(anonymous_30)
FN:254,(anonymous_31)
FN:256,(anonymous_32)
FN:260,(anonymous_33)
FN:293,(anonymous_34)
FN:296,(anonymous_35)
FN:308,(anonymous_36)
FN:331,(anonymous_37)
FN:334,(anonymous_38)
FN:343,(anonymous_39)
FN:346,(anonymous_40)
FNF:41
FNH:0
FNDA:0,HomeScreen
FNDA:0,(anonymous_1)
FNDA:0,(anonymous_2)
FNDA:0,(anonymous_3)
FNDA:0,(anonymous_4)
FNDA:0,(anonymous_5)
FNDA:0,(anonymous_6)
FNDA:0,(anonymous_7)
FNDA:0,(anonymous_8)
FNDA:0,(anonymous_9)
FNDA:0,(anonymous_10)
FNDA:0,(anonymous_11)
FNDA:0,(anonymous_12)
FNDA:0,(anonymous_13)
FNDA:0,(anonymous_14)
FNDA:0,(anonymous_15)
FNDA:0,(anonymous_16)
FNDA:0,(anonymous_17)
FNDA:0,(anonymous_18)
FNDA:0,(anonymous_19)
FNDA:0,(anonymous_20)
FNDA:0,(anonymous_21)
FNDA:0,(anonymous_22)
FNDA:0,(anonymous_23)
FNDA:0,(anonymous_24)
FNDA:0,(anonymous_25)
FNDA:0,(anonymous_26)
FNDA:0,(anonymous_27)
FNDA:0,(anonymous_28)
FNDA:0,(anonymous_29)
FNDA:0,(anonymous_30)
FNDA:0,(anonymous_31)
FNDA:0,(anonymous_32)
FNDA:0,(anonymous_33)
FNDA:0,(anonymous_34)
FNDA:0,(anonymous_35)
FNDA:0,(anonymous_36)
FNDA:0,(anonymous_37)
FNDA:0,(anonymous_38)
FNDA:0,(anonymous_39)
FNDA:0,(anonymous_40)
DA:26,0
DA:27,0
DA:28,0
DA:29,0
DA:30,0
DA:31,0
DA:32,0
DA:33,0
DA:34,0
DA:35,0
DA:36,0
DA:37,0
DA:38,0
DA:39,0
DA:40,0
DA:41,0
DA:42,0
DA:43,0
DA:44,0
DA:45,0
DA:47,0
DA:48,0
DA:49,0
DA:50,0
DA:51,0
DA:53,0
DA:55,0
DA:56,0
DA:58,0
DA:61,0
DA:63,0
DA:64,0
DA:65,0
DA:66,0
DA:70,0
DA:72,0
DA:73,0
DA:74,0
DA:78,0
DA:79,0
DA:80,0
DA:81,0
DA:82,0
DA:84,0
DA:90,0
DA:91,0
DA:92,0
DA:94,0
DA:99,0
DA:101,0
DA:106,0
DA:107,0
DA:108,0
DA:109,0
DA:110,0
DA:113,0
DA:114,0
DA:117,0
DA:118,0
DA:119,0
DA:120,0
DA:121,0
DA:122,0
DA:123,0
DA:126,0
DA:127,0
DA:129,0
DA:131,0
DA:133,0
DA:134,0
DA:135,0
DA:136,0
DA:137,0
DA:138,0
DA:139,0
DA:142,0
DA:149,0
DA:150,0
DA:151,0
DA:152,0
DA:155,0
DA:156,0
DA:157,0
DA:158,0
DA:159,0
DA:160,0
DA:164,0
DA:165,0
DA:166,0
DA:168,0
DA:169,0
DA:170,0
DA:172,0
DA:174,0
DA:175,0
DA:176,0
DA:177,0
DA:180,0
DA:181,0
DA:182,0
DA:185,0
DA:186,0
DA:189,0
DA:191,0
DA:194,0
DA:195,0
DA:199,0
DA:200,0
DA:201,0
DA:202,0
DA:206,0
DA:207,0
DA:208,0
DA:210,0
DA:211,0
DA:212,0
DA:213,0
DA:215,0
DA:216,0
DA:220,0
DA:221,0
DA:230,0
DA:231,0
DA:232,0
DA:233,0
DA:234,0
DA:235,0
DA:237,0
DA:238,0
DA:246,0
DA:247,0
DA:248,0
DA:254,0
DA:255,0
DA:256,0
DA:257,0
DA:260,0
DA:261,0
DA:262,0
DA:263,0
DA:264,0
DA:267,0
DA:293,0
DA:296,0
DA:308,0
DA:331,0
DA:334,0
DA:343,0
DA:347,0
LF:149
LH:0
BRDA:47,0,0,0
BRDA:47,1,0,0
BRDA:51,2,0,0
BRDA:51,2,1,0
BRDA:55,3,0,0
BRDA:55,3,1,0
BRDA:63,4,0,0
BRDA:63,4,1,0
BRDA:65,5,0,0
BRDA:65,5,1,0
BRDA:82,6,0,0
BRDA:82,6,1,0
BRDA:82,6,2,0
BRDA:82,6,3,0
BRDA:82,6,4,0
BRDA:85,7,0,0
BRDA:85,7,1,0
BRDA:85,7,2,0
BRDA:95,8,0,0
BRDA:95,8,1,0
BRDA:107,9,0,0
BRDA:107,9,1,0
BRDA:107,10,0,0
BRDA:107,10,1,0
BRDA:108,11,0,0
BRDA:108,11,1,0
BRDA:109,12,0,0
BRDA:109,12,1,0
BRDA:118,13,0,0
BRDA:118,13,1,0
BRDA:120,14,0,0
BRDA:120,14,1,0
BRDA:120,15,0,0
BRDA:120,15,1,0
BRDA:121,16,0,0
BRDA:121,16,1,0
BRDA:122,17,0,0
BRDA:122,17,1,0
BRDA:126,18,0,0
BRDA:126,18,1,0
BRDA:133,19,0,0
BRDA:133,19,1,0
BRDA:133,20,0,0
BRDA:133,20,1,0
BRDA:138,21,0,0
BRDA:138,21,1,0
BRDA:156,22,0,0
BRDA:156,22,1,0
BRDA:156,23,0,0
BRDA:156,23,1,0
BRDA:172,24,0,0
BRDA:172,24,1,0
BRDA:176,25,0,0
BRDA:176,25,1,0
BRDA:201,26,0,0
BRDA:201,26,1,0
BRDA:208,27,0,0
BRDA:208,27,1,0
BRDA:247,28,0,0
BRDA:247,28,1,0
BRDA:250,29,0,0
BRDA:250,29,1,0
BRDA:255,30,0,0
BRDA:255,30,1,0
BRDA:256,31,0,0
BRDA:256,31,1,0
BRDA:261,32,0,0
BRDA:261,32,1,0
BRDA:262,33,0,0
BRDA:262,33,1,0
BRDA:270,34,0,0
BRDA:270,34,1,0
BRDA:309,35,0,0
BRDA:309,35,1,0
BRF:74
BRH:0
end_of_record
TN:
SF:app\(tabs)\scan.tsx
FN:12,(anonymous_0)
FN:21,(anonymous_1)
FN:22,(anonymous_2)
FN:53,(anonymous_3)
FN:54,(anonymous_4)
FN:57,(anonymous_5)
FN:75,(anonymous_6)
FN:95,(anonymous_7)
FN:119,(anonymous_8)
FN:155,(anonymous_9)
FNF:10
FNH:9
FNDA:21,(anonymous_0)
FNDA:7,(anonymous_1)
FNDA:7,(anonymous_2)
FNDA:2,(anonymous_3)
FNDA:2,(anonymous_4)
FNDA:3,(anonymous_5)
FNDA:2,(anonymous_6)
FNDA:1,(anonymous_7)
FNDA:0,(anonymous_8)
FNDA:3,(anonymous_9)
DA:12,1
DA:13,21
DA:14,20
DA:15,20
DA:16,20
DA:17,20
DA:18,20
DA:19,20
DA:21,20
DA:22,7
DA:23,7
DA:24,7
DA:25,1
DA:27,7
DA:29,7
DA:32,20
DA:33,2
DA:36,18
DA:37,2
DA:45,16
DA:46,5
DA:53,11
DA:54,2
DA:57,11
DA:58,3
DA:59,3
DA:60,3
DA:61,3
DA:62,0
DA:63,3
DA:64,0
DA:65,3
DA:66,3
DA:67,3
DA:70,0
DA:72,3
DA:75,11
DA:76,2
DA:77,2
DA:78,2
DA:79,2
DA:80,2
DA:81,2
DA:82,2
DA:84,0
DA:87,0
DA:88,0
DA:90,2
DA:95,11
DA:96,1
DA:97,1
DA:102,1
DA:103,1
DA:104,1
DA:107,0
DA:108,0
DA:112,11
DA:120,0
DA:121,0
DA:156,3
DA:170,1
LF:61
LH:51
BRDA:24,0,0,1
BRDA:24,0,1,6
BRDA:32,1,0,2
BRDA:32,1,1,18
BRDA:36,2,0,2
BRDA:36,2,1,16
BRDA:45,3,0,5
BRDA:45,3,1,11
BRDA:54,4,0,1
BRDA:54,4,1,1
BRDA:60,5,0,3
BRDA:60,5,1,0
BRDA:61,6,0,0
BRDA:61,6,1,3
BRDA:63,7,0,0
BRDA:63,7,1,3
BRDA:65,8,0,3
BRDA:65,8,1,0
BRDA:67,9,0,3
BRDA:67,9,1,3
BRDA:76,10,0,2
BRDA:76,10,1,0
BRDA:80,11,0,2
BRDA:80,11,1,0
BRDA:102,12,0,1
BRDA:102,12,1,0
BRDA:102,13,0,1
BRDA:102,13,1,1
BRDA:114,14,0,3
BRDA:114,14,1,8
BRDA:146,15,0,11
BRDA:146,15,1,2
BRDA:147,16,0,11
BRDA:147,16,1,3
BRDA:147,16,2,3
BRDA:152,17,0,3
BRDA:152,17,1,3
BRDA:152,17,2,3
BRF:38
BRH:31
end_of_record
TN:
SF:app\(tabs)\settings.tsx
FN:20,AddTransactionScreen
FN:53,(anonymous_1)
FN:54,(anonymous_2)
FN:71,(anonymous_3)
FN:77,(anonymous_4)
FN:173,(anonymous_5)
FN:177,(anonymous_6)
FN:183,(anonymous_7)
FN:189,(anonymous_8)
FN:190,(anonymous_9)
FN:197,(anonymous_10)
FN:201,(anonymous_11)
FN:209,(anonymous_12)
FN:227,(anonymous_13)
FN:341,(anonymous_14)
FN:363,(anonymous_15)
FN:368,(anonymous_16)
FN:389,(anonymous_17)
FN:393,(anonymous_18)
FN:411,(anonymous_19)
FN:466,(anonymous_20)
FN:471,(anonymous_21)
FN:486,(anonymous_22)
FN:497,(anonymous_23)
FN:507,(anonymous_24)
FNF:25
FNH:21
FNDA:123,AddTransactionScreen
FNDA:15,(anonymous_1)
FNDA:15,(anonymous_2)
FNDA:61,(anonymous_3)
FNDA:0,(anonymous_4)
FNDA:8,(anonymous_5)
FNDA:0,(anonymous_6)
FNDA:21,(anonymous_7)
FNDA:90,(anonymous_8)
FNDA:103,(anonymous_9)
FNDA:126,(anonymous_10)
FNDA:1,(anonymous_11)
FNDA:5,(anonymous_12)
FNDA:15,(anonymous_13)
FNDA:0,(anonymous_14)
FNDA:246,(anonymous_15)
FNDA:14,(anonymous_16)
FNDA:607,(anonymous_17)
FNDA:11,(anonymous_18)
FNDA:1,(anonymous_19)
FNDA:67,(anonymous_20)
FNDA:0,(anonymous_21)
FNDA:7,(anonymous_22)
FNDA:7,(anonymous_23)
FNDA:7,(anonymous_24)
DA:21,123
DA:22,123
DA:23,123
DA:24,123
DA:25,123
DA:26,123
DA:27,123
DA:28,123
DA:29,123
DA:31,123
DA:40,123
DA:48,123
DA:53,123
DA:54,15
DA:55,15
DA:56,15
DA:57,15
DA:58,15
DA:60,0
DA:63,0
DA:64,0
DA:67,15
DA:71,123
DA:72,61
DA:73,29
DA:77,123
DA:78,0
DA:80,0
DA:81,0
DA:82,0
DA:85,0
DA:86,0
DA:87,0
DA:90,0
DA:91,0
DA:92,0
DA:93,0
DA:94,0
DA:97,0
DA:98,0
DA:99,0
DA:100,0
DA:101,0
DA:104,0
DA:105,0
DA:106,0
DA:107,0
DA:111,0
DA:112,0
DA:113,0
DA:114,0
DA:115,0
DA:118,0
DA:120,0
DA:121,0
DA:122,0
DA:124,0
DA:125,0
DA:126,0
DA:129,0
DA:130,0
DA:131,0
DA:134,0
DA:135,0
DA:136,0
DA:137,0
DA:140,0
DA:141,0
DA:142,0
DA:145,0
DA:146,0
DA:147,0
DA:150,0
DA:151,0
DA:152,0
DA:153,0
DA:156,0
DA:157,0
DA:158,0
DA:162,0
DA:163,0
DA:164,0
DA:165,0
DA:169,0
DA:170,0
DA:173,123
DA:174,8
DA:177,123
DA:178,0
DA:179,0
DA:180,0
DA:183,123
DA:184,21
DA:185,21
DA:186,21
DA:189,123
DA:190,90
DA:191,103
DA:192,103
DA:193,103
DA:197,123
DA:198,126
DA:201,123
DA:202,1
DA:203,0
DA:204,0
DA:208,1
DA:209,5
DA:210,0
DA:211,0
DA:214,1
DA:215,1
DA:216,1
DA:217,0
DA:218,0
DA:219,0
DA:222,1
DA:223,1
DA:224,1
DA:227,123
DA:228,15
DA:229,0
DA:230,0
DA:233,15
DA:234,1
DA:235,1
DA:238,14
DA:239,2
DA:240,2
DA:243,12
DA:244,4
DA:245,1
DA:246,1
DA:249,3
DA:250,3
DA:251,0
DA:252,0
DA:255,3
DA:256,1
DA:257,1
DA:261,10
DA:262,8
DA:263,1
DA:264,1
DA:267,7
DA:268,8
DA:269,8
DA:271,8
DA:272,1
DA:273,1
DA:276,7
DA:277,1
DA:278,1
DA:281,6
DA:282,6
DA:283,0
DA:284,0
DA:287,6
DA:288,1
DA:289,1
DA:292,5
DA:293,1
DA:294,1
DA:297,4
DA:298,4
DA:299,0
DA:300,0
DA:303,4
DA:304,1
DA:305,1
DA:310,4
DA:312,4
DA:313,4
DA:315,4
DA:324,4
DA:325,3
DA:328,3
DA:329,3
DA:330,3
DA:331,3
DA:332,3
DA:334,1
DA:335,1
DA:337,4
DA:341,123
DA:342,0
DA:343,0
DA:344,0
DA:345,0
DA:346,0
DA:347,0
DA:348,0
DA:351,123
DA:364,246
DA:369,14
DA:370,14
DA:371,14
DA:372,14
DA:373,14
DA:390,607
DA:393,11
DA:411,1
DA:467,67
DA:471,0
DA:486,7
DA:497,7
DA:507,7
DA:537,1
LF:208
LH:120
BRDA:57,0,0,15
BRDA:57,0,1,0
BRDA:72,1,0,29
BRDA:72,1,1,32
BRDA:72,2,0,61
BRDA:72,2,1,38
BRDA:80,3,0,0
BRDA:80,3,1,0
BRDA:85,4,0,0
BRDA:85,4,1,0
BRDA:90,5,0,0
BRDA:90,5,1,0
BRDA:91,6,0,0
BRDA:91,6,1,0
BRDA:91,7,0,0
BRDA:91,7,1,0
BRDA:98,8,0,0
BRDA:98,8,1,0
BRDA:104,9,0,0
BRDA:104,9,1,0
BRDA:111,10,0,0
BRDA:111,10,1,0
BRDA:112,11,0,0
BRDA:112,11,1,0
BRDA:124,12,0,0
BRDA:124,12,1,0
BRDA:124,13,0,0
BRDA:124,13,1,0
BRDA:129,14,0,0
BRDA:129,14,1,0
BRDA:129,15,0,0
BRDA:129,15,1,0
BRDA:135,16,0,0
BRDA:135,16,1,0
BRDA:140,17,0,0
BRDA:140,17,1,0
BRDA:140,18,0,0
BRDA:140,18,1,0
BRDA:145,19,0,0
BRDA:145,19,1,0
BRDA:145,20,0,0
BRDA:145,20,1,0
BRDA:151,21,0,0
BRDA:151,21,1,0
BRDA:156,22,0,0
BRDA:156,22,1,0
BRDA:162,23,0,0
BRDA:162,23,1,0
BRDA:191,24,0,103
BRDA:191,24,1,48
BRDA:192,25,0,103
BRDA:192,25,1,66
BRDA:202,26,0,0
BRDA:202,26,1,1
BRDA:208,27,0,1
BRDA:208,27,1,0
BRDA:209,28,0,0
BRDA:209,28,1,1
BRDA:214,29,0,1
BRDA:214,29,1,0
BRDA:217,30,0,0
BRDA:217,30,1,0
BRDA:228,31,0,0
BRDA:228,31,1,15
BRDA:233,32,0,1
BRDA:233,32,1,14
BRDA:238,33,0,2
BRDA:238,33,1,12
BRDA:243,34,0,4
BRDA:243,34,1,8
BRDA:244,35,0,1
BRDA:244,35,1,3
BRDA:244,36,0,4
BRDA:244,36,1,3
BRDA:250,37,0,0
BRDA:250,37,1,3
BRDA:255,38,0,1
BRDA:255,38,1,2
BRDA:261,39,0,8
BRDA:261,39,1,2
BRDA:262,40,0,1
BRDA:262,40,1,7
BRDA:271,41,0,1
BRDA:271,41,1,7
BRDA:271,42,0,8
BRDA:271,42,1,7
BRDA:276,43,0,1
BRDA:276,43,1,6
BRDA:276,44,0,7
BRDA:276,44,1,6
BRDA:282,45,0,0
BRDA:282,45,1,6
BRDA:287,46,0,1
BRDA:287,46,1,5
BRDA:287,47,0,6
BRDA:287,47,1,5
BRDA:292,48,0,1
BRDA:292,48,1,4
BRDA:292,49,0,5
BRDA:292,49,1,4
BRDA:298,50,0,0
BRDA:298,50,1,4
BRDA:303,51,0,1
BRDA:303,51,1,3
BRDA:313,52,0,2
BRDA:313,52,1,2
BRDA:320,53,0,2
BRDA:320,53,1,2
BRDA:353,54,0,123
BRDA:353,54,1,0
BRDA:367,55,0,246
BRDA:367,55,1,104
BRDA:376,56,0,123
BRDA:376,56,1,123
BRDA:376,57,0,104
BRDA:376,57,1,142
BRDA:377,58,0,246
BRDA:377,58,1,104
BRDA:385,59,0,123
BRDA:385,59,1,104
BRDA:389,60,0,19
BRDA:389,60,1,85
BRDA:392,61,0,607
BRDA:392,61,1,85
BRDA:398,62,0,85
BRDA:398,62,1,522
BRDA:403,63,0,607
BRDA:403,63,1,85
BRDA:420,64,0,104
BRDA:420,64,1,3
BRDA:437,65,0,123
BRDA:437,65,1,19
BRDA:452,66,0,123
BRDA:452,66,1,85
BRDA:514,67,0,67
BRDA:514,67,1,32
BRDA:514,68,0,67
BRDA:514,68,1,44
BRDA:520,69,0,85
BRDA:520,69,1,59
BRF:140
BRH:86
end_of_record
TN:
SF:app\components\ChartSection.tsx
FN:14,(anonymous_0)
FN:15,(anonymous_1)
FN:16,(anonymous_2)
FN:39,(anonymous_3)
FN:45,(anonymous_4)
FN:46,(anonymous_5)
FN:47,(anonymous_6)
FN:49,(anonymous_7)
FN:51,(anonymous_8)
FN:82,(anonymous_9)
FN:100,(anonymous_10)
FN:101,(anonymous_11)
FN:114,(anonymous_12)
FN:127,(anonymous_13)
FN:137,(anonymous_14)
FN:138,(anonymous_15)
FN:162,(anonymous_16)
FN:218,(anonymous_17)
FN:269,(anonymous_18)
FN:299,(anonymous_19)
FN:302,(anonymous_20)
FNF:21
FNH:0
FNDA:0,(anonymous_0)
FNDA:0,(anonymous_1)
FNDA:0,(anonymous_2)
FNDA:0,(anonymous_3)
FNDA:0,(anonymous_4)
FNDA:0,(anonymous_5)
FNDA:0,(anonymous_6)
FNDA:0,(anonymous_7)
FNDA:0,(anonymous_8)
FNDA:0,(anonymous_9)
FNDA:0,(anonymous_10)
FNDA:0,(anonymous_11)
FNDA:0,(anonymous_12)
FNDA:0,(anonymous_13)
FNDA:0,(anonymous_14)
FNDA:0,(anonymous_15)
FNDA:0,(anonymous_16)
FNDA:0,(anonymous_17)
FNDA:0,(anonymous_18)
FNDA:0,(anonymous_19)
FNDA:0,(anonymous_20)
DA:14,0
DA:15,0
DA:16,0
DA:17,0
DA:18,0
DA:20,0
DA:22,0
DA:26,0
DA:27,0
DA:28,0
DA:30,0
DA:33,0
DA:35,0
DA:39,0
DA:40,0
DA:45,0
DA:46,0
DA:47,0
DA:48,0
DA:49,0
DA:51,0
DA:52,0
DA:53,0
DA:56,0
DA:82,0
DA:92,0
DA:100,0
DA:101,0
DA:102,0
DA:103,0
DA:104,0
DA:105,0
DA:106,0
DA:107,0
DA:111,0
DA:114,0
DA:115,0
DA:116,0
DA:118,0
DA:119,0
DA:121,0
DA:122,0
DA:124,0
DA:127,0
DA:132,0
DA:137,0
DA:138,0
DA:158,0
DA:159,0
DA:160,0
DA:162,0
DA:163,0
DA:166,0
DA:219,0
DA:270,0
DA:300,0
DA:302,0
LF:57
LH:0
BRDA:20,0,0,0
BRDA:20,0,1,0
BRDA:20,0,2,0
BRDA:20,0,3,0
BRDA:20,0,4,0
BRDA:22,1,0,0
BRDA:22,1,1,0
BRDA:22,1,2,0
BRDA:30,2,0,0
BRDA:30,2,1,0
BRDA:52,3,0,0
BRDA:52,3,1,0
BRDA:56,4,0,0
BRDA:56,4,1,0
BRDA:102,5,0,0
BRDA:102,5,1,0
BRDA:102,5,2,0
BRDA:102,5,3,0
BRDA:102,5,4,0
BRDA:115,6,0,0
BRDA:115,6,1,0
BRDA:118,7,0,0
BRDA:118,7,1,0
BRDA:121,8,0,0
BRDA:121,8,1,0
BRDA:137,9,0,0
BRDA:138,10,0,0
BRDA:193,11,0,0
BRDA:193,11,1,0
BRDA:244,12,0,0
BRDA:244,12,1,0
BRDA:303,13,0,0
BRDA:303,13,1,0
BRDA:307,14,0,0
BRDA:307,14,1,0
BRDA:309,15,0,0
BRDA:309,15,1,0
BRDA:310,16,0,0
BRDA:310,16,1,0
BRDA:311,17,0,0
BRDA:311,17,1,0
BRF:41
BRH:0
end_of_record
TN:
SF:app\components\Header.tsx
FN:17,(anonymous_0)
FNF:1
FNH:0
FNDA:0,(anonymous_0)
DA:17,0
DA:27,0
LF:2
LH:0
BRDA:45,0,0,0
BRDA:45,0,1,0
BRDA:51,1,0,0
BRDA:51,1,1,0
BRDA:56,2,0,0
BRDA:56,2,1,0
BRF:6
BRH:0
end_of_record
TN:
SF:app\components\SettingsModal.tsx
FN:18,(anonymous_0)
FN:29,(anonymous_1)
FN:38,(anonymous_2)
FN:54,(anonymous_3)
FN:66,(anonymous_4)
FN:75,(anonymous_5)
FN:117,(anonymous_6)
FN:120,(anonymous_7)
FN:130,(anonymous_8)
FN:140,(anonymous_9)
FN:143,(anonymous_10)
FNF:11
FNH:0
FNDA:0,(anonymous_0)
FNDA:0,(anonymous_1)
FNDA:0,(anonymous_2)
FNDA:0,(anonymous_3)
FNDA:0,(anonymous_4)
FNDA:0,(anonymous_5)
FNDA:0,(anonymous_6)
FNDA:0,(anonymous_7)
FNDA:0,(anonymous_8)
FNDA:0,(anonymous_9)
FNDA:0,(anonymous_10)
DA:18,0
DA:26,0
DA:27,0
DA:29,0
DA:30,0
DA:39,0
DA:40,0
DA:41,0
DA:43,0
DA:45,0
DA:46,0
DA:54,0
DA:55,0
DA:66,0
DA:75,0
DA:117,0
DA:118,0
DA:120,0
DA:131,0
DA:132,0
DA:140,0
DA:141,0
DA:143,0
DA:187,0
DA:203,0
LF:25
LH:0
BRDA:195,0,0,0
BRDA:195,0,1,0
BRDA:196,1,0,0
BRDA:196,1,1,0
BRDA:197,2,0,0
BRDA:197,2,1,0
BRF:6
BRH:0
end_of_record
TN:
SF:app\components\TransactionModal.tsx
FN:22,(anonymous_0)
FN:40,(anonymous_1)
FN:86,(anonymous_2)
FN:89,(anonymous_3)
FN:100,(anonymous_4)
FN:106,(anonymous_5)
FN:114,(anonymous_6)
FN:135,(anonymous_7)
FN:156,(anonymous_8)
FN:196,(anonymous_9)
FN:217,(anonymous_10)
FN:224,(anonymous_11)
FN:237,(anonymous_12)
FN:249,(anonymous_13)
FN:257,(anonymous_14)
FN:273,(anonymous_15)
FN:306,(anonymous_16)
FNF:17
FNH:13
FNDA:22,(anonymous_0)
FNDA:17,(anonymous_1)
FNDA:9,(anonymous_2)
FNDA:9,(anonymous_3)
FNDA:0,(anonymous_4)
FNDA:1,(anonymous_5)
FNDA:1,(anonymous_6)
FNDA:13,(anonymous_7)
FNDA:0,(anonymous_8)
FNDA:0,(anonymous_9)
FNDA:21,(anonymous_10)
FNDA:2,(anonymous_11)
FNDA:5,(anonymous_12)
FNDA:6,(anonymous_13)
FNDA:1,(anonymous_14)
FNDA:1,(anonymous_15)
FNDA:0,(anonymous_16)
DA:22,1
DA:36,22
DA:38,22
DA:40,22
DA:41,17
DA:42,17
DA:44,17
DA:45,2
DA:46,1
DA:47,1
DA:49,1
DA:53,17
DA:54,7
DA:55,7
DA:56,0
DA:57,0
DA:58,7
DA:59,1
DA:60,1
DA:61,6
DA:62,0
DA:63,0
DA:65,6
DA:69,17
DA:70,5
DA:71,5
DA:72,0
DA:73,0
DA:74,5
DA:75,1
DA:76,1
DA:78,4
DA:82,17
DA:83,17
DA:86,22
DA:87,9
DA:88,9
DA:89,9
DA:90,9
DA:93,9
DA:100,22
DA:101,0
DA:102,0
DA:106,22
DA:107,1
DA:109,1
DA:110,0
DA:113,1
DA:114,1
DA:115,1
DA:116,0
DA:118,1
DA:119,0
DA:121,1
DA:122,0
DA:127,1
DA:128,0
DA:129,0
DA:132,1
DA:135,22
DA:136,13
DA:137,13
DA:138,2
DA:139,1
DA:141,11
DA:142,6
DA:143,6
DA:144,5
DA:145,5
DA:147,5
DA:148,5
DA:149,5
DA:150,4
DA:151,4
DA:156,22
DA:157,0
DA:158,0
DA:159,0
DA:166,22
DA:197,0
DA:218,21
DA:224,2
DA:237,5
DA:249,6
DA:257,1
DA:274,1
DA:306,0
LF:87
LH:68
BRDA:36,0,0,0
BRDA:36,0,1,22
BRDA:36,1,0,22
BRDA:36,1,1,22
BRDA:44,2,0,2
BRDA:44,2,1,15
BRDA:45,3,0,1
BRDA:45,3,1,1
BRDA:45,4,0,2
BRDA:45,4,1,2
BRDA:53,5,0,7
BRDA:53,5,1,10
BRDA:53,6,0,17
BRDA:53,6,1,11
BRDA:54,7,0,0
BRDA:54,7,1,7
BRDA:55,8,0,0
BRDA:55,8,1,7
BRDA:58,9,0,1
BRDA:58,9,1,6
BRDA:61,10,0,0
BRDA:61,10,1,6
BRDA:69,11,0,5
BRDA:69,11,1,12
BRDA:70,12,0,0
BRDA:70,12,1,5
BRDA:71,13,0,0
BRDA:71,13,1,5
BRDA:74,14,0,1
BRDA:74,14,1,4
BRDA:88,15,0,9
BRDA:88,15,1,0
BRDA:88,16,0,9
BRDA:88,16,1,9
BRDA:101,17,0,0
BRDA:101,17,1,0
BRDA:101,18,0,0
BRDA:101,18,1,0
BRDA:109,19,0,0
BRDA:109,19,1,1
BRDA:113,20,0,1
BRDA:113,20,1,0
BRDA:115,21,0,0
BRDA:115,21,1,1
BRDA:118,22,0,0
BRDA:118,22,1,1
BRDA:121,23,0,0
BRDA:121,23,1,1
BRDA:127,24,0,0
BRDA:127,24,1,1
BRDA:137,25,0,2
BRDA:137,25,1,11
BRDA:138,26,0,1
BRDA:138,26,1,1
BRDA:141,27,0,6
BRDA:141,27,1,5
BRDA:142,28,0,6
BRDA:142,28,1,0
BRDA:142,29,0,6
BRDA:142,29,1,1
BRDA:143,30,0,5
BRDA:143,30,1,1
BRDA:147,31,0,5
BRDA:147,31,1,0
BRDA:148,32,0,5
BRDA:148,32,1,0
BRDA:148,33,0,5
BRDA:148,33,1,1
BRDA:149,34,0,4
BRDA:149,34,1,1
BRDA:157,35,0,0
BRDA:157,35,1,0
BRDA:158,36,0,0
BRDA:158,36,1,0
BRDA:176,37,0,21
BRDA:176,37,1,1
BRDA:179,38,0,21
BRDA:179,38,1,1
BRDA:206,39,0,0
BRDA:206,39,1,21
BRDA:214,40,0,21
BRDA:214,40,1,0
BRDA:222,41,0,0
BRDA:222,41,1,21
BRDA:229,42,0,21
BRDA:229,42,1,0
BRDA:234,43,0,0
BRDA:234,43,1,21
BRDA:241,44,0,21
BRDA:241,44,1,0
BRDA:246,45,0,0
BRDA:246,45,1,21
BRDA:254,46,0,21
BRDA:254,46,1,0
BRDA:272,47,0,1
BRDA:272,47,1,0
BRDA:272,48,0,1
BRDA:272,48,1,1
BRDA:291,49,0,21
BRDA:291,49,1,1
BRF:100
BRH:67
end_of_record
TN:
SF:app\components\TransactionList\TransactionList.tsx
FN:20,(anonymous_0)
FN:32,(anonymous_1)
FN:46,(anonymous_2)
FN:56,(anonymous_3)
FN:60,(anonymous_4)
FNF:5
FNH:0
FNDA:0,(anonymous_0)
FNDA:0,(anonymous_1)
FNDA:0,(anonymous_2)
FNDA:0,(anonymous_3)
FNDA:0,(anonymous_4)
DA:20,0
DA:32,0
DA:34,0
DA:35,0
DA:42,0
DA:47,0
DA:48,0
DA:50,0
DA:51,0
DA:57,0
DA:60,0
LF:11
LH:0
BRDA:34,0,0,0
BRDA:34,0,1,0
BRDA:50,1,0,0
BRDA:50,1,1,0
BRDA:50,2,0,0
BRDA:50,2,1,0
BRDA:50,2,2,0
BRDA:71,3,0,0
BRDA:71,3,1,0
BRDA:74,4,0,0
BRDA:74,4,1,0
BRF:11
BRH:0
end_of_record
TN:
SF:app\components\TransactionList\TransactionUtils.tsx
FN:3,(anonymous_0)
FN:27,(anonymous_1)
FNF:2
FNH:2
FNDA:15,(anonymous_0)
FNDA:5,(anonymous_1)
DA:3,1
DA:4,15
DA:5,15
DA:7,15
DA:9,3
DA:15,3
DA:16,3
DA:17,3
DA:19,3
DA:21,3
DA:23,3
DA:27,1
DA:28,5
DA:29,1
DA:31,4
DA:32,1
DA:34,3
DA:35,2
DA:37,1
LF:19
LH:19
BRDA:7,0,0,3
BRDA:7,0,1,3
BRDA:7,0,2,3
BRDA:7,0,3,3
BRDA:7,0,4,3
BRDA:10,1,0,3
BRDA:10,1,1,1
BRDA:10,1,2,1
BRDA:19,2,0,3
BRDA:19,2,1,2
BRDA:28,3,0,1
BRDA:28,3,1,4
BRDA:31,4,0,1
BRDA:31,4,1,3
BRDA:34,5,0,2
BRDA:34,5,1,1
BRF:16
BRH:16
end_of_record
TN:
SF:app\pages\login.tsx
FN:9,(anonymous_0)
FN:55,(anonymous_1)
FN:78,(anonymous_2)
FNF:3
FNH:1
FNDA:10,(anonymous_0)
FNDA:0,(anonymous_1)
FNDA:0,(anonymous_2)
DA:9,1
DA:16,10
DA:17,10
DA:18,2
DA:19,2
DA:20,2
DA:21,2
DA:24,8
DA:25,2
DA:26,2
DA:27,2
DA:28,2
DA:31,6
DA:32,6
DA:34,6
DA:39,2
DA:41,2
DA:43,2
DA:44,2
DA:45,2
DA:47,2
DA:49,4
DA:50,4
DA:51,4
DA:55,1
DA:56,0
DA:57,0
DA:58,0
DA:59,0
DA:61,0
DA:78,0
DA:88,1
LF:32
LH:26
BRDA:17,0,0,2
BRDA:17,0,1,8
BRDA:17,1,0,10
BRDA:17,1,1,9
BRDA:19,2,0,2
BRDA:19,2,1,0
BRDA:24,3,0,2
BRDA:24,3,1,6
BRDA:24,4,0,8
BRDA:24,4,1,8
BRDA:24,4,2,7
BRDA:26,5,0,2
BRDA:26,5,1,0
BRDA:49,6,0,3
BRDA:49,6,1,1
BRDA:50,7,0,4
BRDA:50,7,1,0
BRDA:51,8,0,4
BRDA:51,8,1,1
BRDA:77,9,0,0
BRDA:77,9,1,0
BRF:21
BRH:16
end_of_record
TN:
SF:app\pages\register.tsx
FN:7,(anonymous_0)
FN:58,(anonymous_1)
FN:91,(anonymous_2)
FNF:3
FNH:1
FNDA:9,(anonymous_0)
FNDA:0,(anonymous_1)
FNDA:0,(anonymous_2)
DA:7,1
DA:15,9
DA:16,1
DA:17,1
DA:18,1
DA:19,1
DA:22,8
DA:23,8
DA:24,2
DA:25,2
DA:26,2
DA:27,2
DA:30,6
DA:31,2
DA:32,2
DA:33,2
DA:34,2
DA:37,4
DA:38,4
DA:43,2
DA:44,2
DA:45,2
DA:47,0
DA:48,0
DA:49,0
DA:52,2
DA:53,2
DA:54,2
DA:58,1
DA:59,0
DA:60,0
DA:61,0
DA:62,0
DA:63,0
DA:65,0
DA:91,0
DA:101,1
LF:37
LH:27
BRDA:15,0,0,1
BRDA:15,0,1,8
BRDA:15,1,0,9
BRDA:15,1,1,8
BRDA:17,2,0,1
BRDA:17,2,1,0
BRDA:23,3,0,2
BRDA:23,3,1,6
BRDA:23,4,0,8
BRDA:23,4,1,7
BRDA:25,5,0,2
BRDA:25,5,1,0
BRDA:30,6,0,2
BRDA:30,6,1,4
BRDA:30,7,0,6
BRDA:30,7,1,5
BRDA:32,8,0,2
BRDA:32,8,1,0
BRDA:44,9,0,2
BRDA:44,9,1,0
BRDA:44,10,0,2
BRDA:44,10,1,2
BRDA:48,11,0,0
BRDA:48,11,1,0
BRDA:53,12,0,2
BRDA:53,12,1,0
BRDA:87,13,0,0
BRDA:87,13,1,0
BRDA:88,14,0,0
BRDA:88,14,1,0
BRF:30
BRH:19
end_of_record
TN:
SF:app\screen\screen1.tsx
FN:15,(anonymous_0)
FN:18,(anonymous_1)
FNF:2
FNH:2
FNDA:5,(anonymous_0)
FNDA:5,(anonymous_1)
DA:13,1
DA:15,1
DA:16,5
DA:18,5
DA:19,5
DA:26,5
LF:6
LH:6
BRF:0
BRH:0
end_of_record
TN:
SF:app\screen\screen2.tsx
FN:14,(anonymous_0)
FN:17,(anonymous_1)
FNF:2
FNH:2
FNDA:5,(anonymous_0)
FNDA:4,(anonymous_1)
DA:12,1
DA:14,1
DA:15,5
DA:17,4
DA:18,4
DA:25,4
LF:6
LH:6
BRF:0
BRH:0
end_of_record
TN:
SF:app\styles\index.ts
FNF:0
FNH:0
DA:3,1
LF:1
LH:1
BRF:0
BRH:0
end_of_record
TN:
SF:app\types\index.ts
FNF:0
FNH:0
LF:0
LH:0
BRF:0
BRH:0
end_of_record
TN:
SF:constants\Colors.ts
FNF:0
FNH:0
DA:6,0
DA:7,0
DA:9,0
LF:3
LH:0
BRF:0
BRH:0
end_of_record
TN:
SF:constants\icons.ts
FNF:0
FNH:0
DA:1,0
LF:1
LH:0
BRF:0
BRH:0
end_of_record
TN:
SF:constants\images.ts
FNF:0
FNH:0
LF:0
LH:0
BRF:0
BRH:0
end_of_record
TN:
SF:hooks\useColorScheme.ts
FNF:0
FNH:0
LF:0
LH:0
BRF:0
BRH:0
end_of_record
TN:
SF:hooks\useColorScheme.web.ts
FN:7,useColorScheme
FN:10,(anonymous_1)
FNF:2
FNH:0
FNDA:0,useColorScheme
FNDA:0,(anonymous_1)
DA:8,0
DA:10,0
DA:11,0
DA:14,0
DA:16,0
DA:17,0
DA:20,0
LF:7
LH:0
BRDA:16,0,0,0
BRDA:16,0,1,0
BRF:2
BRH:0
end_of_record
TN:
SF:hooks\useThemeColor.ts
FN:9,useThemeColor
FNF:1
FNH:0
FNDA:0,useThemeColor
DA:13,0
DA:14,0
DA:16,0
DA:17,0
DA:19,0
LF:5
LH:0
BRDA:13,0,0,0
BRDA:13,0,1,0
BRDA:16,1,0,0
BRDA:16,1,1,0
BRF:4
BRH:0
end_of_record
TN:
SF:schema\authen.tsx
FN:5,(anonymous_0)
FN:29,(anonymous_1)
FN:41,(anonymous_2)
FNF:3
FNH:0
FNDA:0,(anonymous_0)
FNDA:0,(anonymous_1)
FNDA:0,(anonymous_2)
DA:5,1
DA:6,0
DA:8,0
DA:10,0
DA:11,0
DA:14,0
DA:17,0
DA:18,0
DA:20,0
DA:21,0
DA:23,0
DA:24,0
DA:29,1
DA:30,0
DA:31,0
DA:32,0
DA:33,0
DA:35,0
DA:36,0
DA:41,1
DA:42,0
DA:43,0
DA:44,0
DA:45,0
DA:47,0
LF:25
LH:3
BRDA:10,0,0,0
BRDA:10,0,1,0
BRF:2
BRH:0
end_of_record
TN:
SF:schema\uploadPhoto.tsx
FN:17,(anonymous_0)
FNF:1
FNH:0
FNDA:0,(anonymous_0)
DA:17,1
DA:18,0
DA:19,0
DA:22,0
DA:23,0
DA:29,0
DA:31,0
DA:40,0
DA:41,0
DA:42,0
DA:45,0
DA:46,0
DA:47,0
DA:49,0
DA:50,0
DA:51,0
LF:16
LH:1
BRDA:22,0,0,0
BRDA:22,0,1,0
BRDA:40,1,0,0
BRDA:40,1,1,0
BRF:4
BRH:0
end_of_record
