TN:
SF:config.ts
FNF:0
FNH:0
DA:2,3
LF:1
LH:1
BRF:0
BRH:0
end_of_record
TN:
SF:image.d.ts
FNF:0
FNH:0
LF:0
LH:0
BRF:0
BRH:0
end_of_record
TN:
SF:jest.config.js
FNF:0
FNH:0
DA:1,0
LF:1
LH:0
BRF:0
BRH:0
end_of_record
TN:
SF:jestSetup.js
FN:15,(anonymous_0)
FN:19,(anonymous_1)
FNF:2
FNH:0
FNDA:0,(anonymous_0)
FNDA:0,(anonymous_1)
DA:4,0
DA:15,0
DA:18,0
DA:19,0
DA:23,0
DA:24,0
LF:6
LH:0
BRDA:23,0,0,0
BRDA:23,0,1,0
BRDA:24,1,0,0
BRDA:24,1,1,0
BRF:4
BRH:0
end_of_record
TN:
SF:app\_layout.tsx
FN:15,RootLayout
FN:21,(anonymous_1)
FNF:2
FNH:0
FNDA:0,RootLayout
FNDA:0,(anonymous_1)
DA:13,0
DA:16,0
DA:17,0
DA:21,0
DA:22,0
DA:23,0
DA:27,0
DA:28,0
DA:31,0
LF:9
LH:0
BRDA:22,0,0,0
BRDA:22,0,1,0
BRDA:27,1,0,0
BRDA:27,1,1,0
BRDA:32,2,0,0
BRDA:32,2,1,0
BRF:6
BRH:0
end_of_record
TN:
SF:app\index.tsx
FN:5,Index
FNF:1
FNH:0
FNDA:0,Index
DA:6,0
DA:13,0
LF:2
LH:0
BRF:0
BRH:0
end_of_record
TN:
SF:app\splash-screen.tsx
FN:6,(anonymous_0)
FN:9,(anonymous_1)
FNF:2
FNH:2
FNDA:2,(anonymous_0)
FNDA:2,(anonymous_1)
DA:6,1
DA:7,2
DA:9,2
DA:10,2
DA:16,2
LF:5
LH:5
BRF:0
BRH:0
end_of_record
TN:
SF:app\(tabs)\BudgetScreen.tsx
FN:23,BudgetScreen
FN:49,(anonymous_1)
FN:59,(anonymous_2)
FN:65,(anonymous_3)
FN:79,(anonymous_4)
FN:83,(anonymous_5)
FN:84,(anonymous_6)
FN:87,(anonymous_7)
FN:88,(anonymous_8)
FN:91,(anonymous_9)
FN:92,(anonymous_10)
FN:101,(anonymous_11)
FN:102,(anonymous_12)
FN:141,(anonymous_13)
FN:149,(anonymous_14)
FN:150,(anonymous_15)
FN:174,(anonymous_16)
FN:299,(anonymous_17)
FN:310,(anonymous_18)
FN:321,(anonymous_19)
FNF:20
FNH:0
FNDA:0,BudgetScreen
FNDA:0,(anonymous_1)
FNDA:0,(anonymous_2)
FNDA:0,(anonymous_3)
FNDA:0,(anonymous_4)
FNDA:0,(anonymous_5)
FNDA:0,(anonymous_6)
FNDA:0,(anonymous_7)
FNDA:0,(anonymous_8)
FNDA:0,(anonymous_9)
FNDA:0,(anonymous_10)
FNDA:0,(anonymous_11)
FNDA:0,(anonymous_12)
FNDA:0,(anonymous_13)
FNDA:0,(anonymous_14)
FNDA:0,(anonymous_15)
FNDA:0,(anonymous_16)
FNDA:0,(anonymous_17)
FNDA:0,(anonymous_18)
FNDA:0,(anonymous_19)
DA:24,0
DA:25,0
DA:26,0
DA:27,0
DA:28,0
DA:37,0
DA:46,0
DA:49,0
DA:51,0
DA:54,0
DA:55,0
DA:59,0
DA:60,0
DA:61,0
DA:65,0
DA:66,0
DA:68,0
DA:69,0
DA:70,0
DA:73,0
DA:76,0
DA:79,0
DA:82,0
DA:83,0
DA:84,0
DA:86,0
DA:87,0
DA:88,0
DA:90,0
DA:91,0
DA:92,0
DA:94,0
DA:101,0
DA:102,0
DA:103,0
DA:104,0
DA:105,0
DA:106,0
DA:107,0
DA:108,0
DA:109,0
DA:114,0
DA:115,0
DA:116,0
DA:120,0
DA:121,0
DA:122,0
DA:123,0
DA:124,0
DA:128,0
DA:131,0
DA:134,0
DA:137,0
DA:141,0
DA:142,0
DA:143,0
DA:144,0
DA:149,0
DA:150,0
DA:151,0
DA:152,0
DA:157,0
DA:158,0
DA:163,0
DA:164,0
DA:171,0
DA:174,0
DA:176,0
DA:177,0
DA:178,0
DA:182,0
DA:183,0
DA:184,0
DA:187,0
DA:192,0
DA:193,0
DA:196,0
DA:197,0
DA:204,0
DA:211,0
DA:214,0
DA:220,0
DA:221,0
DA:226,0
DA:227,0
DA:232,0
DA:233,0
DA:239,0
DA:240,0
DA:241,0
DA:244,0
DA:245,0
DA:249,0
DA:299,0
DA:310,0
DA:321,0
DA:338,0
LF:97
LH:0
BRDA:23,0,0,0
BRDA:54,1,0,0
BRDA:54,1,1,0
BRDA:105,2,0,0
BRDA:105,2,1,0
BRDA:108,3,0,0
BRDA:108,3,1,0
BRDA:110,4,0,0
BRDA:110,4,1,0
BRDA:111,5,0,0
BRDA:111,5,1,0
BRDA:112,6,0,0
BRDA:112,6,1,0
BRDA:114,7,0,0
BRDA:114,7,1,0
BRDA:115,8,0,0
BRDA:115,8,1,0
BRDA:116,9,0,0
BRDA:116,9,1,0
BRDA:120,10,0,0
BRDA:120,10,1,0
BRDA:122,11,0,0
BRDA:122,11,1,0
BRDA:142,12,0,0
BRDA:142,12,1,0
BRDA:142,13,0,0
BRDA:142,13,1,0
BRDA:151,14,0,0
BRDA:151,14,1,0
BRDA:151,15,0,0
BRDA:151,15,1,0
BRDA:157,16,0,0
BRDA:157,16,1,0
BRDA:157,17,0,0
BRDA:157,17,1,0
BRDA:163,18,0,0
BRDA:163,18,1,0
BRDA:163,19,0,0
BRDA:163,19,1,0
BRDA:176,20,0,0
BRDA:176,20,1,0
BRDA:176,21,0,0
BRDA:176,21,1,0
BRDA:176,21,2,0
BRDA:182,22,0,0
BRDA:182,22,1,0
BRDA:182,23,0,0
BRDA:182,23,1,0
BRDA:183,24,0,0
BRDA:183,24,1,0
BRDA:183,25,0,0
BRDA:183,25,1,0
BRDA:184,26,0,0
BRDA:184,26,1,0
BRDA:184,27,0,0
BRDA:184,27,1,0
BRDA:187,28,0,0
BRDA:187,28,1,0
BRDA:188,29,0,0
BRDA:188,29,1,0
BRDA:188,29,2,0
BRDA:188,29,3,0
BRDA:188,29,4,0
BRDA:188,29,5,0
BRDA:188,29,6,0
BRDA:188,29,7,0
BRDA:188,29,8,0
BRDA:220,30,0,0
BRDA:220,30,1,0
BRDA:220,31,0,0
BRDA:220,31,1,0
BRDA:226,32,0,0
BRDA:226,32,1,0
BRDA:226,33,0,0
BRDA:226,33,1,0
BRDA:232,34,0,0
BRDA:232,34,1,0
BRDA:232,35,0,0
BRDA:232,35,1,0
BRDA:240,36,0,0
BRDA:240,36,1,0
BRDA:255,37,0,0
BRDA:255,37,1,0
BRDA:260,38,0,0
BRDA:260,38,1,0
BRDA:266,39,0,0
BRDA:266,39,1,0
BRDA:271,40,0,0
BRDA:271,40,1,0
BRDA:277,41,0,0
BRDA:277,41,1,0
BRDA:282,42,0,0
BRDA:282,42,1,0
BRDA:298,43,0,0
BRDA:298,43,1,0
BRDA:309,44,0,0
BRDA:309,44,1,0
BRDA:320,45,0,0
BRDA:320,45,1,0
BRF:99
BRH:0
end_of_record
TN:
SF:app\(tabs)\_layout.tsx
FN:12,TabLayout
FN:54,(anonymous_1)
FN:67,(anonymous_2)
FN:80,(anonymous_3)
FN:93,(anonymous_4)
FNF:5
FNH:0
FNDA:0,TabLayout
FNDA:0,(anonymous_1)
FNDA:0,(anonymous_2)
FNDA:0,(anonymous_3)
FNDA:0,(anonymous_4)
DA:10,0
DA:13,0
DA:15,0
DA:55,0
DA:68,0
DA:81,0
DA:94,0
LF:7
LH:0
BRDA:20,0,0,0
BRDA:20,0,1,0
BRDA:56,1,0,0
BRDA:56,1,1,0
BRDA:57,2,0,0
BRDA:57,2,1,0
BRDA:69,3,0,0
BRDA:69,3,1,0
BRDA:70,4,0,0
BRDA:70,4,1,0
BRDA:82,5,0,0
BRDA:82,5,1,0
BRDA:83,6,0,0
BRDA:83,6,1,0
BRDA:95,7,0,0
BRDA:95,7,1,0
BRDA:96,8,0,0
BRDA:96,8,1,0
BRF:18
BRH:0
end_of_record
TN:
SF:app\(tabs)\home.tsx
FN:25,HomeScreen
FN:47,(anonymous_1)
FN:58,(anonymous_2)
FN:78,(anonymous_3)
FN:80,(anonymous_4)
FN:106,(anonymous_5)
FN:113,(anonymous_6)
FN:117,(anonymous_7)
FN:119,(anonymous_8)
FN:135,(anonymous_9)
FN:136,(anonymous_10)
FN:142,(anonymous_11)
FN:149,(anonymous_12)
FN:155,(anonymous_13)
FN:165,(anonymous_14)
FN:166,(anonymous_15)
FN:169,(anonymous_16)
FN:170,(anonymous_17)
FN:174,(anonymous_18)
FN:180,(anonymous_19)
FN:185,(anonymous_20)
FN:189,(anonymous_21)
FN:193,(anonymous_22)
FN:197,(anonymous_23)
FN:205,(anonymous_24)
FN:206,(anonymous_25)
FN:218,(anonymous_26)
FN:227,(anonymous_27)
FN:230,(anonymous_28)
FN:230,(anonymous_29)
FN:244,(anonymous_30)
FN:252,(anonymous_31)
FN:254,(anonymous_32)
FN:258,(anonymous_33)
FN:265,(anonymous_34)
FN:296,(anonymous_35)
FN:299,(anonymous_36)
FN:311,(anonymous_37)
FN:334,(anonymous_38)
FN:337,(anonymous_39)
FN:347,(anonymous_40)
FNF:41
FNH:0
FNDA:0,HomeScreen
FNDA:0,(anonymous_1)
FNDA:0,(anonymous_2)
FNDA:0,(anonymous_3)
FNDA:0,(anonymous_4)
FNDA:0,(anonymous_5)
FNDA:0,(anonymous_6)
FNDA:0,(anonymous_7)
FNDA:0,(anonymous_8)
FNDA:0,(anonymous_9)
FNDA:0,(anonymous_10)
FNDA:0,(anonymous_11)
FNDA:0,(anonymous_12)
FNDA:0,(anonymous_13)
FNDA:0,(anonymous_14)
FNDA:0,(anonymous_15)
FNDA:0,(anonymous_16)
FNDA:0,(anonymous_17)
FNDA:0,(anonymous_18)
FNDA:0,(anonymous_19)
FNDA:0,(anonymous_20)
FNDA:0,(anonymous_21)
FNDA:0,(anonymous_22)
FNDA:0,(anonymous_23)
FNDA:0,(anonymous_24)
FNDA:0,(anonymous_25)
FNDA:0,(anonymous_26)
FNDA:0,(anonymous_27)
FNDA:0,(anonymous_28)
FNDA:0,(anonymous_29)
FNDA:0,(anonymous_30)
FNDA:0,(anonymous_31)
FNDA:0,(anonymous_32)
FNDA:0,(anonymous_33)
FNDA:0,(anonymous_34)
FNDA:0,(anonymous_35)
FNDA:0,(anonymous_36)
FNDA:0,(anonymous_37)
FNDA:0,(anonymous_38)
FNDA:0,(anonymous_39)
FNDA:0,(anonymous_40)
DA:26,0
DA:27,0
DA:28,0
DA:29,0
DA:30,0
DA:31,0
DA:32,0
DA:33,0
DA:34,0
DA:35,0
DA:36,0
DA:37,0
DA:38,0
DA:39,0
DA:40,0
DA:41,0
DA:42,0
DA:43,0
DA:44,0
DA:45,0
DA:47,0
DA:48,0
DA:49,0
DA:50,0
DA:51,0
DA:53,0
DA:55,0
DA:56,0
DA:58,0
DA:61,0
DA:63,0
DA:64,0
DA:65,0
DA:66,0
DA:70,0
DA:72,0
DA:73,0
DA:74,0
DA:78,0
DA:79,0
DA:80,0
DA:81,0
DA:82,0
DA:84,0
DA:90,0
DA:91,0
DA:92,0
DA:94,0
DA:99,0
DA:101,0
DA:106,0
DA:107,0
DA:108,0
DA:109,0
DA:110,0
DA:113,0
DA:114,0
DA:117,0
DA:118,0
DA:119,0
DA:120,0
DA:121,0
DA:122,0
DA:123,0
DA:126,0
DA:127,0
DA:129,0
DA:131,0
DA:133,0
DA:134,0
DA:135,0
DA:136,0
DA:137,0
DA:138,0
DA:139,0
DA:142,0
DA:149,0
DA:150,0
DA:151,0
DA:152,0
DA:155,0
DA:156,0
DA:157,0
DA:158,0
DA:159,0
DA:160,0
DA:164,0
DA:165,0
DA:166,0
DA:168,0
DA:169,0
DA:170,0
DA:172,0
DA:174,0
DA:175,0
DA:176,0
DA:177,0
DA:180,0
DA:181,0
DA:182,0
DA:185,0
DA:186,0
DA:189,0
DA:190,0
DA:193,0
DA:194,0
DA:197,0
DA:198,0
DA:199,0
DA:200,0
DA:204,0
DA:205,0
DA:206,0
DA:208,0
DA:209,0
DA:210,0
DA:211,0
DA:213,0
DA:214,0
DA:218,0
DA:219,0
DA:228,0
DA:229,0
DA:230,0
DA:231,0
DA:232,0
DA:233,0
DA:235,0
DA:236,0
DA:244,0
DA:245,0
DA:246,0
DA:252,0
DA:253,0
DA:254,0
DA:255,0
DA:258,0
DA:259,0
DA:260,0
DA:261,0
DA:262,0
DA:265,0
DA:266,0
DA:267,0
DA:270,0
DA:296,0
DA:299,0
DA:311,0
DA:334,0
DA:337,0
DA:347,0
LF:151
LH:0
BRDA:47,0,0,0
BRDA:47,1,0,0
BRDA:51,2,0,0
BRDA:51,2,1,0
BRDA:55,3,0,0
BRDA:55,3,1,0
BRDA:63,4,0,0
BRDA:63,4,1,0
BRDA:65,5,0,0
BRDA:65,5,1,0
BRDA:82,6,0,0
BRDA:82,6,1,0
BRDA:82,6,2,0
BRDA:82,6,3,0
BRDA:82,6,4,0
BRDA:85,7,0,0
BRDA:85,7,1,0
BRDA:85,7,2,0
BRDA:95,8,0,0
BRDA:95,8,1,0
BRDA:107,9,0,0
BRDA:107,9,1,0
BRDA:107,10,0,0
BRDA:107,10,1,0
BRDA:108,11,0,0
BRDA:108,11,1,0
BRDA:109,12,0,0
BRDA:109,12,1,0
BRDA:118,13,0,0
BRDA:118,13,1,0
BRDA:120,14,0,0
BRDA:120,14,1,0
BRDA:120,15,0,0
BRDA:120,15,1,0
BRDA:121,16,0,0
BRDA:121,16,1,0
BRDA:122,17,0,0
BRDA:122,17,1,0
BRDA:126,18,0,0
BRDA:126,18,1,0
BRDA:133,19,0,0
BRDA:133,19,1,0
BRDA:133,20,0,0
BRDA:133,20,1,0
BRDA:138,21,0,0
BRDA:138,21,1,0
BRDA:156,22,0,0
BRDA:156,22,1,0
BRDA:156,23,0,0
BRDA:156,23,1,0
BRDA:172,24,0,0
BRDA:172,24,1,0
BRDA:176,25,0,0
BRDA:176,25,1,0
BRDA:199,26,0,0
BRDA:199,26,1,0
BRDA:206,27,0,0
BRDA:206,27,1,0
BRDA:245,28,0,0
BRDA:245,28,1,0
BRDA:248,29,0,0
BRDA:248,29,1,0
BRDA:253,30,0,0
BRDA:253,30,1,0
BRDA:254,31,0,0
BRDA:254,31,1,0
BRDA:259,32,0,0
BRDA:259,32,1,0
BRDA:260,33,0,0
BRDA:260,33,1,0
BRDA:273,34,0,0
BRDA:273,34,1,0
BRDA:312,35,0,0
BRDA:312,35,1,0
BRF:74
BRH:0
end_of_record
TN:
SF:app\(tabs)\scan.tsx
FN:12,(anonymous_0)
FN:21,(anonymous_1)
FN:22,(anonymous_2)
FN:53,(anonymous_3)
FN:54,(anonymous_4)
FN:57,(anonymous_5)
FN:75,(anonymous_6)
FN:95,(anonymous_7)
FN:119,(anonymous_8)
FN:153,(anonymous_9)
FNF:10
FNH:0
FNDA:0,(anonymous_0)
FNDA:0,(anonymous_1)
FNDA:0,(anonymous_2)
FNDA:0,(anonymous_3)
FNDA:0,(anonymous_4)
FNDA:0,(anonymous_5)
FNDA:0,(anonymous_6)
FNDA:0,(anonymous_7)
FNDA:0,(anonymous_8)
FNDA:0,(anonymous_9)
DA:12,0
DA:13,0
DA:14,0
DA:15,0
DA:16,0
DA:17,0
DA:18,0
DA:19,0
DA:21,0
DA:22,0
DA:23,0
DA:24,0
DA:25,0
DA:27,0
DA:29,0
DA:32,0
DA:33,0
DA:36,0
DA:37,0
DA:45,0
DA:46,0
DA:53,0
DA:54,0
DA:57,0
DA:58,0
DA:59,0
DA:60,0
DA:61,0
DA:62,0
DA:63,0
DA:64,0
DA:65,0
DA:66,0
DA:67,0
DA:70,0
DA:72,0
DA:75,0
DA:76,0
DA:77,0
DA:78,0
DA:79,0
DA:80,0
DA:81,0
DA:82,0
DA:84,0
DA:87,0
DA:88,0
DA:90,0
DA:95,0
DA:96,0
DA:97,0
DA:102,0
DA:103,0
DA:104,0
DA:107,0
DA:108,0
DA:112,0
DA:120,0
DA:121,0
DA:154,0
DA:166,0
LF:61
LH:0
BRDA:24,0,0,0
BRDA:24,0,1,0
BRDA:32,1,0,0
BRDA:32,1,1,0
BRDA:36,2,0,0
BRDA:36,2,1,0
BRDA:45,3,0,0
BRDA:45,3,1,0
BRDA:54,4,0,0
BRDA:54,4,1,0
BRDA:60,5,0,0
BRDA:60,5,1,0
BRDA:61,6,0,0
BRDA:61,6,1,0
BRDA:63,7,0,0
BRDA:63,7,1,0
BRDA:65,8,0,0
BRDA:65,8,1,0
BRDA:67,9,0,0
BRDA:67,9,1,0
BRDA:76,10,0,0
BRDA:76,10,1,0
BRDA:80,11,0,0
BRDA:80,11,1,0
BRDA:102,12,0,0
BRDA:102,12,1,0
BRDA:102,13,0,0
BRDA:102,13,1,0
BRDA:114,14,0,0
BRDA:114,14,1,0
BRDA:146,15,0,0
BRDA:146,15,1,0
BRDA:147,16,0,0
BRDA:147,16,1,0
BRDA:147,16,2,0
BRF:35
BRH:0
end_of_record
TN:
SF:app\(tabs)\settings.tsx
FN:20,AddTransactionScreen
FN:53,(anonymous_1)
FN:54,(anonymous_2)
FN:71,(anonymous_3)
FN:77,(anonymous_4)
FN:103,(anonymous_5)
FN:126,(anonymous_6)
FN:130,(anonymous_7)
FN:136,(anonymous_8)
FN:142,(anonymous_9)
FN:143,(anonymous_10)
FN:150,(anonymous_11)
FN:154,(anonymous_12)
FN:162,(anonymous_13)
FN:180,(anonymous_14)
FN:217,(anonymous_15)
FN:239,(anonymous_16)
FN:243,(anonymous_17)
FN:264,(anonymous_18)
FN:268,(anonymous_19)
FN:286,(anonymous_20)
FN:339,(anonymous_21)
FN:344,(anonymous_22)
FN:358,(anonymous_23)
FN:369,(anonymous_24)
FN:379,(anonymous_25)
FNF:26
FNH:6
FNDA:7,AddTransactionScreen
FNDA:3,(anonymous_1)
FNDA:3,(anonymous_2)
FNDA:3,(anonymous_3)
FNDA:0,(anonymous_4)
FNDA:0,(anonymous_5)
FNDA:0,(anonymous_6)
FNDA:0,(anonymous_7)
FNDA:0,(anonymous_8)
FNDA:0,(anonymous_9)
FNDA:0,(anonymous_10)
FNDA:0,(anonymous_11)
FNDA:0,(anonymous_12)
FNDA:0,(anonymous_13)
FNDA:1,(anonymous_14)
FNDA:0,(anonymous_15)
FNDA:12,(anonymous_16)
FNDA:0,(anonymous_17)
FNDA:0,(anonymous_18)
FNDA:0,(anonymous_19)
FNDA:0,(anonymous_20)
FNDA:0,(anonymous_21)
FNDA:0,(anonymous_22)
FNDA:0,(anonymous_23)
FNDA:0,(anonymous_24)
FNDA:0,(anonymous_25)
DA:21,7
DA:22,6
DA:23,6
DA:24,6
DA:25,6
DA:26,6
DA:27,6
DA:28,6
DA:29,6
DA:31,6
DA:40,6
DA:48,6
DA:53,6
DA:54,3
DA:55,3
DA:56,3
DA:57,3
DA:58,3
DA:60,0
DA:63,0
DA:64,0
DA:67,3
DA:71,6
DA:72,3
DA:73,0
DA:77,6
DA:78,0
DA:80,0
DA:81,0
DA:84,0
DA:85,0
DA:88,0
DA:89,0
DA:90,0
DA:91,0
DA:92,0
DA:96,0
DA:97,0
DA:100,0
DA:101,0
DA:103,0
DA:104,0
DA:105,0
DA:108,0
DA:109,0
DA:112,0
DA:113,0
DA:117,0
DA:118,0
DA:122,0
DA:123,0
DA:126,6
DA:127,0
DA:130,6
DA:131,0
DA:132,0
DA:133,0
DA:136,6
DA:137,0
DA:138,0
DA:139,0
DA:142,6
DA:143,0
DA:144,0
DA:145,0
DA:146,0
DA:150,6
DA:151,0
DA:154,6
DA:155,0
DA:156,0
DA:157,0
DA:161,0
DA:162,0
DA:163,0
DA:164,0
DA:167,0
DA:168,0
DA:169,0
DA:170,0
DA:171,0
DA:172,0
DA:175,0
DA:176,0
DA:177,0
DA:180,6
DA:181,1
DA:182,1
DA:183,1
DA:186,0
DA:188,0
DA:189,0
DA:191,0
DA:200,0
DA:201,0
DA:204,0
DA:205,0
DA:206,0
DA:207,0
DA:208,0
DA:210,0
DA:211,0
DA:213,0
DA:217,6
DA:218,0
DA:219,0
DA:220,0
DA:221,0
DA:222,0
DA:223,0
DA:224,0
DA:227,6
DA:240,12
DA:244,0
DA:245,0
DA:246,0
DA:247,0
DA:248,0
DA:265,0
DA:268,0
DA:286,0
DA:340,0
DA:344,0
DA:358,0
DA:369,0
DA:379,0
DA:409,1
LF:127
LH:36
BRDA:57,0,0,3
BRDA:57,0,1,0
BRDA:72,1,0,0
BRDA:72,1,1,3
BRDA:72,2,0,3
BRDA:72,2,1,0
BRDA:80,3,0,0
BRDA:80,3,1,0
BRDA:84,4,0,0
BRDA:84,4,1,0
BRDA:88,5,0,0
BRDA:88,5,1,0
BRDA:89,6,0,0
BRDA:89,6,1,0
BRDA:91,7,0,0
BRDA:91,7,1,0
BRDA:91,8,0,0
BRDA:91,8,1,0
BRDA:96,9,0,0
BRDA:96,9,1,0
BRDA:96,10,0,0
BRDA:96,10,1,0
BRDA:100,11,0,0
BRDA:100,11,1,0
BRDA:100,12,0,0
BRDA:100,12,1,0
BRDA:104,13,0,0
BRDA:104,13,1,0
BRDA:108,14,0,0
BRDA:108,14,1,0
BRDA:108,15,0,0
BRDA:108,15,1,0
BRDA:108,15,2,0
BRDA:112,16,0,0
BRDA:112,16,1,0
BRDA:112,17,0,0
BRDA:112,17,1,0
BRDA:112,17,2,0
BRDA:117,18,0,0
BRDA:117,18,1,0
BRDA:144,19,0,0
BRDA:144,19,1,0
BRDA:145,20,0,0
BRDA:145,20,1,0
BRDA:155,21,0,0
BRDA:155,21,1,0
BRDA:161,22,0,0
BRDA:161,22,1,0
BRDA:162,23,0,0
BRDA:162,23,1,0
BRDA:167,24,0,0
BRDA:167,24,1,0
BRDA:170,25,0,0
BRDA:170,25,1,0
BRDA:181,26,0,1
BRDA:181,26,1,0
BRDA:181,27,0,1
BRDA:181,27,1,0
BRDA:181,27,2,0
BRDA:196,28,0,0
BRDA:196,28,1,0
BRDA:229,29,0,6
BRDA:229,29,1,0
BRDA:242,30,0,12
BRDA:242,30,1,0
BRDA:251,31,0,6
BRDA:251,31,1,6
BRDA:251,32,0,0
BRDA:251,32,1,12
BRDA:252,33,0,12
BRDA:252,33,1,0
BRDA:260,34,0,6
BRDA:260,34,1,0
BRDA:264,35,0,0
BRDA:264,35,1,0
BRDA:267,36,0,0
BRDA:267,36,1,0
BRDA:273,37,0,0
BRDA:273,37,1,0
BRDA:278,38,0,0
BRDA:278,38,1,0
BRDA:294,39,0,0
BRDA:294,39,1,0
BRDA:311,40,0,6
BRDA:311,40,1,0
BRDA:326,41,0,6
BRDA:326,41,1,0
BRDA:386,42,0,0
BRDA:386,42,1,0
BRDA:386,43,0,0
BRDA:386,43,1,0
BRDA:392,44,0,0
BRDA:392,44,1,0
BRF:93
BRH:14
end_of_record
TN:
SF:app\components\ChartSection.tsx
FN:14,(anonymous_0)
FN:15,(anonymous_1)
FN:16,(anonymous_2)
FN:39,(anonymous_3)
FN:45,(anonymous_4)
FN:46,(anonymous_5)
FN:47,(anonymous_6)
FN:49,(anonymous_7)
FN:51,(anonymous_8)
FN:82,(anonymous_9)
FN:100,(anonymous_10)
FN:101,(anonymous_11)
FN:114,(anonymous_12)
FN:127,(anonymous_13)
FN:137,(anonymous_14)
FN:138,(anonymous_15)
FN:162,(anonymous_16)
FN:218,(anonymous_17)
FN:269,(anonymous_18)
FN:299,(anonymous_19)
FN:302,(anonymous_20)
FNF:21
FNH:0
FNDA:0,(anonymous_0)
FNDA:0,(anonymous_1)
FNDA:0,(anonymous_2)
FNDA:0,(anonymous_3)
FNDA:0,(anonymous_4)
FNDA:0,(anonymous_5)
FNDA:0,(anonymous_6)
FNDA:0,(anonymous_7)
FNDA:0,(anonymous_8)
FNDA:0,(anonymous_9)
FNDA:0,(anonymous_10)
FNDA:0,(anonymous_11)
FNDA:0,(anonymous_12)
FNDA:0,(anonymous_13)
FNDA:0,(anonymous_14)
FNDA:0,(anonymous_15)
FNDA:0,(anonymous_16)
FNDA:0,(anonymous_17)
FNDA:0,(anonymous_18)
FNDA:0,(anonymous_19)
FNDA:0,(anonymous_20)
DA:14,0
DA:15,0
DA:16,0
DA:17,0
DA:18,0
DA:20,0
DA:22,0
DA:26,0
DA:27,0
DA:28,0
DA:30,0
DA:33,0
DA:35,0
DA:39,0
DA:40,0
DA:45,0
DA:46,0
DA:47,0
DA:48,0
DA:49,0
DA:51,0
DA:52,0
DA:53,0
DA:56,0
DA:82,0
DA:92,0
DA:100,0
DA:101,0
DA:102,0
DA:103,0
DA:104,0
DA:105,0
DA:106,0
DA:107,0
DA:111,0
DA:114,0
DA:115,0
DA:116,0
DA:118,0
DA:119,0
DA:121,0
DA:122,0
DA:124,0
DA:127,0
DA:132,0
DA:137,0
DA:138,0
DA:158,0
DA:159,0
DA:160,0
DA:162,0
DA:163,0
DA:166,0
DA:219,0
DA:270,0
DA:300,0
DA:302,0
LF:57
LH:0
BRDA:20,0,0,0
BRDA:20,0,1,0
BRDA:20,0,2,0
BRDA:20,0,3,0
BRDA:20,0,4,0
BRDA:22,1,0,0
BRDA:22,1,1,0
BRDA:22,1,2,0
BRDA:30,2,0,0
BRDA:30,2,1,0
BRDA:52,3,0,0
BRDA:52,3,1,0
BRDA:56,4,0,0
BRDA:56,4,1,0
BRDA:102,5,0,0
BRDA:102,5,1,0
BRDA:102,5,2,0
BRDA:102,5,3,0
BRDA:102,5,4,0
BRDA:115,6,0,0
BRDA:115,6,1,0
BRDA:118,7,0,0
BRDA:118,7,1,0
BRDA:121,8,0,0
BRDA:121,8,1,0
BRDA:137,9,0,0
BRDA:138,10,0,0
BRDA:193,11,0,0
BRDA:193,11,1,0
BRDA:244,12,0,0
BRDA:244,12,1,0
BRDA:303,13,0,0
BRDA:303,13,1,0
BRDA:307,14,0,0
BRDA:307,14,1,0
BRDA:309,15,0,0
BRDA:309,15,1,0
BRDA:310,16,0,0
BRDA:310,16,1,0
BRDA:311,17,0,0
BRDA:311,17,1,0
BRF:41
BRH:0
end_of_record
TN:
SF:app\components\Header.tsx
FN:17,(anonymous_0)
FNF:1
FNH:0
FNDA:0,(anonymous_0)
DA:17,0
DA:27,0
LF:2
LH:0
BRDA:45,0,0,0
BRDA:45,0,1,0
BRDA:51,1,0,0
BRDA:51,1,1,0
BRDA:56,2,0,0
BRDA:56,2,1,0
BRF:6
BRH:0
end_of_record
TN:
SF:app\components\TransactionList.tsx
FN:19,(anonymous_0)
FN:31,(anonymous_1)
FN:54,(anonymous_2)
FN:56,(anonymous_3)
FN:81,(anonymous_4)
FN:91,(anonymous_5)
FN:95,(anonymous_6)
FNF:7
FNH:0
FNDA:0,(anonymous_0)
FNDA:0,(anonymous_1)
FNDA:0,(anonymous_2)
FNDA:0,(anonymous_3)
FNDA:0,(anonymous_4)
FNDA:0,(anonymous_5)
FNDA:0,(anonymous_6)
DA:19,0
DA:31,0
DA:32,0
DA:33,0
DA:35,0
DA:37,0
DA:41,0
DA:42,0
DA:43,0
DA:45,0
DA:48,0
DA:50,0
DA:54,0
DA:56,0
DA:57,0
DA:58,0
DA:60,0
DA:61,0
DA:63,0
DA:64,0
DA:66,0
DA:69,0
DA:70,0
DA:77,0
DA:82,0
DA:83,0
DA:85,0
DA:86,0
DA:92,0
DA:95,0
LF:30
LH:0
BRDA:35,0,0,0
BRDA:35,0,1,0
BRDA:35,0,2,0
BRDA:35,0,3,0
BRDA:35,0,4,0
BRDA:37,1,0,0
BRDA:37,1,1,0
BRDA:37,1,2,0
BRDA:45,2,0,0
BRDA:45,2,1,0
BRDA:57,3,0,0
BRDA:57,3,1,0
BRDA:60,4,0,0
BRDA:60,4,1,0
BRDA:63,5,0,0
BRDA:63,5,1,0
BRDA:69,6,0,0
BRDA:69,6,1,0
BRDA:85,7,0,0
BRDA:85,7,1,0
BRDA:85,8,0,0
BRDA:85,8,1,0
BRDA:85,8,2,0
BRDA:106,9,0,0
BRDA:106,9,1,0
BRDA:109,10,0,0
BRDA:109,10,1,0
BRF:27
BRH:0
end_of_record
TN:
SF:app\components\TransactionModal.tsx
FN:22,(anonymous_0)
FN:40,(anonymous_1)
FN:86,(anonymous_2)
FN:89,(anonymous_3)
FN:101,(anonymous_4)
FN:107,(anonymous_5)
FN:118,(anonymous_6)
FN:139,(anonymous_7)
FN:160,(anonymous_8)
FN:199,(anonymous_9)
FN:218,(anonymous_10)
FN:225,(anonymous_11)
FN:237,(anonymous_12)
FN:250,(anonymous_13)
FN:257,(anonymous_14)
FN:272,(anonymous_15)
FN:305,(anonymous_16)
FNF:17
FNH:0
FNDA:0,(anonymous_0)
FNDA:0,(anonymous_1)
FNDA:0,(anonymous_2)
FNDA:0,(anonymous_3)
FNDA:0,(anonymous_4)
FNDA:0,(anonymous_5)
FNDA:0,(anonymous_6)
FNDA:0,(anonymous_7)
FNDA:0,(anonymous_8)
FNDA:0,(anonymous_9)
FNDA:0,(anonymous_10)
FNDA:0,(anonymous_11)
FNDA:0,(anonymous_12)
FNDA:0,(anonymous_13)
FNDA:0,(anonymous_14)
FNDA:0,(anonymous_15)
FNDA:0,(anonymous_16)
DA:22,0
DA:36,0
DA:38,0
DA:40,0
DA:41,0
DA:42,0
DA:44,0
DA:45,0
DA:46,0
DA:47,0
DA:49,0
DA:53,0
DA:54,0
DA:55,0
DA:56,0
DA:57,0
DA:58,0
DA:59,0
DA:60,0
DA:61,0
DA:62,0
DA:63,0
DA:65,0
DA:69,0
DA:70,0
DA:71,0
DA:72,0
DA:73,0
DA:74,0
DA:75,0
DA:76,0
DA:78,0
DA:82,0
DA:83,0
DA:86,0
DA:87,0
DA:88,0
DA:89,0
DA:90,0
DA:94,0
DA:101,0
DA:102,0
DA:103,0
DA:107,0
DA:109,0
DA:112,0
DA:113,0
DA:117,0
DA:118,0
DA:119,0
DA:120,0
DA:122,0
DA:123,0
DA:125,0
DA:126,0
DA:131,0
DA:132,0
DA:133,0
DA:136,0
DA:139,0
DA:140,0
DA:141,0
DA:142,0
DA:143,0
DA:145,0
DA:146,0
DA:147,0
DA:148,0
DA:149,0
DA:151,0
DA:152,0
DA:153,0
DA:154,0
DA:155,0
DA:160,0
DA:161,0
DA:162,0
DA:163,0
DA:170,0
DA:200,0
DA:219,0
DA:225,0
DA:238,0
DA:250,0
DA:257,0
DA:273,0
DA:305,0
LF:87
LH:0
BRDA:36,0,0,0
BRDA:36,0,1,0
BRDA:36,1,0,0
BRDA:36,1,1,0
BRDA:44,2,0,0
BRDA:44,2,1,0
BRDA:45,3,0,0
BRDA:45,3,1,0
BRDA:45,4,0,0
BRDA:45,4,1,0
BRDA:53,5,0,0
BRDA:53,5,1,0
BRDA:53,6,0,0
BRDA:53,6,1,0
BRDA:54,7,0,0
BRDA:54,7,1,0
BRDA:55,8,0,0
BRDA:55,8,1,0
BRDA:58,9,0,0
BRDA:58,9,1,0
BRDA:61,10,0,0
BRDA:61,10,1,0
BRDA:69,11,0,0
BRDA:69,11,1,0
BRDA:70,12,0,0
BRDA:70,12,1,0
BRDA:71,13,0,0
BRDA:71,13,1,0
BRDA:74,14,0,0
BRDA:74,14,1,0
BRDA:88,15,0,0
BRDA:88,15,1,0
BRDA:88,16,0,0
BRDA:88,16,1,0
BRDA:102,17,0,0
BRDA:102,17,1,0
BRDA:102,18,0,0
BRDA:102,18,1,0
BRDA:112,19,0,0
BRDA:112,19,1,0
BRDA:117,20,0,0
BRDA:117,20,1,0
BRDA:119,21,0,0
BRDA:119,21,1,0
BRDA:122,22,0,0
BRDA:122,22,1,0
BRDA:125,23,0,0
BRDA:125,23,1,0
BRDA:131,24,0,0
BRDA:131,24,1,0
BRDA:141,25,0,0
BRDA:141,25,1,0
BRDA:142,26,0,0
BRDA:142,26,1,0
BRDA:145,27,0,0
BRDA:145,27,1,0
BRDA:146,28,0,0
BRDA:146,28,1,0
BRDA:146,29,0,0
BRDA:146,29,1,0
BRDA:147,30,0,0
BRDA:147,30,1,0
BRDA:151,31,0,0
BRDA:151,31,1,0
BRDA:152,32,0,0
BRDA:152,32,1,0
BRDA:152,33,0,0
BRDA:152,33,1,0
BRDA:153,34,0,0
BRDA:153,34,1,0
BRDA:161,35,0,0
BRDA:161,35,1,0
BRDA:162,36,0,0
BRDA:162,36,1,0
BRDA:180,37,0,0
BRDA:180,37,1,0
BRDA:183,38,0,0
BRDA:183,38,1,0
BRDA:208,39,0,0
BRDA:208,39,1,0
BRDA:215,40,0,0
BRDA:215,40,1,0
BRDA:223,41,0,0
BRDA:223,41,1,0
BRDA:229,42,0,0
BRDA:229,42,1,0
BRDA:234,43,0,0
BRDA:234,43,1,0
BRDA:242,44,0,0
BRDA:242,44,1,0
BRDA:247,45,0,0
BRDA:247,45,1,0
BRDA:254,46,0,0
BRDA:254,46,1,0
BRDA:271,47,0,0
BRDA:271,47,1,0
BRDA:271,48,0,0
BRDA:271,48,1,0
BRDA:290,49,0,0
BRDA:290,49,1,0
BRF:100
BRH:0
end_of_record
TN:
SF:app\pages\login.tsx
FN:9,(anonymous_0)
FN:15,(anonymous_1)
FNF:2
FNH:2
FNDA:16,(anonymous_0)
FNDA:4,(anonymous_1)
DA:9,1
DA:10,16
DA:11,16
DA:12,16
DA:13,16
DA:15,16
DA:16,4
DA:17,4
DA:19,4
DA:24,1
DA:26,0
DA:29,0
DA:30,0
DA:31,0
DA:34,0
DA:36,4
DA:37,4
DA:41,16
DA:68,1
LF:19
LH:14
BRDA:36,0,0,3
BRDA:36,0,1,1
BRDA:37,1,0,4
BRDA:37,1,1,1
BRDA:57,2,0,16
BRDA:57,2,1,4
BRF:6
BRH:6
end_of_record
TN:
SF:app\pages\register.tsx
FN:7,(anonymous_0)
FN:14,(anonymous_1)
FNF:2
FNH:2
FNDA:25,(anonymous_0)
FNDA:5,(anonymous_1)
DA:7,1
DA:8,25
DA:9,25
DA:10,25
DA:11,25
DA:12,25
DA:14,25
DA:15,5
DA:16,5
DA:21,0
DA:22,0
DA:23,0
DA:25,0
DA:28,5
DA:29,5
DA:33,25
DA:65,1
LF:17
LH:13
BRDA:22,0,0,0
BRDA:22,0,1,0
BRDA:22,1,0,0
BRDA:22,1,1,0
BRDA:55,2,0,25
BRDA:55,2,1,5
BRDA:56,3,0,25
BRDA:56,3,1,0
BRF:8
BRH:3
end_of_record
TN:
SF:app\screen\screen1.tsx
FN:15,(anonymous_0)
FN:18,(anonymous_1)
FNF:2
FNH:2
FNDA:5,(anonymous_0)
FNDA:5,(anonymous_1)
DA:13,1
DA:15,1
DA:16,5
DA:18,5
DA:19,5
DA:26,5
LF:6
LH:6
BRF:0
BRH:0
end_of_record
TN:
SF:app\screen\screen2.tsx
FN:14,(anonymous_0)
FN:17,(anonymous_1)
FNF:2
FNH:2
FNDA:5,(anonymous_0)
FNDA:4,(anonymous_1)
DA:12,1
DA:14,1
DA:15,5
DA:17,4
DA:18,4
DA:25,4
LF:6
LH:6
BRF:0
BRH:0
end_of_record
TN:
SF:app\styles\index.ts
FNF:0
FNH:0
DA:3,0
LF:1
LH:0
BRF:0
BRH:0
end_of_record
TN:
SF:app\types\index.ts
FNF:0
FNH:0
LF:0
LH:0
BRF:0
BRH:0
end_of_record
TN:
SF:constants\Colors.ts
FNF:0
FNH:0
DA:6,0
DA:7,0
DA:9,0
LF:3
LH:0
BRF:0
BRH:0
end_of_record
TN:
SF:constants\icons.ts
FNF:0
FNH:0
DA:1,0
LF:1
LH:0
BRF:0
BRH:0
end_of_record
TN:
SF:constants\images.ts
FNF:0
FNH:0
LF:0
LH:0
BRF:0
BRH:0
end_of_record
TN:
SF:hooks\useColorScheme.ts
FNF:0
FNH:0
LF:0
LH:0
BRF:0
BRH:0
end_of_record
TN:
SF:hooks\useColorScheme.web.ts
FN:7,useColorScheme
FN:10,(anonymous_1)
FNF:2
FNH:0
FNDA:0,useColorScheme
FNDA:0,(anonymous_1)
DA:8,0
DA:10,0
DA:11,0
DA:14,0
DA:16,0
DA:17,0
DA:20,0
LF:7
LH:0
BRDA:16,0,0,0
BRDA:16,0,1,0
BRF:2
BRH:0
end_of_record
TN:
SF:hooks\useThemeColor.ts
FN:9,useThemeColor
FNF:1
FNH:0
FNDA:0,useThemeColor
DA:13,0
DA:14,0
DA:16,0
DA:17,0
DA:19,0
LF:5
LH:0
BRDA:13,0,0,0
BRDA:13,0,1,0
BRDA:16,1,0,0
BRDA:16,1,1,0
BRF:4
BRH:0
end_of_record
TN:
SF:schema\authen.tsx
FN:5,(anonymous_0)
FN:29,(anonymous_1)
FN:41,(anonymous_2)
FNF:3
FNH:0
FNDA:0,(anonymous_0)
FNDA:0,(anonymous_1)
FNDA:0,(anonymous_2)
DA:5,1
DA:6,0
DA:8,0
DA:10,0
DA:11,0
DA:14,0
DA:17,0
DA:18,0
DA:20,0
DA:21,0
DA:23,0
DA:24,0
DA:29,1
DA:30,0
DA:31,0
DA:32,0
DA:33,0
DA:35,0
DA:36,0
DA:41,1
DA:42,0
DA:43,0
DA:44,0
DA:45,0
DA:47,0
LF:25
LH:3
BRDA:10,0,0,0
BRDA:10,0,1,0
BRF:2
BRH:0
end_of_record
TN:
SF:schema\uploadPhoto.tsx
FN:17,(anonymous_0)
FNF:1
FNH:0
FNDA:0,(anonymous_0)
DA:17,0
DA:18,0
DA:19,0
DA:22,0
DA:23,0
DA:29,0
DA:31,0
DA:40,0
DA:41,0
DA:42,0
DA:45,0
DA:46,0
DA:47,0
DA:49,0
DA:50,0
DA:51,0
LF:16
LH:0
BRDA:22,0,0,0
BRDA:22,0,1,0
BRDA:40,1,0,0
BRDA:40,1,1,0
BRF:4
BRH:0
end_of_record
